Working directory: /Utilisateurs/pchau/workspace/confidence-aware
Env 'cafe' already exists, skipping creation
Looking in indexes: https://download.pytorch.org/whl/cu124
Requirement already satisfied: torch in /Utilisateurs/pchau/.conda/envs/cafe/lib/python3.11/site-packages (2.6.0+cu124)
Requirement already satisfied: filelock in /Utilisateurs/pchau/.conda/envs/cafe/lib/python3.11/site-packages (from torch) (3.29.0)
Requirement already satisfied: typing-extensions>=4.10.0 in /Utilisateurs/pchau/.conda/envs/cafe/lib/python3.11/site-packages (from torch) (4.15.0)
Requirement already satisfied: networkx in /Utilisateurs/pchau/.conda/envs/cafe/lib/python3.11/site-packages (from torch) (3.6.1)
Requirement already satisfied: jinja2 in /Utilisateurs/pchau/.conda/envs/cafe/lib/python3.11/site-packages (from torch) (3.1.6)
Requirement already satisfied: fsspec in /Utilisateurs/pchau/.conda/envs/cafe/lib/python3.11/site-packages (from torch) (2026.4.0)
Requirement already satisfied: nvidia-cuda-nvrtc-cu12==12.4.127 in /Utilisateurs/pchau/.conda/envs/cafe/lib/python3.11/site-packages (from torch) (12.4.127)
Requirement already satisfied: nvidia-cuda-runtime-cu12==12.4.127 in /Utilisateurs/pchau/.conda/envs/cafe/lib/python3.11/site-packages (from torch) (12.4.127)
Requirement already satisfied: nvidia-cuda-cupti-cu12==12.4.127 in /Utilisateurs/pchau/.conda/envs/cafe/lib/python3.11/site-packages (from torch) (12.4.127)
Requirement already satisfied: nvidia-cudnn-cu12==9.1.0.70 in /Utilisateurs/pchau/.conda/envs/cafe/lib/python3.11/site-packages (from torch) (9.1.0.70)
Requirement already satisfied: nvidia-cublas-cu12==12.4.5.8 in /Utilisateurs/pchau/.conda/envs/cafe/lib/python3.11/site-packages (from torch) (12.4.5.8)
Requirement already satisfied: nvidia-cufft-cu12==11.2.1.3 in /Utilisateurs/pchau/.conda/envs/cafe/lib/python3.11/site-packages (from torch) (11.2.1.3)
Requirement already satisfied: nvidia-curand-cu12==10.3.5.147 in /Utilisateurs/pchau/.conda/envs/cafe/lib/python3.11/site-packages (from torch) (10.3.5.147)
Requirement already satisfied: nvidia-cusolver-cu12==11.6.1.9 in /Utilisateurs/pchau/.conda/envs/cafe/lib/python3.11/site-packages (from torch) (11.6.1.9)
Requirement already satisfied: nvidia-cusparse-cu12==12.3.1.170 in /Utilisateurs/pchau/.conda/envs/cafe/lib/python3.11/site-packages (from torch) (12.3.1.170)
Requirement already satisfied: nvidia-cusparselt-cu12==0.6.2 in /Utilisateurs/pchau/.conda/envs/cafe/lib/python3.11/site-packages (from torch) (0.6.2)
Requirement already satisfied: nvidia-nccl-cu12==2.21.5 in /Utilisateurs/pchau/.conda/envs/cafe/lib/python3.11/site-packages (from torch) (2.21.5)
Requirement already satisfied: nvidia-nvtx-cu12==12.4.127 in /Utilisateurs/pchau/.conda/envs/cafe/lib/python3.11/site-packages (from torch) (12.4.127)
Requirement already satisfied: nvidia-nvjitlink-cu12==12.4.127 in /Utilisateurs/pchau/.conda/envs/cafe/lib/python3.11/site-packages (from torch) (12.4.127)
Requirement already satisfied: triton==3.2.0 in /Utilisateurs/pchau/.conda/envs/cafe/lib/python3.11/site-packages (from torch) (3.2.0)
Requirement already satisfied: sympy==1.13.1 in /Utilisateurs/pchau/.conda/envs/cafe/lib/python3.11/site-packages (from torch) (1.13.1)
Requirement already satisfied: mpmath<1.4,>=1.1.0 in /Utilisateurs/pchau/.conda/envs/cafe/lib/python3.11/site-packages (from sympy==1.13.1->torch) (1.3.0)
Requirement already satisfied: MarkupSafe>=2.0 in /Utilisateurs/pchau/.conda/envs/cafe/lib/python3.11/site-packages (from jinja2->torch) (3.0.3)
Requirement already satisfied: gliner2>=1.3.2 in /Utilisateurs/pchau/.conda/envs/cafe/lib/python3.11/site-packages (from gliner2[local]>=1.3.2->-r src/requirements.txt (line 1)) (1.3.2)
Requirement already satisfied: pandas>=3.0.3 in /Utilisateurs/pchau/.conda/envs/cafe/lib/python3.11/site-packages (from -r src/requirements.txt (line 2)) (3.0.3)
Requirement already satisfied: requests>=2.34.2 in /Utilisateurs/pchau/.conda/envs/cafe/lib/python3.11/site-packages (from -r src/requirements.txt (line 3)) (2.34.2)
Requirement already satisfied: tqdm>=4.66 in /Utilisateurs/pchau/.conda/envs/cafe/lib/python3.11/site-packages (from -r src/requirements.txt (line 4)) (4.68.4)
Requirement already satisfied: cython in /Utilisateurs/pchau/.conda/envs/cafe/lib/python3.11/site-packages (from -r src/requirements.txt (line 5)) (3.2.8)
Requirement already satisfied: pybloomfiltermmap3 in /Utilisateurs/pchau/.conda/envs/cafe/lib/python3.11/site-packages (from -r src/requirements.txt (line 6)) (0.6.3)
Requirement already satisfied: huggingface_hub in /Utilisateurs/pchau/.conda/envs/cafe/lib/python3.11/site-packages (from -r src/requirements.txt (line 7)) (1.22.0)
Requirement already satisfied: captum in /Utilisateurs/pchau/.conda/envs/cafe/lib/python3.11/site-packages (from -r src/requirements.txt (line 8)) (0.9.0)
Requirement already satisfied: scikit-learn in /Utilisateurs/pchau/.conda/envs/cafe/lib/python3.11/site-packages (from -r src/requirements.txt (line 9)) (1.9.0)
Requirement already satisfied: peft in /Utilisateurs/pchau/.conda/envs/cafe/lib/python3.11/site-packages (from gliner2>=1.3.2->gliner2[local]>=1.3.2->-r src/requirements.txt (line 1)) (0.19.1)
Requirement already satisfied: pydantic>=2.0.0 in /Utilisateurs/pchau/.conda/envs/cafe/lib/python3.11/site-packages (from gliner2>=1.3.2->gliner2[local]>=1.3.2->-r src/requirements.txt (line 1)) (2.13.4)
Requirement already satisfied: urllib3>=1.26 in /Utilisateurs/pchau/.conda/envs/cafe/lib/python3.11/site-packages (from gliner2>=1.3.2->gliner2[local]>=1.3.2->-r src/requirements.txt (line 1)) (2.7.0)
Requirement already satisfied: numpy>=1.26.0 in /Utilisateurs/pchau/.conda/envs/cafe/lib/python3.11/site-packages (from pandas>=3.0.3->-r src/requirements.txt (line 2)) (2.4.6)
Requirement already satisfied: python-dateutil>=2.8.2 in /Utilisateurs/pchau/.conda/envs/cafe/lib/python3.11/site-packages (from pandas>=3.0.3->-r src/requirements.txt (line 2)) (2.9.0.post0)
Requirement already satisfied: charset_normalizer<4,>=2 in /Utilisateurs/pchau/.conda/envs/cafe/lib/python3.11/site-packages (from requests>=2.34.2->-r src/requirements.txt (line 3)) (3.4.9)
Requirement already satisfied: idna<4,>=2.5 in /Utilisateurs/pchau/.conda/envs/cafe/lib/python3.11/site-packages (from requests>=2.34.2->-r src/requirements.txt (line 3)) (3.18)
Requirement already satisfied: certifi>=2023.5.7 in /Utilisateurs/pchau/.conda/envs/cafe/lib/python3.11/site-packages (from requests>=2.34.2->-r src/requirements.txt (line 3)) (2026.6.17)
Requirement already satisfied: click<9.0.0,>=8.4.2 in /Utilisateurs/pchau/.conda/envs/cafe/lib/python3.11/site-packages (from huggingface_hub->-r src/requirements.txt (line 7)) (8.4.2)
Requirement already satisfied: filelock>=3.10.0 in /Utilisateurs/pchau/.conda/envs/cafe/lib/python3.11/site-packages (from huggingface_hub->-r src/requirements.txt (line 7)) (3.29.0)
Requirement already satisfied: fsspec>=2023.5.0 in /Utilisateurs/pchau/.conda/envs/cafe/lib/python3.11/site-packages (from huggingface_hub->-r src/requirements.txt (line 7)) (2026.4.0)
Requirement already satisfied: hf-xet<2.0.0,>=1.5.1 in /Utilisateurs/pchau/.conda/envs/cafe/lib/python3.11/site-packages (from huggingface_hub->-r src/requirements.txt (line 7)) (1.5.1)
Requirement already satisfied: httpx<1,>=0.23.0 in /Utilisateurs/pchau/.conda/envs/cafe/lib/python3.11/site-packages (from huggingface_hub->-r src/requirements.txt (line 7)) (0.28.1)
Requirement already satisfied: packaging>=20.9 in /Utilisateurs/pchau/.conda/envs/cafe/lib/python3.11/site-packages (from huggingface_hub->-r src/requirements.txt (line 7)) (26.0)
Requirement already satisfied: pyyaml>=5.1 in /Utilisateurs/pchau/.conda/envs/cafe/lib/python3.11/site-packages (from huggingface_hub->-r src/requirements.txt (line 7)) (6.0.3)
Requirement already satisfied: typing-extensions>=4.1.0 in /Utilisateurs/pchau/.conda/envs/cafe/lib/python3.11/site-packages (from huggingface_hub->-r src/requirements.txt (line 7)) (4.15.0)
Requirement already satisfied: anyio in /Utilisateurs/pchau/.conda/envs/cafe/lib/python3.11/site-packages (from httpx<1,>=0.23.0->huggingface_hub->-r src/requirements.txt (line 7)) (4.14.1)
Requirement already satisfied: httpcore==1.* in /Utilisateurs/pchau/.conda/envs/cafe/lib/python3.11/site-packages (from httpx<1,>=0.23.0->huggingface_hub->-r src/requirements.txt (line 7)) (1.0.9)
Requirement already satisfied: h11>=0.16 in /Utilisateurs/pchau/.conda/envs/cafe/lib/python3.11/site-packages (from httpcore==1.*->httpx<1,>=0.23.0->huggingface_hub->-r src/requirements.txt (line 7)) (0.16.0)
Requirement already satisfied: matplotlib in /Utilisateurs/pchau/.conda/envs/cafe/lib/python3.11/site-packages (from captum->-r src/requirements.txt (line 8)) (3.11.0)
Requirement already satisfied: torch>=2.3 in /Utilisateurs/pchau/.conda/envs/cafe/lib/python3.11/site-packages (from captum->-r src/requirements.txt (line 8)) (2.6.0+cu124)
Requirement already satisfied: scipy>=1.10.0 in /Utilisateurs/pchau/.conda/envs/cafe/lib/python3.11/site-packages (from scikit-learn->-r src/requirements.txt (line 9)) (1.17.1)
Requirement already satisfied: joblib>=1.4.0 in /Utilisateurs/pchau/.conda/envs/cafe/lib/python3.11/site-packages (from scikit-learn->-r src/requirements.txt (line 9)) (1.5.3)
Requirement already satisfied: narwhals>=2.0.1 in /Utilisateurs/pchau/.conda/envs/cafe/lib/python3.11/site-packages (from scikit-learn->-r src/requirements.txt (line 9)) (2.23.0)
Requirement already satisfied: threadpoolctl>=3.5.0 in /Utilisateurs/pchau/.conda/envs/cafe/lib/python3.11/site-packages (from scikit-learn->-r src/requirements.txt (line 9)) (3.6.0)
Requirement already satisfied: transformers in /Utilisateurs/pchau/.conda/envs/cafe/lib/python3.11/site-packages (from gliner2[local]>=1.3.2->-r src/requirements.txt (line 1)) (5.13.0)
Requirement already satisfied: annotated-types>=0.6.0 in /Utilisateurs/pchau/.conda/envs/cafe/lib/python3.11/site-packages (from pydantic>=2.0.0->gliner2>=1.3.2->gliner2[local]>=1.3.2->-r src/requirements.txt (line 1)) (0.7.0)
Requirement already satisfied: pydantic-core==2.46.4 in /Utilisateurs/pchau/.conda/envs/cafe/lib/python3.11/site-packages (from pydantic>=2.0.0->gliner2>=1.3.2->gliner2[local]>=1.3.2->-r src/requirements.txt (line 1)) (2.46.4)
Requirement already satisfied: typing-inspection>=0.4.2 in /Utilisateurs/pchau/.conda/envs/cafe/lib/python3.11/site-packages (from pydantic>=2.0.0->gliner2>=1.3.2->gliner2[local]>=1.3.2->-r src/requirements.txt (line 1)) (0.4.2)
Requirement already satisfied: six>=1.5 in /Utilisateurs/pchau/.conda/envs/cafe/lib/python3.11/site-packages (from python-dateutil>=2.8.2->pandas>=3.0.3->-r src/requirements.txt (line 2)) (1.17.0)
Requirement already satisfied: networkx in /Utilisateurs/pchau/.conda/envs/cafe/lib/python3.11/site-packages (from torch>=2.3->captum->-r src/requirements.txt (line 8)) (3.6.1)
Requirement already satisfied: jinja2 in /Utilisateurs/pchau/.conda/envs/cafe/lib/python3.11/site-packages (from torch>=2.3->captum->-r src/requirements.txt (line 8)) (3.1.6)
Requirement already satisfied: nvidia-cuda-nvrtc-cu12==12.4.127 in /Utilisateurs/pchau/.conda/envs/cafe/lib/python3.11/site-packages (from torch>=2.3->captum->-r src/requirements.txt (line 8)) (12.4.127)
Requirement already satisfied: nvidia-cuda-runtime-cu12==12.4.127 in /Utilisateurs/pchau/.conda/envs/cafe/lib/python3.11/site-packages (from torch>=2.3->captum->-r src/requirements.txt (line 8)) (12.4.127)
Requirement already satisfied: nvidia-cuda-cupti-cu12==12.4.127 in /Utilisateurs/pchau/.conda/envs/cafe/lib/python3.11/site-packages (from torch>=2.3->captum->-r src/requirements.txt (line 8)) (12.4.127)
Requirement already satisfied: nvidia-cudnn-cu12==9.1.0.70 in /Utilisateurs/pchau/.conda/envs/cafe/lib/python3.11/site-packages (from torch>=2.3->captum->-r src/requirements.txt (line 8)) (9.1.0.70)
Requirement already satisfied: nvidia-cublas-cu12==12.4.5.8 in /Utilisateurs/pchau/.conda/envs/cafe/lib/python3.11/site-packages (from torch>=2.3->captum->-r src/requirements.txt (line 8)) (12.4.5.8)
Requirement already satisfied: nvidia-cufft-cu12==11.2.1.3 in /Utilisateurs/pchau/.conda/envs/cafe/lib/python3.11/site-packages (from torch>=2.3->captum->-r src/requirements.txt (line 8)) (11.2.1.3)
Requirement already satisfied: nvidia-curand-cu12==10.3.5.147 in /Utilisateurs/pchau/.conda/envs/cafe/lib/python3.11/site-packages (from torch>=2.3->captum->-r src/requirements.txt (line 8)) (10.3.5.147)
Requirement already satisfied: nvidia-cusolver-cu12==11.6.1.9 in /Utilisateurs/pchau/.conda/envs/cafe/lib/python3.11/site-packages (from torch>=2.3->captum->-r src/requirements.txt (line 8)) (11.6.1.9)
Requirement already satisfied: nvidia-cusparse-cu12==12.3.1.170 in /Utilisateurs/pchau/.conda/envs/cafe/lib/python3.11/site-packages (from torch>=2.3->captum->-r src/requirements.txt (line 8)) (12.3.1.170)
Requirement already satisfied: nvidia-cusparselt-cu12==0.6.2 in /Utilisateurs/pchau/.conda/envs/cafe/lib/python3.11/site-packages (from torch>=2.3->captum->-r src/requirements.txt (line 8)) (0.6.2)
Requirement already satisfied: nvidia-nccl-cu12==2.21.5 in /Utilisateurs/pchau/.conda/envs/cafe/lib/python3.11/site-packages (from torch>=2.3->captum->-r src/requirements.txt (line 8)) (2.21.5)
Requirement already satisfied: nvidia-nvtx-cu12==12.4.127 in /Utilisateurs/pchau/.conda/envs/cafe/lib/python3.11/site-packages (from torch>=2.3->captum->-r src/requirements.txt (line 8)) (12.4.127)
Requirement already satisfied: nvidia-nvjitlink-cu12==12.4.127 in /Utilisateurs/pchau/.conda/envs/cafe/lib/python3.11/site-packages (from torch>=2.3->captum->-r src/requirements.txt (line 8)) (12.4.127)
Requirement already satisfied: triton==3.2.0 in /Utilisateurs/pchau/.conda/envs/cafe/lib/python3.11/site-packages (from torch>=2.3->captum->-r src/requirements.txt (line 8)) (3.2.0)
Requirement already satisfied: sympy==1.13.1 in /Utilisateurs/pchau/.conda/envs/cafe/lib/python3.11/site-packages (from torch>=2.3->captum->-r src/requirements.txt (line 8)) (1.13.1)
Requirement already satisfied: mpmath<1.4,>=1.1.0 in /Utilisateurs/pchau/.conda/envs/cafe/lib/python3.11/site-packages (from sympy==1.13.1->torch>=2.3->captum->-r src/requirements.txt (line 8)) (1.3.0)
Requirement already satisfied: MarkupSafe>=2.0 in /Utilisateurs/pchau/.conda/envs/cafe/lib/python3.11/site-packages (from jinja2->torch>=2.3->captum->-r src/requirements.txt (line 8)) (3.0.3)
Requirement already satisfied: contourpy>=1.0.1 in /Utilisateurs/pchau/.conda/envs/cafe/lib/python3.11/site-packages (from matplotlib->captum->-r src/requirements.txt (line 8)) (1.3.3)
Requirement already satisfied: cycler>=0.10 in /Utilisateurs/pchau/.conda/envs/cafe/lib/python3.11/site-packages (from matplotlib->captum->-r src/requirements.txt (line 8)) (0.12.1)
Requirement already satisfied: fonttools>=4.22.0 in /Utilisateurs/pchau/.conda/envs/cafe/lib/python3.11/site-packages (from matplotlib->captum->-r src/requirements.txt (line 8)) (4.63.0)
Requirement already satisfied: kiwisolver>=1.3.1 in /Utilisateurs/pchau/.conda/envs/cafe/lib/python3.11/site-packages (from matplotlib->captum->-r src/requirements.txt (line 8)) (1.5.0)
Requirement already satisfied: pillow>=9 in /Utilisateurs/pchau/.conda/envs/cafe/lib/python3.11/site-packages (from matplotlib->captum->-r src/requirements.txt (line 8)) (12.3.0)
Requirement already satisfied: pyparsing>=3 in /Utilisateurs/pchau/.conda/envs/cafe/lib/python3.11/site-packages (from matplotlib->captum->-r src/requirements.txt (line 8)) (3.3.2)
Requirement already satisfied: psutil in /Utilisateurs/pchau/.conda/envs/cafe/lib/python3.11/site-packages (from peft->gliner2>=1.3.2->gliner2[local]>=1.3.2->-r src/requirements.txt (line 1)) (7.2.2)
Requirement already satisfied: accelerate>=0.21.0 in /Utilisateurs/pchau/.conda/envs/cafe/lib/python3.11/site-packages (from peft->gliner2>=1.3.2->gliner2[local]>=1.3.2->-r src/requirements.txt (line 1)) (1.14.0)
Requirement already satisfied: safetensors in /Utilisateurs/pchau/.conda/envs/cafe/lib/python3.11/site-packages (from peft->gliner2>=1.3.2->gliner2[local]>=1.3.2->-r src/requirements.txt (line 1)) (0.8.0)
Requirement already satisfied: regex>=2025.10.22 in /Utilisateurs/pchau/.conda/envs/cafe/lib/python3.11/site-packages (from transformers->gliner2[local]>=1.3.2->-r src/requirements.txt (line 1)) (2026.6.28)
Requirement already satisfied: tokenizers<=0.23.0,>=0.22.0 in /Utilisateurs/pchau/.conda/envs/cafe/lib/python3.11/site-packages (from transformers->gliner2[local]>=1.3.2->-r src/requirements.txt (line 1)) (0.22.2)
Requirement already satisfied: typer in /Utilisateurs/pchau/.conda/envs/cafe/lib/python3.11/site-packages (from transformers->gliner2[local]>=1.3.2->-r src/requirements.txt (line 1)) (0.26.8)
Requirement already satisfied: shellingham>=1.3.0 in /Utilisateurs/pchau/.conda/envs/cafe/lib/python3.11/site-packages (from typer->transformers->gliner2[local]>=1.3.2->-r src/requirements.txt (line 1)) (1.5.4)
Requirement already satisfied: rich>=13.8.0 in /Utilisateurs/pchau/.conda/envs/cafe/lib/python3.11/site-packages (from typer->transformers->gliner2[local]>=1.3.2->-r src/requirements.txt (line 1)) (15.0.0)
Requirement already satisfied: annotated-doc>=0.0.2 in /Utilisateurs/pchau/.conda/envs/cafe/lib/python3.11/site-packages (from typer->transformers->gliner2[local]>=1.3.2->-r src/requirements.txt (line 1)) (0.0.4)
Requirement already satisfied: markdown-it-py>=2.2.0 in /Utilisateurs/pchau/.conda/envs/cafe/lib/python3.11/site-packages (from rich>=13.8.0->typer->transformers->gliner2[local]>=1.3.2->-r src/requirements.txt (line 1)) (4.2.0)
Requirement already satisfied: pygments<3.0.0,>=2.13.0 in /Utilisateurs/pchau/.conda/envs/cafe/lib/python3.11/site-packages (from rich>=13.8.0->typer->transformers->gliner2[local]>=1.3.2->-r src/requirements.txt (line 1)) (2.20.0)
Requirement already satisfied: mdurl~=0.1 in /Utilisateurs/pchau/.conda/envs/cafe/lib/python3.11/site-packages (from markdown-it-py>=2.2.0->rich>=13.8.0->typer->transformers->gliner2[local]>=1.3.2->-r src/requirements.txt (line 1)) (0.1.2)
Wed Jul 15 11:15:48 2026       
+-----------------------------------------------------------------------------------------+
| NVIDIA-SMI 550.54.14              Driver Version: 550.54.14      CUDA Version: 12.4     |
|-----------------------------------------+------------------------+----------------------+
| GPU  Name                 Persistence-M | Bus-Id          Disp.A | Volatile Uncorr. ECC |
| Fan  Temp   Perf          Pwr:Usage/Cap |           Memory-Usage | GPU-Util  Compute M. |
|                                         |                        |               MIG M. |
|=========================================+========================+======================|
|   0  NVIDIA A40                     On  |   00000000:48:00.0 Off |                    0 |
|  0%   21C    P8             24W /  300W |       0MiB /  46068MiB |      0%      Default |
|                                         |                        |                  N/A |
+-----------------------------------------+------------------------+----------------------+
                                                                                         
+-----------------------------------------------------------------------------------------+
| Processes:                                                                              |
|  GPU   GI   CI        PID   Type   Process name                              GPU Memory |
|        ID   ID                                                               Usage      |
|=========================================================================================|
|  No running processes found                                                             |
+-----------------------------------------------------------------------------------------+
torch 2.6.0+cu124 | cuda available: True
Variant: camembert_mlp_without_ner_score
Using device: cuda
=== Step 1: Load tokenizer and build train/val datasets ===
Loading camembert-base
81278 train (expert_train+gate_train) candidates, 10107 val (calibration) candidates
=== Step 2: Build model ===
Trainable parameters:
  dict_flag_embedding (DictFlagEmb)                       Embedding(5, 768)                                    3,840
  lambda_dict                                             scalar                                                   1
  target_flag_embedding (TargetFlagEmb)                   Embedding(4, 768)                                    3,072
  lambda_target                                           scalar                                                   1
  type_embedding (TypeEmb)                                Embedding(5, 32)                                       160
  classifier (MLP head)                                   Linear(3104,512)->ReLU->Dropout->Linear(512,1)    1,590,273
  TOTAL TRAINABLE                                                                                          1,597,347
Frozen:
  encoder (frozen camembert-base: token/position/token-type text embeddings + transformer layers) hidden_size=768                                110,621,952
  TOTAL FROZEN                                                                                           110,621,952
=== Step 3: Train (train=expert_train+gate_train), early-stop on val (calibration) ===
Epoch 1: train_loss=0.0803 val_loss=0.0730
Epoch 2: train_loss=0.0466 val_loss=0.0554
Epoch 3: train_loss=0.0378 val_loss=0.0551
Epoch 4: train_loss=0.0329 val_loss=0.0567
Epoch 5: train_loss=0.0286 val_loss=0.0534
Epoch 6: train_loss=0.0255 val_loss=0.0552
Epoch 7: train_loss=0.0225 val_loss=0.0574
Epoch 8: train_loss=0.0208 val_loss=0.0625
Early stopping at epoch 8: no val-loss improvement for 3 epochs
Best epoch: 5 (train_loss=0.0286, val_loss=0.0534)
=== Step 4: Save checkpoint ===
Saved /Utilisateurs/pchau/workspace/confidence-aware/checkpoints_phase2/camembert_mlp_without_ner_score.pt
=== Step 5: Plot train/val training curve ===
Saved /Utilisateurs/pchau/workspace/confidence-aware/figures/modeling/camembert_mlp_without_ner_score_track_training.png
=== Done ===
Variant: camembert_mlp_without_type
Using device: cuda
=== Step 1: Load tokenizer and build train/val datasets ===
Loading camembert-base
81278 train (expert_train+gate_train) candidates, 10107 val (calibration) candidates
=== Step 2: Build model ===
Trainable parameters:
  dict_flag_embedding (DictFlagEmb)                       Embedding(5, 768)                                    3,840
  lambda_dict                                             scalar                                                   1
  target_flag_embedding (TargetFlagEmb)                   Embedding(4, 768)                                    3,072
  lambda_target                                           scalar                                                   1
  score_mlp (ScoreMLP)                                    Linear(3,32)->ReLU->Linear(32,32)                    1,184
  classifier (MLP head)                                   Linear(3104,512)->ReLU->Dropout->Linear(512,1)    1,590,273
  TOTAL TRAINABLE                                                                                          1,598,371
Frozen:
  encoder (frozen camembert-base: token/position/token-type text embeddings + transformer layers) hidden_size=768                                110,621,952
  TOTAL FROZEN                                                                                           110,621,952
=== Step 3: Train (train=expert_train+gate_train), early-stop on val (calibration) ===
Epoch 1: train_loss=0.0738 val_loss=0.0745
Epoch 2: train_loss=0.0537 val_loss=0.0656
Epoch 3: train_loss=0.0477 val_loss=0.0656
Epoch 4: train_loss=0.0438 val_loss=0.0661
Epoch 5: train_loss=0.0394 val_loss=0.0658
Epoch 6: train_loss=0.0366 val_loss=0.0668
Early stopping at epoch 6: no val-loss improvement for 3 epochs
Best epoch: 3 (train_loss=0.0477, val_loss=0.0656)
=== Step 4: Save checkpoint ===
Saved /Utilisateurs/pchau/workspace/confidence-aware/checkpoints_phase2/camembert_mlp_without_type.pt
=== Step 5: Plot train/val training curve ===
Saved /Utilisateurs/pchau/workspace/confidence-aware/figures/modeling/camembert_mlp_without_type_track_training.png
=== Done ===
Variant: camembert_mlp_without_dict_flag
Using device: cuda
=== Step 1: Load tokenizer and build train/val datasets ===
Loading camembert-base
81278 train (expert_train+gate_train) candidates, 10107 val (calibration) candidates
=== Step 2: Build model ===
Trainable parameters:
  target_flag_embedding (TargetFlagEmb)                   Embedding(4, 768)                                    3,072
  lambda_target                                           scalar                                                   1
  type_embedding (TypeEmb)                                Embedding(5, 32)                                       160
  score_mlp (ScoreMLP, score_features=full)               Linear(3,32)->ReLU->Linear(32,32)                    1,184
  classifier (MLP head)                                   Linear(3136,512)->ReLU->Dropout->Linear(512,1)    1,606,657
  TOTAL TRAINABLE                                                                                          1,611,074
Frozen:
  encoder (frozen camembert-base: token/position/token-type text embeddings + transformer layers) hidden_size=768                                110,621,952
  TOTAL FROZEN                                                                                           110,621,952
=== Step 3: Train (train=expert_train+gate_train), early-stop on val (calibration) ===
Epoch 1: train_loss=0.0653 val_loss=0.0655
Epoch 2: train_loss=0.0436 val_loss=0.0544
Epoch 3: train_loss=0.0357 val_loss=0.0536
Epoch 4: train_loss=0.0309 val_loss=0.0550
Epoch 5: train_loss=0.0257 val_loss=0.0557
Epoch 6: train_loss=0.0229 val_loss=0.0561
Early stopping at epoch 6: no val-loss improvement for 3 epochs
Best epoch: 3 (train_loss=0.0357, val_loss=0.0536)
=== Step 4: Save checkpoint ===
Saved /Utilisateurs/pchau/workspace/confidence-aware/checkpoints_phase2/camembert_mlp_without_dict_flag.pt
=== Step 5: Plot train/val training curve ===
Saved /Utilisateurs/pchau/workspace/confidence-aware/figures/modeling/camembert_mlp_without_dict_flag_track_training.png
=== Done ===
Variant: camembert_mlp_without_target_flag
Using device: cuda
=== Step 1: Load tokenizer and build train/val datasets ===
Loading camembert-base
81278 train (expert_train+gate_train) candidates, 10107 val (calibration) candidates
=== Step 2: Build model ===
Trainable parameters:
  dict_flag_embedding (DictFlagEmb)                       Embedding(5, 768)                                    3,840
  lambda_dict                                             scalar                                                   1
  type_embedding (TypeEmb)                                Embedding(5, 32)                                       160
  score_mlp (ScoreMLP, score_features=full)               Linear(3,32)->ReLU->Linear(32,32)                    1,184
  classifier (MLP head)                                   Linear(3136,512)->ReLU->Dropout->Linear(512,1)    1,606,657
  TOTAL TRAINABLE                                                                                          1,611,842
Frozen:
  encoder (frozen camembert-base: token/position/token-type text embeddings + transformer layers) hidden_size=768                                110,621,952
  TOTAL FROZEN                                                                                           110,621,952
=== Step 3: Train (train=expert_train+gate_train), early-stop on val (calibration) ===
Epoch 1: train_loss=0.0620 val_loss=0.0655
Epoch 2: train_loss=0.0420 val_loss=0.0550
Epoch 3: train_loss=0.0345 val_loss=0.0545
Epoch 4: train_loss=0.0300 val_loss=0.0540
Epoch 5: train_loss=0.0254 val_loss=0.0561
Epoch 6: train_loss=0.0224 val_loss=0.0563
Epoch 7: train_loss=0.0199 val_loss=0.0601
Early stopping at epoch 7: no val-loss improvement for 3 epochs
Best epoch: 4 (train_loss=0.0300, val_loss=0.0540)
=== Step 4: Save checkpoint ===
Saved /Utilisateurs/pchau/workspace/confidence-aware/checkpoints_phase2/camembert_mlp_without_target_flag.pt
=== Step 5: Plot train/val training curve ===
Saved /Utilisateurs/pchau/workspace/confidence-aware/figures/modeling/camembert_mlp_without_target_flag_track_training.png
=== Done ===
Using device: cuda
=== Step 1: Load checkpoint ===
Loading checkpoints_phase2/camembert_mlp.pt
encoder_name=camembert-base variant=camembert_mlp
=== Step 2: Load tokenizer and dataset ===
20580 candidates (split='test')
=== Step 3: Score every candidate ===
=== Step 4: Save scores CSV ===
Saved /Utilisateurs/pchau/workspace/confidence-aware/data_phase2/camembert_mlp_scores.csv
=== Step 5: Compute metrics ===
20580 candidates -- Brier=0.0111 ECE=0.0037 MCE=0.1055 AUROC=0.9955 E-AURC=0.0044
=== Done ===

To compare against B0/B1/B3/MLP and produce the standard plots, run:
  python src/modeling/plot_reliability_diagram.py --platt-scaling-score data/platt_scaling.csv --logistic-score data/logistic_regression.csv --mlp-score data/mlp_baseline.csv --camembert-mlp-score /Utilisateurs/pchau/workspace/confidence-aware/data_phase2/camembert_mlp_scores.csv
Using device: cuda
=== Step 1: Load checkpoint ===
Loading checkpoints_phase2/camembert_mlp_without_ner_score.pt
encoder_name=camembert-base variant=camembert_mlp_without_ner_score
=== Step 2: Load tokenizer and dataset ===
20580 candidates (split='test')
=== Step 3: Score every candidate ===
=== Step 4: Save scores CSV ===
Saved /Utilisateurs/pchau/workspace/confidence-aware/data_phase2/camembert_mlp_without_ner_score_scores.csv
=== Step 5: Compute metrics ===
20580 candidates -- Brier=0.0114 ECE=0.0047 MCE=0.1521 AUROC=0.9953 E-AURC=0.0046
=== Done ===

This is an ablation variant -- to compare it against the full model, add it as an --extra-score, e.g.:
  python src/modeling/plot_reliability_diagram.py --camembert-mlp-score data_phase2/camembert_mlp_scores.csv --extra-score camembert_mlp_without_ner_score=/Utilisateurs/pchau/workspace/confidence-aware/data_phase2/camembert_mlp_without_ner_score_scores.csv --figures-dir figures/ablation
Using device: cuda
=== Step 1: Load checkpoint ===
Loading checkpoints_phase2/camembert_mlp_without_type.pt
encoder_name=camembert-base variant=camembert_mlp_without_type
=== Step 2: Load tokenizer and dataset ===
20580 candidates (split='test')
=== Step 3: Score every candidate ===
=== Step 4: Save scores CSV ===
Saved /Utilisateurs/pchau/workspace/confidence-aware/data_phase2/camembert_mlp_without_type_scores.csv
=== Step 5: Compute metrics ===
20580 candidates -- Brier=0.0164 ECE=0.0117 MCE=0.1955 AUROC=0.9920 E-AURC=0.0068
=== Done ===

This is an ablation variant -- to compare it against the full model, add it as an --extra-score, e.g.:
  python src/modeling/plot_reliability_diagram.py --camembert-mlp-score data_phase2/camembert_mlp_scores.csv --extra-score camembert_mlp_without_type=/Utilisateurs/pchau/workspace/confidence-aware/data_phase2/camembert_mlp_without_type_scores.csv --figures-dir figures/ablation
Using device: cuda
=== Step 1: Load checkpoint ===
Loading checkpoints_phase2/camembert_mlp_without_dict_flag.pt
encoder_name=camembert-base variant=camembert_mlp_without_dict_flag
=== Step 2: Load tokenizer and dataset ===
20580 candidates (split='test')
=== Step 3: Score every candidate ===
=== Step 4: Save scores CSV ===
Saved /Utilisateurs/pchau/workspace/confidence-aware/data_phase2/camembert_mlp_without_dict_flag_scores.csv
=== Step 5: Compute metrics ===
20580 candidates -- Brier=0.0116 ECE=0.0084 MCE=0.2029 AUROC=0.9958 E-AURC=0.0038
=== Done ===

This is an ablation variant -- to compare it against the full model, add it as an --extra-score, e.g.:
  python src/modeling/plot_reliability_diagram.py --camembert-mlp-score data_phase2/camembert_mlp_scores.csv --extra-score camembert_mlp_without_dict_flag=/Utilisateurs/pchau/workspace/confidence-aware/data_phase2/camembert_mlp_without_dict_flag_scores.csv --figures-dir figures/ablation
Using device: cuda
=== Step 1: Load checkpoint ===
Loading checkpoints_phase2/camembert_mlp_without_target_flag.pt
encoder_name=camembert-base variant=camembert_mlp_without_target_flag
=== Step 2: Load tokenizer and dataset ===
20580 candidates (split='test')
=== Step 3: Score every candidate ===
=== Step 4: Save scores CSV ===
Saved /Utilisateurs/pchau/workspace/confidence-aware/data_phase2/camembert_mlp_without_target_flag_scores.csv
=== Step 5: Compute metrics ===
20580 candidates -- Brier=0.0116 ECE=0.0085 MCE=0.1972 AUROC=0.9956 E-AURC=0.0040
=== Done ===

This is an ablation variant -- to compare it against the full model, add it as an --extra-score, e.g.:
  python src/modeling/plot_reliability_diagram.py --camembert-mlp-score data_phase2/camembert_mlp_scores.csv --extra-score camembert_mlp_without_target_flag=/Utilisateurs/pchau/workspace/confidence-aware/data_phase2/camembert_mlp_without_target_flag_scores.csv --figures-dir figures/ablation
=== Step 1: Load /Utilisateurs/pchau/workspace/confidence-aware/data/label_reliability_type_only.csv and merge in ['camembert_mlp', 'without_ner_score', 'without_type', 'without_dict_flag', 'without_target_flag'] ===
111965 candidates joined; scores present: ['raw', 'camembert_mlp', 'without_ner_score', 'without_type', 'without_dict_flag', 'without_target_flag']
=== Step 2: Filter to split='test' ===
Loading /Utilisateurs/pchau/workspace/confidence-aware/data/hipe2020_train_fr_train_data.csv
20580 candidates remain
=== Step 3: Compute ECE bins and Brier score / ECE / MCE per score ===
raw (ner_score): 20580 candidates across 10 bins -- Brier=0.0532 ECE=0.0606 MCE=0.5635 AUROC=0.9435 E-AURC=0.0286
camembert_mlp (camembert_mlp_calibrated_score): 20580 candidates across 10 bins -- Brier=0.0111 ECE=0.0037 MCE=0.1055 AUROC=0.9955 E-AURC=0.0044
without_ner_score (without_ner_score_calibrated_score): 20580 candidates across 10 bins -- Brier=0.0114 ECE=0.0047 MCE=0.1521 AUROC=0.9953 E-AURC=0.0046
without_type (without_type_calibrated_score): 20580 candidates across 10 bins -- Brier=0.0164 ECE=0.0117 MCE=0.1955 AUROC=0.9920 E-AURC=0.0068
without_dict_flag (without_dict_flag_calibrated_score): 20580 candidates across 10 bins -- Brier=0.0116 ECE=0.0084 MCE=0.2029 AUROC=0.9958 E-AURC=0.0038
without_target_flag (without_target_flag_calibrated_score): 20580 candidates across 10 bins -- Brier=0.0116 ECE=0.0085 MCE=0.1972 AUROC=0.9956 E-AURC=0.0040
=== Step 4: Plot reliability diagram ===
Saved figures/ablation/reliability_diagram_raw_camembert_mlp_without_ner_score_without_type_without_dict_flag_without_target_flag.png
=== Step 5: Plot metrics bar chart (Brier score, ECE, MCE, AUROC, E-AURC) ===
Saved figures/ablation/metrics_bar_raw_camembert_mlp_without_ner_score_without_type_without_dict_flag_without_target_flag.png
=== Step 6: Plot ROC curve ===
Saved figures/ablation/roc_curve_raw_camembert_mlp_without_ner_score_without_type_without_dict_flag_without_target_flag.png
=== Step 7: Plot risk-coverage curve ===
Saved figures/ablation/risk_coverage_raw_camembert_mlp_without_ner_score_without_type_without_dict_flag_without_target_flag.png
=== Step 8: Save bins table (bin, true, raw, camembert_mlp, without_ner_score, without_type, without_dict_flag, without_target_flag) ===
    bin  count     true      raw  delta_raw  camembert_mlp  delta_camembert_mlp  without_ner_score  delta_without_ner_score  without_type  delta_without_type  without_dict_flag  delta_without_dict_flag  without_target_flag  delta_without_target_flag
0.0-0.1  17309 0.007684 0.002919  -0.004765       0.008745             0.001061           0.009063                 0.001379      0.012351            0.004667           0.010763                 0.003079             0.011696                   0.004012
0.1-0.2    362 0.030387 0.143766   0.113379       0.033805             0.003418           0.045524                 0.015137      0.052839            0.022452           0.051720                 0.021334             0.045769                   0.015382
0.2-0.3    244 0.020492 0.245537   0.225045       0.040391             0.019899           0.049600                 0.029108      0.052012            0.031520           0.050733                 0.030241             0.050855                   0.030364
0.3-0.4    198 0.050505 0.351889   0.301383       0.038828            -0.011677           0.053598                 0.003093      0.064984            0.014479           0.063881                 0.013376             0.060671                   0.010166
0.4-0.5    198 0.080808 0.450768   0.369960       0.086188             0.005380           0.110114                 0.029306      0.117868            0.037060           0.109849                 0.029041             0.107064                   0.026256
0.5-0.6    211 0.109005 0.548638   0.439633       0.103541            -0.005464           0.121149                 0.012145      0.145005            0.036000           0.130040                 0.021035             0.130851                   0.021846
0.6-0.7    220 0.218182 0.651264   0.433082       0.202619            -0.015563           0.235300                 0.017118      0.243919            0.025738           0.237607                 0.019425             0.239756                   0.021574
0.7-0.8    249 0.269076 0.752730   0.483654       0.267967            -0.001109           0.292072                 0.022995      0.309606            0.040530           0.316662                 0.047586             0.316873                   0.047796
0.8-0.9    340 0.288235 0.851688   0.563453       0.312670             0.024434           0.335253                 0.047018      0.386270            0.098035           0.364660                 0.076425             0.352123                   0.063888
0.9-1.0   1249 0.622898 0.971566   0.348668       0.628413             0.005515           0.617641                -0.005257      0.684661            0.061763           0.662217                 0.039319             0.656768                   0.033869
Saved figures/ablation/bins_raw_camembert_mlp_without_ner_score_without_type_without_dict_flag_without_target_flag.csv
=== Done ===
