Working directory: /Utilisateurs/pchau/workspace/confidence-aware
Env 'cafe' already exists, skipping creation
Looking in indexes: https://download.pytorch.org/whl/cu124
Requirement already satisfied: torch in /Utilisateurs/pchau/.conda/envs/cafe/lib/python3.11/site-packages (2.6.0+cu124)
Requirement already satisfied: filelock in /Utilisateurs/pchau/.conda/envs/cafe/lib/python3.11/site-packages (from torch) (3.29.0)
Requirement already satisfied: typing-extensions>=4.10.0 in /Utilisateurs/pchau/.conda/envs/cafe/lib/python3.11/site-packages (from torch) (4.15.0)
Requirement already satisfied: networkx in /Utilisateurs/pchau/.conda/envs/cafe/lib/python3.11/site-packages (from torch) (3.6.1)
Requirement already satisfied: jinja2 in /Utilisateurs/pchau/.conda/envs/cafe/lib/python3.11/site-packages (from torch) (3.1.6)
Requirement already satisfied: fsspec in /Utilisateurs/pchau/.conda/envs/cafe/lib/python3.11/site-packages (from torch) (2026.4.0)
Requirement already satisfied: nvidia-cuda-nvrtc-cu12==12.4.127 in /Utilisateurs/pchau/.conda/envs/cafe/lib/python3.11/site-packages (from torch) (12.4.127)
Requirement already satisfied: nvidia-cuda-runtime-cu12==12.4.127 in /Utilisateurs/pchau/.conda/envs/cafe/lib/python3.11/site-packages (from torch) (12.4.127)
Requirement already satisfied: nvidia-cuda-cupti-cu12==12.4.127 in /Utilisateurs/pchau/.conda/envs/cafe/lib/python3.11/site-packages (from torch) (12.4.127)
Requirement already satisfied: nvidia-cudnn-cu12==9.1.0.70 in /Utilisateurs/pchau/.conda/envs/cafe/lib/python3.11/site-packages (from torch) (9.1.0.70)
Requirement already satisfied: nvidia-cublas-cu12==12.4.5.8 in /Utilisateurs/pchau/.conda/envs/cafe/lib/python3.11/site-packages (from torch) (12.4.5.8)
Requirement already satisfied: nvidia-cufft-cu12==11.2.1.3 in /Utilisateurs/pchau/.conda/envs/cafe/lib/python3.11/site-packages (from torch) (11.2.1.3)
Requirement already satisfied: nvidia-curand-cu12==10.3.5.147 in /Utilisateurs/pchau/.conda/envs/cafe/lib/python3.11/site-packages (from torch) (10.3.5.147)
Requirement already satisfied: nvidia-cusolver-cu12==11.6.1.9 in /Utilisateurs/pchau/.conda/envs/cafe/lib/python3.11/site-packages (from torch) (11.6.1.9)
Requirement already satisfied: nvidia-cusparse-cu12==12.3.1.170 in /Utilisateurs/pchau/.conda/envs/cafe/lib/python3.11/site-packages (from torch) (12.3.1.170)
Requirement already satisfied: nvidia-cusparselt-cu12==0.6.2 in /Utilisateurs/pchau/.conda/envs/cafe/lib/python3.11/site-packages (from torch) (0.6.2)
Requirement already satisfied: nvidia-nccl-cu12==2.21.5 in /Utilisateurs/pchau/.conda/envs/cafe/lib/python3.11/site-packages (from torch) (2.21.5)
Requirement already satisfied: nvidia-nvtx-cu12==12.4.127 in /Utilisateurs/pchau/.conda/envs/cafe/lib/python3.11/site-packages (from torch) (12.4.127)
Requirement already satisfied: nvidia-nvjitlink-cu12==12.4.127 in /Utilisateurs/pchau/.conda/envs/cafe/lib/python3.11/site-packages (from torch) (12.4.127)
Requirement already satisfied: triton==3.2.0 in /Utilisateurs/pchau/.conda/envs/cafe/lib/python3.11/site-packages (from torch) (3.2.0)
Requirement already satisfied: sympy==1.13.1 in /Utilisateurs/pchau/.conda/envs/cafe/lib/python3.11/site-packages (from torch) (1.13.1)
Requirement already satisfied: mpmath<1.4,>=1.1.0 in /Utilisateurs/pchau/.conda/envs/cafe/lib/python3.11/site-packages (from sympy==1.13.1->torch) (1.3.0)
Requirement already satisfied: MarkupSafe>=2.0 in /Utilisateurs/pchau/.conda/envs/cafe/lib/python3.11/site-packages (from jinja2->torch) (3.0.3)
Requirement already satisfied: gliner2>=1.3.2 in /Utilisateurs/pchau/.conda/envs/cafe/lib/python3.11/site-packages (from gliner2[local]>=1.3.2->-r src/requirements.txt (line 1)) (1.3.2)
Requirement already satisfied: pandas>=3.0.3 in /Utilisateurs/pchau/.conda/envs/cafe/lib/python3.11/site-packages (from -r src/requirements.txt (line 2)) (3.0.3)
Requirement already satisfied: requests>=2.34.2 in /Utilisateurs/pchau/.conda/envs/cafe/lib/python3.11/site-packages (from -r src/requirements.txt (line 3)) (2.34.2)
Requirement already satisfied: tqdm>=4.66 in /Utilisateurs/pchau/.conda/envs/cafe/lib/python3.11/site-packages (from -r src/requirements.txt (line 4)) (4.68.4)
Requirement already satisfied: cython in /Utilisateurs/pchau/.conda/envs/cafe/lib/python3.11/site-packages (from -r src/requirements.txt (line 5)) (3.2.8)
Requirement already satisfied: pybloomfiltermmap3 in /Utilisateurs/pchau/.conda/envs/cafe/lib/python3.11/site-packages (from -r src/requirements.txt (line 6)) (0.6.3)
Requirement already satisfied: huggingface_hub in /Utilisateurs/pchau/.conda/envs/cafe/lib/python3.11/site-packages (from -r src/requirements.txt (line 7)) (1.22.0)
Requirement already satisfied: captum in /Utilisateurs/pchau/.conda/envs/cafe/lib/python3.11/site-packages (from -r src/requirements.txt (line 8)) (0.9.0)
Requirement already satisfied: scikit-learn in /Utilisateurs/pchau/.conda/envs/cafe/lib/python3.11/site-packages (from -r src/requirements.txt (line 9)) (1.9.0)
Requirement already satisfied: sentencepiece in /Utilisateurs/pchau/.conda/envs/cafe/lib/python3.11/site-packages (from -r src/requirements.txt (line 10)) (0.2.2)
Requirement already satisfied: protobuf in /Utilisateurs/pchau/.conda/envs/cafe/lib/python3.11/site-packages (from -r src/requirements.txt (line 11)) (7.35.1)
Requirement already satisfied: peft in /Utilisateurs/pchau/.conda/envs/cafe/lib/python3.11/site-packages (from gliner2>=1.3.2->gliner2[local]>=1.3.2->-r src/requirements.txt (line 1)) (0.19.1)
Requirement already satisfied: pydantic>=2.0.0 in /Utilisateurs/pchau/.conda/envs/cafe/lib/python3.11/site-packages (from gliner2>=1.3.2->gliner2[local]>=1.3.2->-r src/requirements.txt (line 1)) (2.13.4)
Requirement already satisfied: urllib3>=1.26 in /Utilisateurs/pchau/.conda/envs/cafe/lib/python3.11/site-packages (from gliner2>=1.3.2->gliner2[local]>=1.3.2->-r src/requirements.txt (line 1)) (2.7.0)
Requirement already satisfied: numpy>=1.26.0 in /Utilisateurs/pchau/.conda/envs/cafe/lib/python3.11/site-packages (from pandas>=3.0.3->-r src/requirements.txt (line 2)) (2.4.6)
Requirement already satisfied: python-dateutil>=2.8.2 in /Utilisateurs/pchau/.conda/envs/cafe/lib/python3.11/site-packages (from pandas>=3.0.3->-r src/requirements.txt (line 2)) (2.9.0.post0)
Requirement already satisfied: charset_normalizer<4,>=2 in /Utilisateurs/pchau/.conda/envs/cafe/lib/python3.11/site-packages (from requests>=2.34.2->-r src/requirements.txt (line 3)) (3.4.9)
Requirement already satisfied: idna<4,>=2.5 in /Utilisateurs/pchau/.conda/envs/cafe/lib/python3.11/site-packages (from requests>=2.34.2->-r src/requirements.txt (line 3)) (3.18)
Requirement already satisfied: certifi>=2023.5.7 in /Utilisateurs/pchau/.conda/envs/cafe/lib/python3.11/site-packages (from requests>=2.34.2->-r src/requirements.txt (line 3)) (2026.6.17)
Requirement already satisfied: click<9.0.0,>=8.4.2 in /Utilisateurs/pchau/.conda/envs/cafe/lib/python3.11/site-packages (from huggingface_hub->-r src/requirements.txt (line 7)) (8.4.2)
Requirement already satisfied: filelock>=3.10.0 in /Utilisateurs/pchau/.conda/envs/cafe/lib/python3.11/site-packages (from huggingface_hub->-r src/requirements.txt (line 7)) (3.29.0)
Requirement already satisfied: fsspec>=2023.5.0 in /Utilisateurs/pchau/.conda/envs/cafe/lib/python3.11/site-packages (from huggingface_hub->-r src/requirements.txt (line 7)) (2026.4.0)
Requirement already satisfied: hf-xet<2.0.0,>=1.5.1 in /Utilisateurs/pchau/.conda/envs/cafe/lib/python3.11/site-packages (from huggingface_hub->-r src/requirements.txt (line 7)) (1.5.1)
Requirement already satisfied: httpx<1,>=0.23.0 in /Utilisateurs/pchau/.conda/envs/cafe/lib/python3.11/site-packages (from huggingface_hub->-r src/requirements.txt (line 7)) (0.28.1)
Requirement already satisfied: packaging>=20.9 in /Utilisateurs/pchau/.conda/envs/cafe/lib/python3.11/site-packages (from huggingface_hub->-r src/requirements.txt (line 7)) (26.0)
Requirement already satisfied: pyyaml>=5.1 in /Utilisateurs/pchau/.conda/envs/cafe/lib/python3.11/site-packages (from huggingface_hub->-r src/requirements.txt (line 7)) (6.0.3)
Requirement already satisfied: typing-extensions>=4.1.0 in /Utilisateurs/pchau/.conda/envs/cafe/lib/python3.11/site-packages (from huggingface_hub->-r src/requirements.txt (line 7)) (4.15.0)
Requirement already satisfied: anyio in /Utilisateurs/pchau/.conda/envs/cafe/lib/python3.11/site-packages (from httpx<1,>=0.23.0->huggingface_hub->-r src/requirements.txt (line 7)) (4.14.1)
Requirement already satisfied: httpcore==1.* in /Utilisateurs/pchau/.conda/envs/cafe/lib/python3.11/site-packages (from httpx<1,>=0.23.0->huggingface_hub->-r src/requirements.txt (line 7)) (1.0.9)
Requirement already satisfied: h11>=0.16 in /Utilisateurs/pchau/.conda/envs/cafe/lib/python3.11/site-packages (from httpcore==1.*->httpx<1,>=0.23.0->huggingface_hub->-r src/requirements.txt (line 7)) (0.16.0)
Requirement already satisfied: matplotlib in /Utilisateurs/pchau/.conda/envs/cafe/lib/python3.11/site-packages (from captum->-r src/requirements.txt (line 8)) (3.11.0)
Requirement already satisfied: torch>=2.3 in /Utilisateurs/pchau/.conda/envs/cafe/lib/python3.11/site-packages (from captum->-r src/requirements.txt (line 8)) (2.6.0+cu124)
Requirement already satisfied: scipy>=1.10.0 in /Utilisateurs/pchau/.conda/envs/cafe/lib/python3.11/site-packages (from scikit-learn->-r src/requirements.txt (line 9)) (1.17.1)
Requirement already satisfied: joblib>=1.4.0 in /Utilisateurs/pchau/.conda/envs/cafe/lib/python3.11/site-packages (from scikit-learn->-r src/requirements.txt (line 9)) (1.5.3)
Requirement already satisfied: narwhals>=2.0.1 in /Utilisateurs/pchau/.conda/envs/cafe/lib/python3.11/site-packages (from scikit-learn->-r src/requirements.txt (line 9)) (2.23.0)
Requirement already satisfied: threadpoolctl>=3.5.0 in /Utilisateurs/pchau/.conda/envs/cafe/lib/python3.11/site-packages (from scikit-learn->-r src/requirements.txt (line 9)) (3.6.0)
Requirement already satisfied: transformers in /Utilisateurs/pchau/.conda/envs/cafe/lib/python3.11/site-packages (from gliner2[local]>=1.3.2->-r src/requirements.txt (line 1)) (5.13.0)
Requirement already satisfied: annotated-types>=0.6.0 in /Utilisateurs/pchau/.conda/envs/cafe/lib/python3.11/site-packages (from pydantic>=2.0.0->gliner2>=1.3.2->gliner2[local]>=1.3.2->-r src/requirements.txt (line 1)) (0.7.0)
Requirement already satisfied: pydantic-core==2.46.4 in /Utilisateurs/pchau/.conda/envs/cafe/lib/python3.11/site-packages (from pydantic>=2.0.0->gliner2>=1.3.2->gliner2[local]>=1.3.2->-r src/requirements.txt (line 1)) (2.46.4)
Requirement already satisfied: typing-inspection>=0.4.2 in /Utilisateurs/pchau/.conda/envs/cafe/lib/python3.11/site-packages (from pydantic>=2.0.0->gliner2>=1.3.2->gliner2[local]>=1.3.2->-r src/requirements.txt (line 1)) (0.4.2)
Requirement already satisfied: six>=1.5 in /Utilisateurs/pchau/.conda/envs/cafe/lib/python3.11/site-packages (from python-dateutil>=2.8.2->pandas>=3.0.3->-r src/requirements.txt (line 2)) (1.17.0)
Requirement already satisfied: networkx in /Utilisateurs/pchau/.conda/envs/cafe/lib/python3.11/site-packages (from torch>=2.3->captum->-r src/requirements.txt (line 8)) (3.6.1)
Requirement already satisfied: jinja2 in /Utilisateurs/pchau/.conda/envs/cafe/lib/python3.11/site-packages (from torch>=2.3->captum->-r src/requirements.txt (line 8)) (3.1.6)
Requirement already satisfied: nvidia-cuda-nvrtc-cu12==12.4.127 in /Utilisateurs/pchau/.conda/envs/cafe/lib/python3.11/site-packages (from torch>=2.3->captum->-r src/requirements.txt (line 8)) (12.4.127)
Requirement already satisfied: nvidia-cuda-runtime-cu12==12.4.127 in /Utilisateurs/pchau/.conda/envs/cafe/lib/python3.11/site-packages (from torch>=2.3->captum->-r src/requirements.txt (line 8)) (12.4.127)
Requirement already satisfied: nvidia-cuda-cupti-cu12==12.4.127 in /Utilisateurs/pchau/.conda/envs/cafe/lib/python3.11/site-packages (from torch>=2.3->captum->-r src/requirements.txt (line 8)) (12.4.127)
Requirement already satisfied: nvidia-cudnn-cu12==9.1.0.70 in /Utilisateurs/pchau/.conda/envs/cafe/lib/python3.11/site-packages (from torch>=2.3->captum->-r src/requirements.txt (line 8)) (9.1.0.70)
Requirement already satisfied: nvidia-cublas-cu12==12.4.5.8 in /Utilisateurs/pchau/.conda/envs/cafe/lib/python3.11/site-packages (from torch>=2.3->captum->-r src/requirements.txt (line 8)) (12.4.5.8)
Requirement already satisfied: nvidia-cufft-cu12==11.2.1.3 in /Utilisateurs/pchau/.conda/envs/cafe/lib/python3.11/site-packages (from torch>=2.3->captum->-r src/requirements.txt (line 8)) (11.2.1.3)
Requirement already satisfied: nvidia-curand-cu12==10.3.5.147 in /Utilisateurs/pchau/.conda/envs/cafe/lib/python3.11/site-packages (from torch>=2.3->captum->-r src/requirements.txt (line 8)) (10.3.5.147)
Requirement already satisfied: nvidia-cusolver-cu12==11.6.1.9 in /Utilisateurs/pchau/.conda/envs/cafe/lib/python3.11/site-packages (from torch>=2.3->captum->-r src/requirements.txt (line 8)) (11.6.1.9)
Requirement already satisfied: nvidia-cusparse-cu12==12.3.1.170 in /Utilisateurs/pchau/.conda/envs/cafe/lib/python3.11/site-packages (from torch>=2.3->captum->-r src/requirements.txt (line 8)) (12.3.1.170)
Requirement already satisfied: nvidia-cusparselt-cu12==0.6.2 in /Utilisateurs/pchau/.conda/envs/cafe/lib/python3.11/site-packages (from torch>=2.3->captum->-r src/requirements.txt (line 8)) (0.6.2)
Requirement already satisfied: nvidia-nccl-cu12==2.21.5 in /Utilisateurs/pchau/.conda/envs/cafe/lib/python3.11/site-packages (from torch>=2.3->captum->-r src/requirements.txt (line 8)) (2.21.5)
Requirement already satisfied: nvidia-nvtx-cu12==12.4.127 in /Utilisateurs/pchau/.conda/envs/cafe/lib/python3.11/site-packages (from torch>=2.3->captum->-r src/requirements.txt (line 8)) (12.4.127)
Requirement already satisfied: nvidia-nvjitlink-cu12==12.4.127 in /Utilisateurs/pchau/.conda/envs/cafe/lib/python3.11/site-packages (from torch>=2.3->captum->-r src/requirements.txt (line 8)) (12.4.127)
Requirement already satisfied: triton==3.2.0 in /Utilisateurs/pchau/.conda/envs/cafe/lib/python3.11/site-packages (from torch>=2.3->captum->-r src/requirements.txt (line 8)) (3.2.0)
Requirement already satisfied: sympy==1.13.1 in /Utilisateurs/pchau/.conda/envs/cafe/lib/python3.11/site-packages (from torch>=2.3->captum->-r src/requirements.txt (line 8)) (1.13.1)
Requirement already satisfied: mpmath<1.4,>=1.1.0 in /Utilisateurs/pchau/.conda/envs/cafe/lib/python3.11/site-packages (from sympy==1.13.1->torch>=2.3->captum->-r src/requirements.txt (line 8)) (1.3.0)
Requirement already satisfied: MarkupSafe>=2.0 in /Utilisateurs/pchau/.conda/envs/cafe/lib/python3.11/site-packages (from jinja2->torch>=2.3->captum->-r src/requirements.txt (line 8)) (3.0.3)
Requirement already satisfied: contourpy>=1.0.1 in /Utilisateurs/pchau/.conda/envs/cafe/lib/python3.11/site-packages (from matplotlib->captum->-r src/requirements.txt (line 8)) (1.3.3)
Requirement already satisfied: cycler>=0.10 in /Utilisateurs/pchau/.conda/envs/cafe/lib/python3.11/site-packages (from matplotlib->captum->-r src/requirements.txt (line 8)) (0.12.1)
Requirement already satisfied: fonttools>=4.22.0 in /Utilisateurs/pchau/.conda/envs/cafe/lib/python3.11/site-packages (from matplotlib->captum->-r src/requirements.txt (line 8)) (4.63.0)
Requirement already satisfied: kiwisolver>=1.3.1 in /Utilisateurs/pchau/.conda/envs/cafe/lib/python3.11/site-packages (from matplotlib->captum->-r src/requirements.txt (line 8)) (1.5.0)
Requirement already satisfied: pillow>=9 in /Utilisateurs/pchau/.conda/envs/cafe/lib/python3.11/site-packages (from matplotlib->captum->-r src/requirements.txt (line 8)) (12.3.0)
Requirement already satisfied: pyparsing>=3 in /Utilisateurs/pchau/.conda/envs/cafe/lib/python3.11/site-packages (from matplotlib->captum->-r src/requirements.txt (line 8)) (3.3.2)
Requirement already satisfied: psutil in /Utilisateurs/pchau/.conda/envs/cafe/lib/python3.11/site-packages (from peft->gliner2>=1.3.2->gliner2[local]>=1.3.2->-r src/requirements.txt (line 1)) (7.2.2)
Requirement already satisfied: accelerate>=0.21.0 in /Utilisateurs/pchau/.conda/envs/cafe/lib/python3.11/site-packages (from peft->gliner2>=1.3.2->gliner2[local]>=1.3.2->-r src/requirements.txt (line 1)) (1.14.0)
Requirement already satisfied: safetensors in /Utilisateurs/pchau/.conda/envs/cafe/lib/python3.11/site-packages (from peft->gliner2>=1.3.2->gliner2[local]>=1.3.2->-r src/requirements.txt (line 1)) (0.8.0)
Requirement already satisfied: regex>=2025.10.22 in /Utilisateurs/pchau/.conda/envs/cafe/lib/python3.11/site-packages (from transformers->gliner2[local]>=1.3.2->-r src/requirements.txt (line 1)) (2026.6.28)
Requirement already satisfied: tokenizers<=0.23.0,>=0.22.0 in /Utilisateurs/pchau/.conda/envs/cafe/lib/python3.11/site-packages (from transformers->gliner2[local]>=1.3.2->-r src/requirements.txt (line 1)) (0.22.2)
Requirement already satisfied: typer in /Utilisateurs/pchau/.conda/envs/cafe/lib/python3.11/site-packages (from transformers->gliner2[local]>=1.3.2->-r src/requirements.txt (line 1)) (0.26.8)
Requirement already satisfied: shellingham>=1.3.0 in /Utilisateurs/pchau/.conda/envs/cafe/lib/python3.11/site-packages (from typer->transformers->gliner2[local]>=1.3.2->-r src/requirements.txt (line 1)) (1.5.4)
Requirement already satisfied: rich>=13.8.0 in /Utilisateurs/pchau/.conda/envs/cafe/lib/python3.11/site-packages (from typer->transformers->gliner2[local]>=1.3.2->-r src/requirements.txt (line 1)) (15.0.0)
Requirement already satisfied: annotated-doc>=0.0.2 in /Utilisateurs/pchau/.conda/envs/cafe/lib/python3.11/site-packages (from typer->transformers->gliner2[local]>=1.3.2->-r src/requirements.txt (line 1)) (0.0.4)
Requirement already satisfied: markdown-it-py>=2.2.0 in /Utilisateurs/pchau/.conda/envs/cafe/lib/python3.11/site-packages (from rich>=13.8.0->typer->transformers->gliner2[local]>=1.3.2->-r src/requirements.txt (line 1)) (4.2.0)
Requirement already satisfied: pygments<3.0.0,>=2.13.0 in /Utilisateurs/pchau/.conda/envs/cafe/lib/python3.11/site-packages (from rich>=13.8.0->typer->transformers->gliner2[local]>=1.3.2->-r src/requirements.txt (line 1)) (2.20.0)
Requirement already satisfied: mdurl~=0.1 in /Utilisateurs/pchau/.conda/envs/cafe/lib/python3.11/site-packages (from markdown-it-py>=2.2.0->rich>=13.8.0->typer->transformers->gliner2[local]>=1.3.2->-r src/requirements.txt (line 1)) (0.1.2)
Wed Jul 15 13:47:04 2026       
+-----------------------------------------------------------------------------------------+
| NVIDIA-SMI 550.54.14              Driver Version: 550.54.14      CUDA Version: 12.4     |
|-----------------------------------------+------------------------+----------------------+
| GPU  Name                 Persistence-M | Bus-Id          Disp.A | Volatile Uncorr. ECC |
| Fan  Temp   Perf          Pwr:Usage/Cap |           Memory-Usage | GPU-Util  Compute M. |
|                                         |                        |               MIG M. |
|=========================================+========================+======================|
|   0  NVIDIA A40                     On  |   00000000:48:00.0 Off |                    0 |
|  0%   23C    P8             24W /  300W |       0MiB /  46068MiB |      0%      Default |
|                                         |                        |                  N/A |
+-----------------------------------------+------------------------+----------------------+
                                                                                         
+-----------------------------------------------------------------------------------------+
| Processes:                                                                              |
|  GPU   GI   CI        PID   Type   Process name                              GPU Memory |
|        ID   ID                                                               Usage      |
|=========================================================================================|
|  No running processes found                                                             |
+-----------------------------------------------------------------------------------------+
torch 2.6.0+cu124 | cuda available: True
Variant: bert-base-multilingual-cased_mlp
Using device: cuda
=== Step 1: Load tokenizer and build train/val datasets ===
Loading google-bert/bert-base-multilingual-cased
81278 train (expert_train+gate_train) candidates, 10107 val (calibration) candidates
=== Step 2: Build model ===
Trainable parameters:
  dict_flag_embedding (DictFlagEmb)                       Embedding(5, 768)                                    3,840
  lambda_dict                                             scalar                                                   1
  target_flag_embedding (TargetFlagEmb)                   Embedding(4, 768)                                    3,072
  lambda_target                                           scalar                                                   1
  type_embedding (TypeEmb)                                Embedding(5, 32)                                       160
  score_mlp (ScoreMLP, score_features=full)               Linear(3,32)->ReLU->Linear(32,32)                    1,184
  classifier (MLP head)                                   Linear(3136,512)->ReLU->Dropout->Linear(512,1)    1,606,657
  TOTAL TRAINABLE                                                                                          1,614,915
Frozen:
  encoder (frozen google-bert/bert-base-multilingual-cased: token/position/token-type text embeddings + transformer layers) hidden_size=768                                177,853,440
  TOTAL FROZEN                                                                                           177,853,440
=== Step 3: Train (train=expert_train+gate_train), early-stop on val (calibration) ===
Epoch 1: train_loss=0.0888 val_loss=0.1019
Epoch 2: train_loss=0.0539 val_loss=0.0606
Epoch 3: train_loss=0.0418 val_loss=0.0629
Epoch 4: train_loss=0.0344 val_loss=0.0589
Epoch 5: train_loss=0.0290 val_loss=0.0581
Epoch 6: train_loss=0.0257 val_loss=0.0582
Epoch 7: train_loss=0.0228 val_loss=0.0583
Epoch 8: train_loss=0.0197 val_loss=0.0607
Early stopping at epoch 8: no val-loss improvement for 3 epochs
Best epoch: 5 (train_loss=0.0290, val_loss=0.0581)
=== Step 4: Save checkpoint ===
Saved /Utilisateurs/pchau/workspace/confidence-aware/checkpoints_phase2/bert-base-multilingual-cased_mlp.pt
=== Step 5: Plot train/val training curve ===
Saved /Utilisateurs/pchau/workspace/confidence-aware/figures/modeling/bert-base-multilingual-cased_mlp_track_training.png
=== Done ===
Variant: mdeberta-v3_mlp
Using device: cuda
=== Step 1: Load tokenizer and build train/val datasets ===
Loading microsoft/mdeberta-v3-base
81278 train (expert_train+gate_train) candidates, 10107 val (calibration) candidates
=== Step 2: Build model ===
Trainable parameters:
  dict_flag_embedding (DictFlagEmb)                       Embedding(5, 768)                                    3,840
  lambda_dict                                             scalar                                                   1
  target_flag_embedding (TargetFlagEmb)                   Embedding(4, 768)                                    3,072
  lambda_target                                           scalar                                                   1
  type_embedding (TypeEmb)                                Embedding(5, 32)                                       160
  score_mlp (ScoreMLP, score_features=full)               Linear(3,32)->ReLU->Linear(32,32)                    1,184
  classifier (MLP head)                                   Linear(3136,512)->ReLU->Dropout->Linear(512,1)    1,606,657
  TOTAL TRAINABLE                                                                                          1,614,915
Frozen:
  encoder (frozen microsoft/mdeberta-v3-base: token/position/token-type text embeddings + transformer layers) hidden_size=768                                278,218,752
  TOTAL FROZEN                                                                                           278,218,752
=== Step 3: Train (train=expert_train+gate_train), early-stop on val (calibration) ===
Epoch 1: train_loss=0.0902 val_loss=0.1274
Epoch 2: train_loss=0.0779 val_loss=0.0838
Epoch 3: train_loss=0.0622 val_loss=0.0728
Epoch 4: train_loss=0.0547 val_loss=0.0707
Epoch 5: train_loss=0.0487 val_loss=0.0653
Epoch 6: train_loss=0.0441 val_loss=0.0632
Epoch 7: train_loss=0.0407 val_loss=0.0623
Epoch 8: train_loss=0.0383 val_loss=0.0719
Epoch 9: train_loss=0.0359 val_loss=0.0665
Epoch 10: train_loss=0.0346 val_loss=0.0720
Early stopping at epoch 10: no val-loss improvement for 3 epochs
Best epoch: 7 (train_loss=0.0407, val_loss=0.0623)
=== Step 4: Save checkpoint ===
Saved /Utilisateurs/pchau/workspace/confidence-aware/checkpoints_phase2/mdeberta-v3_mlp.pt
=== Step 5: Plot train/val training curve ===
Saved /Utilisateurs/pchau/workspace/confidence-aware/figures/modeling/mdeberta-v3_mlp_track_training.png
=== Done ===
Variant: multilingual-e5_mlp
Using device: cuda
=== Step 1: Load tokenizer and build train/val datasets ===
Loading intfloat/multilingual-e5-base
81278 train (expert_train+gate_train) candidates, 10107 val (calibration) candidates
=== Step 2: Build model ===
Trainable parameters:
  dict_flag_embedding (DictFlagEmb)                       Embedding(5, 768)                                    3,840
  lambda_dict                                             scalar                                                   1
  target_flag_embedding (TargetFlagEmb)                   Embedding(4, 768)                                    3,072
  lambda_target                                           scalar                                                   1
  type_embedding (TypeEmb)                                Embedding(5, 32)                                       160
  score_mlp (ScoreMLP, score_features=full)               Linear(3,32)->ReLU->Linear(32,32)                    1,184
  classifier (MLP head)                                   Linear(3136,512)->ReLU->Dropout->Linear(512,1)    1,606,657
  TOTAL TRAINABLE                                                                                          1,614,915
Frozen:
  encoder (frozen intfloat/multilingual-e5-base: token/position/token-type text embeddings + transformer layers) hidden_size=768                                278,043,648
  TOTAL FROZEN                                                                                           278,043,648
=== Step 3: Train (train=expert_train+gate_train), early-stop on val (calibration) ===
Epoch 1: train_loss=0.0790 val_loss=0.1041
Epoch 2: train_loss=0.0650 val_loss=0.0743
Epoch 3: train_loss=0.0607 val_loss=0.0749
Epoch 4: train_loss=0.0562 val_loss=0.0699
Epoch 5: train_loss=0.0532 val_loss=0.0693
Epoch 6: train_loss=0.0493 val_loss=0.0643
Epoch 7: train_loss=0.0472 val_loss=0.0655
Epoch 8: train_loss=0.0445 val_loss=0.0670
Epoch 9: train_loss=0.0424 val_loss=0.0673
Early stopping at epoch 9: no val-loss improvement for 3 epochs
Best epoch: 6 (train_loss=0.0493, val_loss=0.0643)
=== Step 4: Save checkpoint ===
Saved /Utilisateurs/pchau/workspace/confidence-aware/checkpoints_phase2/multilingual-e5_mlp.pt
=== Step 5: Plot train/val training curve ===
Saved /Utilisateurs/pchau/workspace/confidence-aware/figures/modeling/multilingual-e5_mlp_track_training.png
=== Done ===
Variant: xlm-roberta_mlp
Using device: cuda
=== Step 1: Load tokenizer and build train/val datasets ===
Loading xlm-roberta-base
81278 train (expert_train+gate_train) candidates, 10107 val (calibration) candidates
=== Step 2: Build model ===
Trainable parameters:
  dict_flag_embedding (DictFlagEmb)                       Embedding(5, 768)                                    3,840
  lambda_dict                                             scalar                                                   1
  target_flag_embedding (TargetFlagEmb)                   Embedding(4, 768)                                    3,072
  lambda_target                                           scalar                                                   1
  type_embedding (TypeEmb)                                Embedding(5, 32)                                       160
  score_mlp (ScoreMLP, score_features=full)               Linear(3,32)->ReLU->Linear(32,32)                    1,184
  classifier (MLP head)                                   Linear(3136,512)->ReLU->Dropout->Linear(512,1)    1,606,657
  TOTAL TRAINABLE                                                                                          1,614,915
Frozen:
  encoder (frozen xlm-roberta-base: token/position/token-type text embeddings + transformer layers) hidden_size=768                                278,043,648
  TOTAL FROZEN                                                                                           278,043,648
=== Step 3: Train (train=expert_train+gate_train), early-stop on val (calibration) ===
Epoch 1: train_loss=0.0805 val_loss=0.0977
Epoch 2: train_loss=0.0620 val_loss=0.0681
Epoch 3: train_loss=0.0519 val_loss=0.0666
Epoch 4: train_loss=0.0468 val_loss=0.0630
Epoch 5: train_loss=0.0422 val_loss=0.0563
Epoch 6: train_loss=0.0398 val_loss=0.0551
Epoch 7: train_loss=0.0371 val_loss=0.0568
Epoch 8: train_loss=0.0356 val_loss=0.0573
Epoch 9: train_loss=0.0337 val_loss=0.0570
Early stopping at epoch 9: no val-loss improvement for 3 epochs
Best epoch: 6 (train_loss=0.0398, val_loss=0.0551)
=== Step 4: Save checkpoint ===
Saved /Utilisateurs/pchau/workspace/confidence-aware/checkpoints_phase2/xlm-roberta_mlp.pt
=== Step 5: Plot train/val training curve ===
Saved /Utilisateurs/pchau/workspace/confidence-aware/figures/modeling/xlm-roberta_mlp_track_training.png
=== Done ===
Using device: cuda
=== Step 1: Load checkpoint ===
Loading checkpoints_phase2/bert-base-multilingual-cased_mlp.pt
encoder_name=google-bert/bert-base-multilingual-cased variant=bert-base-multilingual-cased_mlp
=== Step 2: Load tokenizer and dataset ===
20580 candidates (split='test')
=== Step 3: Score every candidate ===
=== Step 4: Save scores CSV ===
Saved /Utilisateurs/pchau/workspace/confidence-aware/data_phase2/bert-base-multilingual-cased_mlp_scores.csv
=== Step 5: Compute metrics ===
20580 candidates -- Brier=0.0127 ECE=0.0040 MCE=0.0818 AUROC=0.9946 E-AURC=0.0052
=== Done ===

To compare against B0/B1/B3/MLP and produce the standard plots, run:
  python src/modeling/plot_reliability_diagram.py --platt-scaling-score data/platt_scaling.csv --logistic-score data/logistic_regression.csv --mlp-score data/mlp_baseline.csv --camembert-mlp-score /Utilisateurs/pchau/workspace/confidence-aware/data_phase2/bert-base-multilingual-cased_mlp_scores.csv
Using device: cuda
=== Step 1: Load checkpoint ===
Loading checkpoints_phase2/mdeberta-v3_mlp.pt
encoder_name=microsoft/mdeberta-v3-base variant=mdeberta-v3_mlp
=== Step 2: Load tokenizer and dataset ===
20580 candidates (split='test')
=== Step 3: Score every candidate ===
=== Step 4: Save scores CSV ===
Saved /Utilisateurs/pchau/workspace/confidence-aware/data_phase2/mdeberta-v3_mlp_scores.csv
=== Step 5: Compute metrics ===
20580 candidates -- Brier=0.0133 ECE=0.0030 MCE=0.1490 AUROC=0.9930 E-AURC=0.0059
=== Done ===

To compare against B0/B1/B3/MLP and produce the standard plots, run:
  python src/modeling/plot_reliability_diagram.py --platt-scaling-score data/platt_scaling.csv --logistic-score data/logistic_regression.csv --mlp-score data/mlp_baseline.csv --camembert-mlp-score /Utilisateurs/pchau/workspace/confidence-aware/data_phase2/mdeberta-v3_mlp_scores.csv
Using device: cuda
=== Step 1: Load checkpoint ===
Loading checkpoints_phase2/multilingual-e5_mlp.pt
encoder_name=intfloat/multilingual-e5-base variant=multilingual-e5_mlp
=== Step 2: Load tokenizer and dataset ===
20580 candidates (split='test')
=== Step 3: Score every candidate ===
=== Step 4: Save scores CSV ===
Saved /Utilisateurs/pchau/workspace/confidence-aware/data_phase2/multilingual-e5_mlp_scores.csv
=== Step 5: Compute metrics ===
20580 candidates -- Brier=0.0149 ECE=0.0020 MCE=0.1220 AUROC=0.9914 E-AURC=0.0072
=== Done ===

To compare against B0/B1/B3/MLP and produce the standard plots, run:
  python src/modeling/plot_reliability_diagram.py --platt-scaling-score data/platt_scaling.csv --logistic-score data/logistic_regression.csv --mlp-score data/mlp_baseline.csv --camembert-mlp-score /Utilisateurs/pchau/workspace/confidence-aware/data_phase2/multilingual-e5_mlp_scores.csv
Using device: cuda
=== Step 1: Load checkpoint ===
Loading checkpoints_phase2/xlm-roberta_mlp.pt
encoder_name=xlm-roberta-base variant=xlm-roberta_mlp
=== Step 2: Load tokenizer and dataset ===
20580 candidates (split='test')
=== Step 3: Score every candidate ===
=== Step 4: Save scores CSV ===
Saved /Utilisateurs/pchau/workspace/confidence-aware/data_phase2/xlm-roberta_mlp_scores.csv
=== Step 5: Compute metrics ===
20580 candidates -- Brier=0.0129 ECE=0.0053 MCE=0.1272 AUROC=0.9945 E-AURC=0.0052
=== Done ===

To compare against B0/B1/B3/MLP and produce the standard plots, run:
  python src/modeling/plot_reliability_diagram.py --platt-scaling-score data/platt_scaling.csv --logistic-score data/logistic_regression.csv --mlp-score data/mlp_baseline.csv --camembert-mlp-score /Utilisateurs/pchau/workspace/confidence-aware/data_phase2/xlm-roberta_mlp_scores.csv
=== Step 1: Load /Utilisateurs/pchau/workspace/confidence-aware/data/label_reliability_type_only.csv and merge in ['camembert_mlp', 'mbert', 'mdeberta_v3', 'multilingual_e5', 'xlm_roberta'] ===
111965 candidates joined; scores present: ['camembert_mlp', 'mbert', 'mdeberta_v3', 'multilingual_e5', 'xlm_roberta']
=== Step 2: Filter to split='test' ===
Loading /Utilisateurs/pchau/workspace/confidence-aware/data/hipe2020_train_fr_train_data.csv
20580 candidates remain
=== Step 3: Compute ECE bins and Brier score / ECE / MCE per score ===
camembert_mlp (camembert_mlp_calibrated_score): 20580 candidates across 10 bins -- Brier=0.0111 ECE=0.0037 MCE=0.1055 AUROC=0.9955 E-AURC=0.0044
mbert (mbert_calibrated_score): 20580 candidates across 10 bins -- Brier=0.0127 ECE=0.0040 MCE=0.0818 AUROC=0.9946 E-AURC=0.0052
mdeberta_v3 (mdeberta_v3_calibrated_score): 20580 candidates across 10 bins -- Brier=0.0133 ECE=0.0030 MCE=0.1490 AUROC=0.9930 E-AURC=0.0059
multilingual_e5 (multilingual_e5_calibrated_score): 20580 candidates across 10 bins -- Brier=0.0149 ECE=0.0020 MCE=0.1220 AUROC=0.9914 E-AURC=0.0072
xlm_roberta (xlm_roberta_calibrated_score): 20580 candidates across 10 bins -- Brier=0.0129 ECE=0.0053 MCE=0.1272 AUROC=0.9945 E-AURC=0.0052
=== Step 4: Plot reliability diagram ===
Saved figures/ablation/encoders/reliability_diagram_camembert_mlp_mbert_mdeberta_v3_multilingual_e5_xlm_roberta.png
=== Step 5: Plot metrics bar chart (Brier score, ECE, MCE, AUROC, E-AURC) ===
Saved figures/ablation/encoders/metrics_bar_camembert_mlp_mbert_mdeberta_v3_multilingual_e5_xlm_roberta.png
=== Step 6: Plot ROC curve ===
Saved figures/ablation/encoders/roc_curve_camembert_mlp_mbert_mdeberta_v3_multilingual_e5_xlm_roberta.png
=== Step 7: Plot risk-coverage curve ===
Saved figures/ablation/encoders/risk_coverage_camembert_mlp_mbert_mdeberta_v3_multilingual_e5_xlm_roberta.png
=== Step 8: Save bins table (bin, true, camembert_mlp, mbert, mdeberta_v3, multilingual_e5, xlm_roberta) ===
    bin  count     true      raw  delta_raw  camembert_mlp  delta_camembert_mlp    mbert  delta_mbert  mdeberta_v3  delta_mdeberta_v3  multilingual_e5  delta_multilingual_e5  xlm_roberta  delta_xlm_roberta
0.0-0.1  17309 0.007684 0.002919  -0.004765       0.008745             0.001061 0.009907     0.002223     0.008612           0.000928         0.007378              -0.000306     0.009047           0.001363
0.1-0.2    362 0.030387 0.143766   0.113379       0.033805             0.003418 0.029617    -0.000770     0.040003           0.009617         0.031020               0.000633     0.037590           0.007203
0.2-0.3    244 0.020492 0.245537   0.225045       0.040391             0.019899 0.034496     0.014005     0.042446           0.021954         0.038364               0.017872     0.043748           0.023257
0.3-0.4    198 0.050505 0.351889   0.301383       0.038828            -0.011677 0.042671    -0.007834     0.047494          -0.003012         0.046198              -0.004307     0.040983          -0.009522
0.4-0.5    198 0.080808 0.450768   0.369960       0.086188             0.005380 0.062709    -0.018099     0.082970           0.002161         0.072455              -0.008353     0.076965          -0.003843
0.5-0.6    211 0.109005 0.548638   0.439633       0.103541            -0.005464 0.088727    -0.020278     0.103674          -0.005330         0.097025              -0.011980     0.105198          -0.003807
0.6-0.7    220 0.218182 0.651264   0.433082       0.202619            -0.015563 0.183521    -0.034660     0.207388          -0.010793         0.178243              -0.039939     0.196729          -0.021452
0.7-0.8    249 0.269076 0.752730   0.483654       0.267967            -0.001109 0.250202    -0.018874     0.263859          -0.005217         0.250773              -0.018303     0.280198           0.011121
0.8-0.9    340 0.288235 0.851688   0.563453       0.312670             0.024434 0.297825     0.009590     0.303730           0.015495         0.300525               0.012289     0.348213           0.059978
0.9-1.0   1249 0.622898 0.971566   0.348668       0.628413             0.005515 0.603538    -0.019360     0.628857           0.005958         0.625753               0.002854     0.673520           0.050622
Saved figures/ablation/encoders/bins_camembert_mlp_mbert_mdeberta_v3_multilingual_e5_xlm_roberta.csv
=== Done ===
