Logging stdout to logs/20260723_015455.out, stderr to logs/20260723_015455.err
Env 'cafe' already exists, skipping creation
Thu Jul 23 01:54:56 2026       
+-----------------------------------------------------------------------------------------+
| NVIDIA-SMI 580.159.03             Driver Version: 580.159.03     CUDA Version: 13.0     |
+-----------------------------------------+------------------------+----------------------+
| GPU  Name                 Persistence-M | Bus-Id          Disp.A | Volatile Uncorr. ECC |
| Fan  Temp   Perf          Pwr:Usage/Cap |           Memory-Usage | GPU-Util  Compute M. |
|                                         |                        |               MIG M. |
|=========================================+========================+======================|
|   0  NVIDIA A100-SXM4-40GB          On  |   00000000:AF:00.0 Off |                    0 |
| N/A   35C    P0             28W /  250W |       0MiB /  40960MiB |      0%      Default |
|                                         |                        |             Disabled |
+-----------------------------------------+------------------------+----------------------+

+-----------------------------------------------------------------------------------------+
| Processes:                                                                              |
|  GPU   GI   CI              PID   Type   Process name                        GPU Memory |
|        ID   ID                                                               Usage      |
|=========================================================================================|
|  No running processes found                                                             |
+-----------------------------------------------------------------------------------------+
torch 2.6.0+cu124 | cuda available: True
=== Step 1: Load label_reliability and attach document-level split ===
Loading data/letemps_fr/gliner/data_baseline/label_reliability_span_level_fuzzy.csv
318728 candidates loaded
Loading data/data_source/letemps/letemps_fr.csv
split
train    258698
test      33672
val       26358
=== Step 2: Split train / val ===
258698 train candidates, 26358 val candidates
=== Step 3: Fit Platt scaling on train, early-stop on val ===
Early stopping at epoch 30: no val-loss improvement for 15 epochs
Best epoch: 15 (train_loss=0.0676, val_loss=0.0668)
calibrated_score = sigmoid(-5.8942 + 5.9319 * ner_score)
=== Step 4: Save checkpoint ===
Saved checkpoints/letemps_fr/gliner/phase1/level_ablation/span_level_fuzzy/platt_scaling.pt
=== Step 5: Score every candidate (all splits) ===
=== Step 6: Save platt_scaling.csv to test_results/ (test split only) ===
Saved data/letemps_fr/gliner/data_baseline/level_ablation/span_level_fuzzy/test_results/train_letemps_test_letemps/platt_scaling.csv
=== Step 7: Plot fit vs held-out test-split accuracy ===
Saved figures/letemps_fr/gliner/modeling/level_ablation/span_level_fuzzy/train_letemps_test_letemps/platt_scaling_fit.png
=== Step 8: Plot train/val training curve ===
Saved figures/letemps_fr/gliner/modeling/level_ablation/span_level_fuzzy/train_letemps_test_letemps/platt_scaling_track_training.png
=== Done ===
=== Step 1: Load logistic_regression_data.csv ===
Loading data/letemps_fr/gliner/data_baseline/level_ablation/span_level_fuzzy/logistic_regression_data.csv
318728 candidates
split
train    258698
test      33672
val       26358
=== Step 2: Build B3 feature matrix (train medians + missing-indicator set) ===
30 features, 258698 train candidates, 26358 val candidates
=== Step 3: Fit B3 logistic regression on train, early-stop on val ===
Early stopping at epoch 41: no val-loss improvement for 15 epochs
Best epoch: 26 (train_loss=0.0587, val_loss=0.0612)
Top coefficients (standardized scale, sorted by |coefficient|):
ner_score                            1.458826
predicted_entity_type_ORG           -0.827353
predicted_entity_type_LOC            0.473087
predicted_entity_type_PERS           0.334603
document_ocr_mean                    0.199098
sentence_length                      0.161187
ocr_correct                         -0.134219
context_ocr_min_10                  -0.130534
span_length_characters               0.088931
span_last_word_ocr                  -0.057079
span_low_conf_word_fraction         -0.055259
span_ocr_mean                        0.055259
left_context_ocr_mean_10_missing     0.053297
right_context_ocr_mean_10_missing   -0.046616
sentence_ocr_mean                   -0.043785
=== Step 4: Save checkpoint ===
Saved checkpoints/letemps_fr/gliner/phase1/level_ablation/span_level_fuzzy/logistic_regression.pt
=== Step 5: Score every candidate (all splits) ===
test: 33672 candidates, mean calibrated_score 0.0310
train: 258698 candidates, mean calibrated_score 0.0309
val: 26358 candidates, mean calibrated_score 0.0323
=== Step 6: Save logistic_regression.csv to test_results/ (test split only) ===
Saved data/letemps_fr/gliner/data_baseline/level_ablation/span_level_fuzzy/test_results/train_letemps_test_letemps/logistic_regression.csv
=== Step 7: Plot weights ===
Saved figures/letemps_fr/gliner/modeling/level_ablation/span_level_fuzzy/train_letemps_test_letemps/logistic_regression_weights.png
=== Step 8: Plot train/val training curve ===
Saved figures/letemps_fr/gliner/modeling/level_ablation/span_level_fuzzy/train_letemps_test_letemps/logistic_regression_track_training.png
=== Done ===
Using device: cuda
=== Step 1: Load logistic_regression_data.csv ===
Loading data/letemps_fr/gliner/data_baseline/level_ablation/span_level_fuzzy/logistic_regression_data.csv
318728 candidates
split
train    258698
test      33672
val       26358
=== Step 2: Build feature matrix (train medians + missing-indicator set) ===
30 features, 258698 train candidates, 26358 val candidates
=== Step 3: Standardize features (fit on train only) ===
=== Step 4: Fit MLP on train, early-stop on val ===
Early stopping at epoch 981: no val-loss improvement for 10 epochs
Best epoch: 971 (train_loss=0.0583, val_loss=0.0620)
=== Step 5: Save checkpoint ===
Saved checkpoints/letemps_fr/gliner/phase1/level_ablation/span_level_fuzzy/mlp_baseline.pt
=== Step 6: Score every candidate (all splits) ===
test: 33672 candidates, mean calibrated_score 0.0323
train: 258698 candidates, mean calibrated_score 0.0317
val: 26358 candidates, mean calibrated_score 0.0326
=== Step 7: Save mlp_baseline.csv to test_results/ (test split only) ===
Saved data/letemps_fr/gliner/data_baseline/level_ablation/span_level_fuzzy/test_results/train_letemps_test_letemps/mlp_baseline.csv
=== Step 8: Plot train/val training curve ===
Saved figures/letemps_fr/gliner/modeling/level_ablation/span_level_fuzzy/train_letemps_test_letemps/mlp_baseline_track_training.png
=== Done ===
Variant: mbert_mlp
Using device: cuda
=== Step 1: Load tokenizer and build train/val datasets ===
Loading bert-base-multilingual-cased
258698 train candidates, 26358 val candidates
=== Step 2: Build model ===
Trainable parameters:
  dict_flag_embedding (DictFlagEmb)                       Embedding(5, 768)                                    3,840
  lambda_dict                                             scalar                                                   1
  target_flag_embedding (TargetFlagEmb)                   Embedding(4, 768)                                    3,072
  lambda_target                                           scalar                                                   1
  type_embedding (TypeEmb)                                Embedding(5, 32)                                       160
  score_mlp (ScoreMLP, score_features=full)               Linear(3,32)->ReLU->Linear(32,32)                    1,184
  classifier (MLP head)                                   Linear(3136,512)->ReLU->Dropout->Linear(512,1)    1,606,657
  TOTAL TRAINABLE                                                                                          1,614,915
Frozen:
  encoder (frozen bert-base-multilingual-cased: token/position/token-type text embeddings + transformer layers) hidden_size=768                                177,853,440
  TOTAL FROZEN                                                                                           177,853,440
=== Step 3: Train (train), early-stop on val ===
Epoch 1: train_loss=0.0579 val_loss=0.0499
Epoch 2: train_loss=0.0417 val_loss=0.0464
Epoch 3: train_loss=0.0373 val_loss=0.0492
Epoch 4: train_loss=0.0343 val_loss=0.0479
