Logging stdout to logs/20260723_024806.out, stderr to logs/20260723_024806.err
Env 'cafe' already exists, skipping creation
Thu Jul 23 02:48:07 2026       
+-----------------------------------------------------------------------------------------+
| NVIDIA-SMI 580.159.03             Driver Version: 580.159.03     CUDA Version: 13.0     |
+-----------------------------------------+------------------------+----------------------+
| GPU  Name                 Persistence-M | Bus-Id          Disp.A | Volatile Uncorr. ECC |
| Fan  Temp   Perf          Pwr:Usage/Cap |           Memory-Usage | GPU-Util  Compute M. |
|                                         |                        |               MIG M. |
|=========================================+========================+======================|
|   0  NVIDIA A100-SXM4-40GB          On  |   00000000:AF:00.0 Off |                    0 |
| N/A   38C    P0             29W /  250W |       0MiB /  40960MiB |      0%      Default |
|                                         |                        |             Disabled |
+-----------------------------------------+------------------------+----------------------+

+-----------------------------------------------------------------------------------------+
| Processes:                                                                              |
|  GPU   GI   CI              PID   Type   Process name                        GPU Memory |
|        ID   ID                                                               Usage      |
|=========================================================================================|
|  No running processes found                                                             |
+-----------------------------------------------------------------------------------------+
torch 2.6.0+cu124 | cuda available: True
=== Step 1: Load train data and NER features ===
149853 tokens, 109778 candidates
=== Step 2: Compute span OCR features ===
=== Step 3: Save OCR features ===
Saved OCR features to data/hipe2020_de/gliner/data_baseline/ocr_features.csv
=== Done ===
=== Step 1: Load train data and NER features ===
149853 tokens, 109778 candidates
=== Step 2: Compute context features ===
=== Step 3: Save context features ===
Saved context features to data/hipe2020_de/gliner/data_baseline/context_features.csv
=== Done ===
=== Step 1: Load train data and build the document->split map ===
Loading data/data_source/hipe2020/hipe2020_de.csv
185 documents
=== Step 2: Load and join deduplicated NER + OCR + context features ===
Loading data/hipe2020_de/gliner/data_baseline/deduplicate_ner_features.csv, data/hipe2020_de/gliner/data_baseline/ocr_features.csv, data/hipe2020_de/gliner/data_baseline/context_features.csv
109778 candidates joined
=== Step 3: Merge in reliability_score ===
Loading data/hipe2020_de/gliner/data_baseline/label_reliability_span_level_fuzzy.csv
5561 / 109778 candidates reliable (5.0657%)
=== Step 4: Attach document-level split ===
split
train    63466
val      23662
test     22650
=== Step 5: Drop sentence_chunked (kept in ner_features.csv upstream, but not used as a B3/MLP feature) ===
=== Step 6: Save prepared logistic-regression data ===
Saved data/hipe2020_de/gliner/data_baseline/level_ablation/span_level_fuzzy/logistic_regression_data.csv
=== Done ===
=== Step 1: Load label_reliability and attach document-level split ===
Loading data/hipe2020_de/gliner/data_baseline/label_reliability_span_level_fuzzy.csv
109778 candidates loaded
Loading data/data_source/hipe2020/hipe2020_de.csv
split
train    63466
val      23662
test     22650
=== Step 2: Split train / val ===
63466 train candidates, 23662 val candidates
=== Step 3: Fit Platt scaling on train, early-stop on val ===
Early stopping at epoch 27: no val-loss improvement for 15 epochs
Best epoch: 12 (train_loss=0.1102, val_loss=0.1010)
calibrated_score = sigmoid(-4.9131 + 5.3531 * ner_score)
=== Step 4: Save checkpoint ===
Saved checkpoints/hipe2020_de/gliner/phase1/level_ablation/span_level_fuzzy/platt_scaling.pt
=== Step 5: Score every candidate (all splits) ===
=== Step 6: Save platt_scaling.csv to test_results/ (test split only) ===
Saved data/hipe2020_de/gliner/data_baseline/level_ablation/span_level_fuzzy/test_results/train_hipe2020de_test_hipe2020de/platt_scaling.csv
=== Step 7: Plot fit vs held-out test-split accuracy ===
Saved figures/hipe2020_de/gliner/modeling/level_ablation/span_level_fuzzy/train_hipe2020de_test_hipe2020de/platt_scaling_fit.png
=== Step 8: Plot train/val training curve ===
Saved figures/hipe2020_de/gliner/modeling/level_ablation/span_level_fuzzy/train_hipe2020de_test_hipe2020de/platt_scaling_track_training.png
=== Done ===
=== Step 1: Load logistic_regression_data.csv ===
Loading data/hipe2020_de/gliner/data_baseline/level_ablation/span_level_fuzzy/logistic_regression_data.csv
109778 candidates
split
train    63466
val      23662
test     22650
=== Step 2: Build B3 feature matrix (train medians + missing-indicator set) ===
30 features, 63466 train candidates, 23662 val candidates
=== Step 3: Fit B3 logistic regression on train, early-stop on val ===
Best epoch: 198 (train_loss=0.0892, val_loss=0.0832)
Top coefficients (standardized scale, sorted by |coefficient|):
ner_score                      1.392450
predicted_entity_type_PROD    -0.916919
predicted_entity_type_PERS     0.727462
predicted_entity_type_LOC      0.627567
ocr_correct                   -0.272263
span_ocr_mean                  0.190980
span_low_conf_word_fraction   -0.190980
span_last_word_ocr            -0.179152
left_context_ocr_mean_10      -0.164798
sentence_length                0.153314
context_window_length         -0.136797
right_context_ocr_mean_10     -0.100384
sentence_ocr_mean              0.088900
span_first_word_ocr           -0.083609
sentence_ocr_mean_missing     -0.069075
=== Step 4: Save checkpoint ===
Saved checkpoints/hipe2020_de/gliner/phase1/level_ablation/span_level_fuzzy/logistic_regression.pt
=== Step 5: Score every candidate (all splits) ===
test: 22650 candidates, mean calibrated_score 0.0514
train: 63466 candidates, mean calibrated_score 0.0531
val: 23662 candidates, mean calibrated_score 0.0520
=== Step 6: Save logistic_regression.csv to test_results/ (test split only) ===
Saved data/hipe2020_de/gliner/data_baseline/level_ablation/span_level_fuzzy/test_results/train_hipe2020de_test_hipe2020de/logistic_regression.csv
=== Step 7: Plot weights ===
Saved figures/hipe2020_de/gliner/modeling/level_ablation/span_level_fuzzy/train_hipe2020de_test_hipe2020de/logistic_regression_weights.png
=== Step 8: Plot train/val training curve ===
Saved figures/hipe2020_de/gliner/modeling/level_ablation/span_level_fuzzy/train_hipe2020de_test_hipe2020de/logistic_regression_track_training.png
=== Done ===
Using device: cuda
=== Step 1: Load logistic_regression_data.csv ===
Loading data/hipe2020_de/gliner/data_baseline/level_ablation/span_level_fuzzy/logistic_regression_data.csv
109778 candidates
split
train    63466
val      23662
test     22650
=== Step 2: Build feature matrix (train medians + missing-indicator set) ===
30 features, 63466 train candidates, 23662 val candidates
=== Step 3: Standardize features (fit on train only) ===
=== Step 4: Fit MLP on train, early-stop on val ===
Early stopping at epoch 955: no val-loss improvement for 10 epochs
Best epoch: 945 (train_loss=0.0849, val_loss=0.0811)
=== Step 5: Save checkpoint ===
Saved checkpoints/hipe2020_de/gliner/phase1/level_ablation/span_level_fuzzy/mlp_baseline.pt
=== Step 6: Score every candidate (all splits) ===
test: 22650 candidates, mean calibrated_score 0.0516
train: 63466 candidates, mean calibrated_score 0.0528
val: 23662 candidates, mean calibrated_score 0.0507
=== Step 7: Save mlp_baseline.csv to test_results/ (test split only) ===
Saved data/hipe2020_de/gliner/data_baseline/level_ablation/span_level_fuzzy/test_results/train_hipe2020de_test_hipe2020de/mlp_baseline.csv
=== Step 8: Plot train/val training curve ===
Saved figures/hipe2020_de/gliner/modeling/level_ablation/span_level_fuzzy/train_hipe2020de_test_hipe2020de/mlp_baseline_track_training.png
=== Done ===
=== Step 1: Load train data and build per-document token/dict-flag tables ===
Loading data/data_source/hipe2020/hipe2020_de.csv
185 documents
=== Step 2: Load candidates (entity_text, predicted_type, ner_score, reliability_score) ===
Loading data/hipe2020_de/gliner/data_baseline/label_reliability_span_level_fuzzy.csv
109778 candidates
=== Step 3: Build candidate-specific windows ===
Wrote 109778 candidate windows to data/hipe2020_de/gliner/data_phase2/level_ablation/span_level_fuzzy/phase2_candidate_windows.jsonl
=== Step 4: Sanity check -- reconstruct target span from 20 random windows ===
[OK] candidate=luxwort-1848-04-23-a-i0003__s3__40-40 span_text='nur' reconstructed='nur'
[OK] candidate=NZZ-1838-06-04-a-p0004__s6__1076-1076 span_text='man' reconstructed='man'
[OK] candidate=NZZ-1808-04-29-a-p0002__s19__500-500 span_text='sagten' reconstructed='sagten'
[OK] candidate=luxwort-1868-12-18-a-i0004__s8__333-333 span_text='ein' reconstructed='ein'
[OK] candidate=NZZ-1888-06-07-a-p0001__s4__220-221 span_text='und durch' reconstructed='und durch'
[OK] candidate=NZZ-1878-08-23-b-p0001__s3__98-98 span_text='Kämpfe' reconstructed='Kämpfe'
[OK] candidate=NZZ-1878-01-07-b-p0002__s19__521-521 span_text='sowie' reconstructed='sowie'
[OK] candidate=NZZ-1848-04-08-a-p0001__s10__332-332 span_text='etwas' reconstructed='etwas'
[OK] candidate=luxwort-1868-09-23-a-i0011__s5__196-196 span_text='Beschlüsse' reconstructed='Beschlüsse'
[OK] candidate=NZZ-1838-03-30-a-p0001__s12__527-528 span_text='am Ende' reconstructed='am Ende'
[OK] candidate=luxwort-1848-10-11-a-i0002__s19__449-449 span_text='die' reconstructed='die'
[OK] candidate=luxwort-1868-12-18-a-i0004__s4__191-191 span_text='Dämmerlicht' reconstructed='Dämmerlicht'
[OK] candidate=NZZ-1938-08-09-d-p0002__s137__2049-2049 span_text=')' reconstructed=')'
[OK] candidate=NZZ-1828-07-09-a-p0004__s13__1308-1308 span_text='Befeyle' reconstructed='Befeyle'
[OK] candidate=NZZ-1948-01-28-b-p0001__s16__468-468 span_text='an' reconstructed='an'
[OK] candidate=NZZ-1918-09-09-c-p0002__s104__1193-1193 span_text='daß' reconstructed='daß'
[OK] candidate=NZZ-1808-10-07-a-p0003__s4__51-53 span_text='Fa¬ briken' reconstructed='Fa¬ briken'
[OK] candidate=NZZ-1808-08-12-a-p0003__s13__257-257 span_text='aus' reconstructed='aus'
[OK] candidate=NZZ-1828-11-15-a-p0001__s6__274-274 span_text='inländischen' reconstructed='inländischen'
[OK] candidate=NZZ-1868-12-11-a-p0003__s16__270-270 span_text='Roguin' reconstructed='Roguin'
All 20 sampled windows reconstructed their target span correctly
=== Done ===
Variant: mbert_mlp
Using device: cuda
=== Step 1: Load tokenizer and build train/val datasets ===
Loading bert-base-multilingual-cased
63466 train candidates, 23662 val candidates
=== Step 2: Build model ===
Trainable parameters:
  dict_flag_embedding (DictFlagEmb)                       Embedding(5, 768)                                    3,840
  lambda_dict                                             scalar                                                   1
  target_flag_embedding (TargetFlagEmb)                   Embedding(4, 768)                                    3,072
  lambda_target                                           scalar                                                   1
  type_embedding (TypeEmb)                                Embedding(5, 32)                                       160
  score_mlp (ScoreMLP, score_features=full)               Linear(3,32)->ReLU->Linear(32,32)                    1,184
  classifier (MLP head)                                   Linear(3136,512)->ReLU->Dropout->Linear(512,1)    1,606,657
  TOTAL TRAINABLE                                                                                          1,614,915
Frozen:
  encoder (frozen bert-base-multilingual-cased: token/position/token-type text embeddings + transformer layers) hidden_size=768                                177,853,440
  TOTAL FROZEN                                                                                           177,853,440
=== Step 3: Train (train), early-stop on val ===
Epoch 1: train_loss=0.0968 val_loss=0.0659
Epoch 2: train_loss=0.0597 val_loss=0.0499
Epoch 3: train_loss=0.0472 val_loss=0.0470
Epoch 4: train_loss=0.0425 val_loss=0.0450
Epoch 5: train_loss=0.0367 val_loss=0.0436
Epoch 6: train_loss=0.0328 val_loss=0.0476
Epoch 7: train_loss=0.0303 val_loss=0.0459
Epoch 8: train_loss=0.0265 val_loss=0.0462
Early stopping at epoch 8: no val-loss improvement for 3 epochs
Best epoch: 5 (train_loss=0.0367, val_loss=0.0436)
=== Step 4: Save checkpoint ===
Saved checkpoints/hipe2020_de/gliner/phase2/level_ablation/span_level_fuzzy/mbert_mlp.pt
=== Step 5: Plot train/val training curve ===
Saved figures/hipe2020_de/gliner/phase2/level_ablation/span_level_fuzzy/train_hipe2020de_test_hipe2020de/train_tracking/mbert_mlp_track_training.png
=== Done ===
Using device: cuda
=== Step 1: Load checkpoint ===
Loading checkpoints/hipe2020_de/gliner/phase2/level_ablation/span_level_fuzzy/mbert_mlp.pt
encoder_name=bert-base-multilingual-cased variant=mbert_mlp
=== Step 2: Load tokenizer and dataset ===
22650 candidates (split='test')
=== Step 3: Score every candidate ===
=== Step 4: Save scores CSV ===
Saved data/hipe2020_de/gliner/data_phase2/level_ablation/span_level_fuzzy/test_results/train_hipe2020de_test_hipe2020de/mbert_mlp_scores.csv
=== Step 5: Compute metrics ===
22650 candidates -- Brier=0.0137 ECE=0.0050 MCE=0.1193 AUROC=0.9887 E-AURC=0.0083
=== Done ===

To compare against B0/B1/B3/MLP and produce the standard plots, run:
  python src/phase1/modeling/plot_reliability_diagram.py --platt-scaling-score data/data_baseline/test_results/platt_scaling.csv --logistic-score data/data_baseline/test_results/logistic_regression.csv --mlp-score data/data_baseline/test_results/mlp_baseline.csv --camembert-mlp-score data/hipe2020_de/gliner/data_phase2/level_ablation/span_level_fuzzy/test_results/train_hipe2020de_test_hipe2020de/mbert_mlp_scores.csv --camembert-mlp-label mbert_mlp
Variant: mbert_simple_mlp
Using device: cuda
=== Step 1: Load tokenizer and build train/val datasets ===
Loading bert-base-multilingual-cased
63466 train candidates, 23662 val candidates
=== Step 2: Build model ===
Trainable parameters:
  classifier (MLP head)                                   Linear(4608,512)->ReLU->Dropout->Linear(512,1)    2,360,321
  TOTAL TRAINABLE                                                                                          2,360,321
Frozen:
  encoder (frozen bert-base-multilingual-cased: full transformer, no side embeddings) hidden_size=768                                177,853,440
  TOTAL FROZEN                                                                                           177,853,440
=== Step 3: Train (train), early-stop on val ===
Epoch 1: train_loss=0.1055 val_loss=0.0674
Epoch 2: train_loss=0.0764 val_loss=0.0668
Epoch 3: train_loss=0.0727 val_loss=0.0728
Epoch 4: train_loss=0.0711 val_loss=0.0598
Epoch 5: train_loss=0.0677 val_loss=0.0622
Epoch 6: train_loss=0.0673 val_loss=0.0694
Epoch 7: train_loss=0.0647 val_loss=0.0624
Early stopping at epoch 7: no val-loss improvement for 3 epochs
Best epoch: 4 (train_loss=0.0711, val_loss=0.0598)
=== Step 4: Save checkpoint ===
Saved checkpoints/hipe2020_de/gliner/phase2/variants_ablation/train_hipe2020de_test_hipe2020de/mbert_simple_mlp.pt
=== Step 5: Plot train/val training curve ===
Saved figures/hipe2020_de/gliner/phase2/variants_ablation/train_hipe2020de_test_hipe2020de/train_tracking/mbert_simple_mlp_track_training.png
=== Done ===
Using device: cuda
=== Step 1: Load checkpoint ===
Loading checkpoints/hipe2020_de/gliner/phase2/variants_ablation/train_hipe2020de_test_hipe2020de/mbert_simple_mlp.pt
encoder_name=bert-base-multilingual-cased variant=mbert_simple_mlp
=== Step 2: Load tokenizer and dataset ===
22650 candidates (split='test')
=== Step 3: Score every candidate ===
=== Step 4: Save scores CSV ===
Saved data/hipe2020_de/gliner/data_phase2/variants_ablation/train_hipe2020de_test_hipe2020de/mbert_simple_mlp_scores.csv
=== Step 5: Compute metrics ===
22650 candidates -- Brier=0.0170 ECE=0.0041 MCE=0.1394 AUROC=0.9772 E-AURC=0.0141
=== Done ===

To compare against phase2's without_dict_flag ablation (the fair baseline -- see compare.py's module docstring for why), run (or just python src/phase2/simple/compare.py if this is the default path/variant name):
  python src/phase2/simple/compare.py --simple-one-score data/hipe2020_de/gliner/data_phase2/variants_ablation/train_hipe2020de_test_hipe2020de/mbert_simple_mlp_scores.csv --simple-one-label mbert_simple_mlp
Variant: mbert_experts
Using device: cuda
=== Step 1: Load tokenizer and build train/val datasets (reused from phase2) ===
Loading bert-base-multilingual-cased
63466 train candidates, 23662 val candidates
=== Step 2: Build model ===
Trainable parameters:
  dict_flag_embedding (DictFlagEmb)                       Embedding(5, 768)                                    3,840
  lambda_dict                                             scalar                                                   1
  target_flag_embedding (TargetFlagEmb)                   Embedding(4, 768)                                    3,072
  lambda_target                                           scalar                                                   1
  type_embedding (TypeEmb)                                Embedding(5, 32)                                       160
  score_mlp (ScoreMLP, full)                              Linear(3,32)->ReLU->Linear(32,32)                    1,184
  experts[0] (latent Expert_0)                            Linear(3136,64)->ReLU->Dropout->Linear(64,1)       200,833
  experts[1] (latent Expert_1)                            Linear(3136,64)->ReLU->Dropout->Linear(64,1)       200,833
  experts[2] (latent Expert_2)                            Linear(3136,64)->ReLU->Dropout->Linear(64,1)       200,833
  experts[3] (latent Expert_3)                            Linear(3136,64)->ReLU->Dropout->Linear(64,1)       200,833
  gate (softmax over K experts)                           Linear(3136,128)->ReLU->Linear(128,4)              402,052
  TOTAL TRAINABLE                                                                                          1,213,642
Frozen:
  encoder (frozen bert-base-multilingual-cased: token/position/token-type text embeddings + transformer layers) hidden_size=768                                177,853,440
  TOTAL FROZEN                                                                                           177,853,440
=== Step 3: Train (train), early-stop on val (lambda_balance=0.01) ===
Epoch 1: train_loss=0.1053 (balance=2.9687) val_loss=0.0868 (balance=3.0000)
Epoch 2: train_loss=0.0841 (balance=3.0000) val_loss=0.0576 (balance=3.0000)
Epoch 3: train_loss=0.0565 (balance=2.9997) val_loss=0.0470 (balance=3.0000)
Epoch 4: train_loss=0.0517 (balance=2.4433) val_loss=0.0493 (balance=1.1989)
Epoch 5: train_loss=0.0438 (balance=1.0550) val_loss=0.0471 (balance=1.2260)
Epoch 6: train_loss=0.0390 (balance=1.0757) val_loss=0.0447 (balance=1.2200)
Epoch 7: train_loss=0.0379 (balance=1.0728) val_loss=0.0503 (balance=1.1957)
Epoch 8: train_loss=0.0335 (balance=1.0222) val_loss=0.0452 (balance=1.1906)
Epoch 9: train_loss=0.0319 (balance=1.1331) val_loss=0.0444 (balance=1.1988)
Epoch 10: train_loss=0.0311 (balance=1.0432) val_loss=0.0515 (balance=1.2280)
Epoch 11: train_loss=0.0288 (balance=1.0230) val_loss=0.0477 (balance=1.2188)
Epoch 12: train_loss=0.0295 (balance=1.1420) val_loss=0.0482 (balance=1.1973)
Early stopping at epoch 12: no val-loss improvement for 3 epochs
Best epoch: 9 (train_loss=0.0319, val_loss=0.0444)
=== Step 4: Save checkpoint ===
Saved checkpoints/hipe2020_de/gliner/phase2/variants_ablation/train_hipe2020de_test_hipe2020de/mbert_experts.pt
=== Step 5: Plot train/val training curve ===
Saved figures/hipe2020_de/gliner/phase2/variants_ablation/train_hipe2020de_test_hipe2020de/train_tracking/mbert_experts_track_training.png
=== Done ===
Using device: cuda
=== Step 1: Load checkpoint ===
Loading checkpoints/hipe2020_de/gliner/phase2/variants_ablation/train_hipe2020de_test_hipe2020de/mbert_experts.pt
encoder_name=bert-base-multilingual-cased variant=mbert_experts
=== Step 2: Load tokenizer and dataset (reused from phase2) ===
22650 candidates (split='test')
=== Step 3: Score every candidate (also recording the gate's per-expert alpha weights) ===
=== Step 4: Save scores CSV ===
Saved data/hipe2020_de/gliner/data_phase2/variants_ablation/train_hipe2020de_test_hipe2020de/mbert_experts_scores.csv
=== Step 5: Compute metrics ===
22650 candidates -- Brier=0.0137 ECE=0.0064 MCE=0.1087 AUROC=0.9884 E-AURC=0.0081
=== Done ===

To compare against phase2's full model, run:
  python src/phase2/expert/compare.py --experts-score data/hipe2020_de/gliner/data_phase2/variants_ablation/train_hipe2020de_test_hipe2020de/mbert_experts_scores.csv

To see which expert(s) actually drove these scores (usage distribution + pairwise similarity), run:
  python src/phase2/expert/analyze_experts.py --scores data/hipe2020_de/gliner/data_phase2/variants_ablation/train_hipe2020de_test_hipe2020de/mbert_experts_scores.csv
=== Step 1: Load data/hipe2020_de/gliner/data_baseline/label_reliability_span_level_fuzzy.csv and merge in ['platt_scaling', 'logistic', 'mlp', 'mbert_mlp_base', 'mbert_simple_mlp', 'mbert_experts'] ===
109778 candidates joined; scores present: ['raw', 'platt_scaling', 'logistic', 'mlp', 'mbert_mlp_base', 'mbert_simple_mlp', 'mbert_experts']
=== Step 2: Filter to split='test' ===
Loading data/data_source/hipe2020/hipe2020_de.csv
22650 candidates remain
=== Step 3: Compute ECE bins and Brier score / ECE / MCE per score ===
  raw (ner_score): 22650 candidates across 10 bins -- Brier=0.0568 ECE=0.0684 MCE=0.5886 AUROC=0.9253 E-AURC=0.0323
  platt_scaling (platt_scaling_calibrated_score): 22650 candidates across 10 bins -- Brier=0.0282 ECE=0.0103 MCE=0.1862 AUROC=0.9253 E-AURC=0.0323
  logistic (logistic_calibrated_score): 22650 candidates across 10 bins -- Brier=0.0230 ECE=0.0060 MCE=0.1969 AUROC=0.9501 E-AURC=0.0239
  mlp (mlp_calibrated_score): 22650 candidates across 10 bins -- Brier=0.0228 ECE=0.0055 MCE=0.0993 AUROC=0.9525 E-AURC=0.0238
  mbert_mlp_base (mbert_mlp_base_calibrated_score): 22650 candidates across 10 bins -- Brier=0.0137 ECE=0.0050 MCE=0.1193 AUROC=0.9887 E-AURC=0.0083
  mbert_simple_mlp (mbert_simple_mlp_calibrated_score): 22650 candidates across 10 bins -- Brier=0.0170 ECE=0.0041 MCE=0.1394 AUROC=0.9772 E-AURC=0.0141
  mbert_experts (mbert_experts_calibrated_score): 22650 candidates across 10 bins -- Brier=0.0137 ECE=0.0064 MCE=0.1087 AUROC=0.9884 E-AURC=0.0081
=== Step 4: Plot reliability diagram ===
Saved figures/hipe2020_de/gliner/phase2/variants_ablation/train_hipe2020de_test_hipe2020de/reliability_diagram_raw_platt_scaling_logistic_mlp_mbert_mlp_base_mbert_simple_mlp_mbert_experts.png
=== Step 5: Plot metrics bar chart (Brier score, ECE, MCE, AUROC, E-AURC) ===
Saved figures/hipe2020_de/gliner/phase2/variants_ablation/train_hipe2020de_test_hipe2020de/metrics_bar_raw_platt_scaling_logistic_mlp_mbert_mlp_base_mbert_simple_mlp_mbert_experts.png
=== Step 6: Plot ROC curve ===
Saved figures/hipe2020_de/gliner/phase2/variants_ablation/train_hipe2020de_test_hipe2020de/roc_curve_raw_platt_scaling_logistic_mlp_mbert_mlp_base_mbert_simple_mlp_mbert_experts.png
=== Step 7: Plot risk-coverage curve ===
Saved figures/hipe2020_de/gliner/phase2/variants_ablation/train_hipe2020de_test_hipe2020de/risk_coverage_raw_platt_scaling_logistic_mlp_mbert_mlp_base_mbert_simple_mlp_mbert_experts.png
=== Step 8: Save bins table (bin, true, raw, platt_scaling, logistic, mlp, mbert_mlp_base, mbert_simple_mlp, mbert_experts) ===
    bin  count     true      raw  delta_raw  platt_scaling  delta_platt_scaling  logistic  delta_logistic      mlp  delta_mlp  mbert_mlp_base  delta_mbert_mlp_base  mbert_simple_mlp  delta_mbert_simple_mlp  mbert_experts  delta_mbert_experts
0.0-0.1  18846 0.007004 0.003499  -0.003505       0.007451             0.000447  0.007600        0.000596 0.007942   0.000938        0.008899              0.001895          0.008101                0.001097       0.007479             0.000475
0.1-0.2    488 0.020492 0.144551   0.124060       0.015859            -0.004632  0.017181       -0.003311 0.023806   0.003314        0.031905              0.011413          0.036218                0.015726       0.023337             0.002845
0.2-0.3    336 0.029762 0.248748   0.218986       0.027375            -0.002387  0.027335       -0.002427 0.037549   0.007787        0.036066              0.006304          0.048104                0.018342       0.032794             0.003032
0.3-0.4    299 0.040134 0.351336   0.311202       0.046426             0.006292  0.043733        0.003599 0.049912   0.009778        0.047914              0.007780          0.055825                0.015692       0.041394             0.001261
0.4-0.5    274 0.058394 0.452633   0.394238       0.077243             0.018849  0.079862        0.021468 0.088310   0.029916        0.061872              0.003478          0.088258                0.029864       0.055913            -0.002481
0.5-0.6    279 0.093190 0.550025   0.456835       0.123498             0.030308  0.122131        0.028941 0.135014   0.041824        0.089175             -0.004015          0.099542                0.006352       0.094361             0.001171
0.6-0.7    249 0.124498 0.648882   0.524384       0.192768             0.068270  0.192948        0.068450 0.199671   0.075173        0.123889             -0.000609          0.159865                0.035367       0.115406            -0.009092
0.7-0.8    335 0.170149 0.749069   0.578920       0.289391             0.119241  0.270948        0.100798 0.264402   0.094253        0.179064              0.008915          0.202427                0.032278       0.173883             0.003734
0.8-0.9    383 0.263708 0.852353   0.588645       0.413790             0.150083  0.371812        0.108104 0.369097   0.105389        0.273277              0.009569          0.281605                0.017898       0.271811             0.008103
0.9-1.0   1161 0.564169 0.968683   0.404514       0.567345             0.003176  0.561874       -0.002295 0.548903  -0.015266        0.585164              0.020995          0.554748               -0.009421       0.591679             0.027510
Saved figures/hipe2020_de/gliner/phase2/variants_ablation/train_hipe2020de_test_hipe2020de/bins_raw_platt_scaling_logistic_mlp_mbert_mlp_base_mbert_simple_mlp_mbert_experts.csv
=== Done ===
=== Step 1: Load data/hipe2020_de/gliner/data_baseline/label_reliability_span_level_fuzzy.csv and merge in ['platt_scaling', 'logistic', 'mlp', 'mbert_mlp_base', 'mbert_simple_mlp', 'mbert_experts'] ===
109778 candidates joined; scores present: ['raw', 'platt_scaling', 'logistic', 'mlp', 'mbert_mlp_base', 'mbert_simple_mlp', 'mbert_experts']
=== Step 2: Filter to split='test' ===
Loading data/data_source/hipe2020/hipe2020_de.csv
22650 candidates remain
=== Step 3: Compute per-type series for ['PERS', 'LOC', 'ORG', 'TIME', 'PROD'] ===
PERS: 4953 candidates
  raw (ner_score): 4953 candidates across 10 bins -- Brier=0.0605 ECE=0.0684 MCE=0.5208 AUROC=0.8946 E-AURC=0.0440
  platt_scaling (platt_scaling_calibrated_score): 4953 candidates across 10 bins -- Brier=0.0403 ECE=0.0200 MCE=0.2748 AUROC=0.8946 E-AURC=0.0440
  logistic (logistic_calibrated_score): 4953 candidates across 10 bins -- Brier=0.0413 ECE=0.0189 MCE=0.3086 AUROC=0.9019 E-AURC=0.0467
  mlp (mlp_calibrated_score): 4953 candidates across 10 bins -- Brier=0.0397 ECE=0.0165 MCE=0.2123 AUROC=0.9063 E-AURC=0.0415
  mbert_mlp_base (mbert_mlp_base_calibrated_score): 4953 candidates across 10 bins -- Brier=0.0232 ECE=0.0156 MCE=0.4106 AUROC=0.9797 E-AURC=0.0143
  mbert_simple_mlp (mbert_simple_mlp_calibrated_score): 4953 candidates across 10 bins -- Brier=0.0278 ECE=0.0094 MCE=0.1909 AUROC=0.9569 E-AURC=0.0249
  mbert_experts (mbert_experts_calibrated_score): 4953 candidates across 10 bins -- Brier=0.0230 ECE=0.0184 MCE=0.3739 AUROC=0.9805 E-AURC=0.0129
LOC: 1707 candidates
  raw (ner_score): 1707 candidates across 10 bins -- Brier=0.1027 ECE=0.0921 MCE=0.3267 AUROC=0.9408 E-AURC=0.0507
  platt_scaling (platt_scaling_calibrated_score): 1707 candidates across 10 bins -- Brier=0.1078 ECE=0.1046 MCE=0.3131 AUROC=0.9408 E-AURC=0.0507
  logistic (logistic_calibrated_score): 1707 candidates across 10 bins -- Brier=0.0875 ECE=0.0200 MCE=0.1275 AUROC=0.9280 E-AURC=0.0609
  mlp (mlp_calibrated_score): 1707 candidates across 10 bins -- Brier=0.0901 ECE=0.0165 MCE=0.1725 AUROC=0.9242 E-AURC=0.0702
  mbert_mlp_base (mbert_mlp_base_calibrated_score): 1707 candidates across 10 bins -- Brier=0.0533 ECE=0.0248 MCE=0.1551 AUROC=0.9747 E-AURC=0.0228
  mbert_simple_mlp (mbert_simple_mlp_calibrated_score): 1707 candidates across 10 bins -- Brier=0.0574 ECE=0.0210 MCE=0.1023 AUROC=0.9653 E-AURC=0.0361
  mbert_experts (mbert_experts_calibrated_score): 1707 candidates across 10 bins -- Brier=0.0516 ECE=0.0281 MCE=0.2369 AUROC=0.9768 E-AURC=0.0216
ORG: 2917 candidates
  raw (ner_score): 2917 candidates across 10 bins -- Brier=0.1377 ECE=0.1776 MCE=0.7691 AUROC=0.9132 E-AURC=0.0441
  platt_scaling (platt_scaling_calibrated_score): 2917 candidates across 10 bins -- Brier=0.0434 ECE=0.0597 MCE=0.3785 AUROC=0.9132 E-AURC=0.0441
  logistic (logistic_calibrated_score): 2917 candidates across 10 bins -- Brier=0.0280 ECE=0.0096 MCE=0.3737 AUROC=0.9094 E-AURC=0.0481
  mlp (mlp_calibrated_score): 2917 candidates across 10 bins -- Brier=0.0288 ECE=0.0092 MCE=0.2366 AUROC=0.9053 E-AURC=0.0531
  mbert_mlp_base (mbert_mlp_base_calibrated_score): 2917 candidates across 10 bins -- Brier=0.0238 ECE=0.0061 MCE=0.2260 AUROC=0.9431 E-AURC=0.0315
  mbert_simple_mlp (mbert_simple_mlp_calibrated_score): 2917 candidates across 10 bins -- Brier=0.0308 ECE=0.0159 MCE=0.9244 AUROC=0.9292 E-AURC=0.0490
  mbert_experts (mbert_experts_calibrated_score): 2917 candidates across 10 bins -- Brier=0.0250 ECE=0.0101 MCE=0.3504 AUROC=0.9479 E-AURC=0.0323
TIME: 4027 candidates
  raw (ner_score): 4027 candidates across 10 bins -- Brier=0.0541 ECE=0.0657 MCE=0.8228 AUROC=0.8036 E-AURC=0.0353
  platt_scaling (platt_scaling_calibrated_score): 4027 candidates across 10 bins -- Brier=0.0214 ECE=0.0200 MCE=0.3756 AUROC=0.8036 E-AURC=0.0353
  logistic (logistic_calibrated_score): 4027 candidates across 10 bins -- Brier=0.0167 ECE=0.0057 MCE=0.5463 AUROC=0.7309 E-AURC=0.0436
  mlp (mlp_calibrated_score): 4027 candidates across 10 bins -- Brier=0.0160 ECE=0.0047 MCE=0.5843 AUROC=0.8061 E-AURC=0.0366
  mbert_mlp_base (mbert_mlp_base_calibrated_score): 4027 candidates across 10 bins -- Brier=0.0040 ECE=0.0035 MCE=0.2319 AUROC=0.9979 E-AURC=0.0020
  mbert_simple_mlp (mbert_simple_mlp_calibrated_score): 4027 candidates across 10 bins -- Brier=0.0101 ECE=0.0021 MCE=0.2172 AUROC=0.9366 E-AURC=0.0160
  mbert_experts (mbert_experts_calibrated_score): 4027 candidates across 10 bins -- Brier=0.0045 ECE=0.0031 MCE=0.3547 AUROC=0.9972 E-AURC=0.0023
PROD: 9046 candidates
  raw (ner_score): 9046 candidates across 10 bins -- Brier=0.0212 ECE=0.0355 MCE=0.8578 AUROC=0.8244 E-AURC=0.0080
  platt_scaling (platt_scaling_calibrated_score): 9046 candidates across 10 bins -- Brier=0.0047 ECE=0.0154 MCE=0.4518 AUROC=0.8244 E-AURC=0.0080
  logistic (logistic_calibrated_score): 9046 candidates across 10 bins -- Brier=0.0020 ECE=0.0006 MCE=0.1063 AUROC=0.9004 E-AURC=0.0077
  mlp (mlp_calibrated_score): 9046 candidates across 10 bins -- Brier=0.0020 ECE=0.0003 MCE=0.2125 AUROC=0.8972 E-AURC=0.0074
  mbert_mlp_base (mbert_mlp_base_calibrated_score): 9046 candidates across 10 bins -- Brier=0.0019 ECE=0.0013 MCE=0.5739 AUROC=0.9764 E-AURC=0.0052
  mbert_simple_mlp (mbert_simple_mlp_calibrated_score): 9046 candidates across 10 bins -- Brier=0.0022 ECE=0.0013 MCE=0.8640 AUROC=0.9456 E-AURC=0.0058
  mbert_experts (mbert_experts_calibrated_score): 9046 candidates across 10 bins -- Brier=0.0019 ECE=0.0017 MCE=0.6797 AUROC=0.9657 E-AURC=0.0052
=== Plot Reliability diagram grid (2x3) ===
Saved figures/hipe2020_de/gliner/phase2/variants_ablation/train_hipe2020de_test_hipe2020de/by_type/reliability_diagram_by_type_raw_platt_scaling_logistic_mlp_mbert_mlp_base_mbert_simple_mlp_mbert_experts.png
=== Plot Metrics bar grid (2x3) ===
Saved figures/hipe2020_de/gliner/phase2/variants_ablation/train_hipe2020de_test_hipe2020de/by_type/metrics_bar_by_type_raw_platt_scaling_logistic_mlp_mbert_mlp_base_mbert_simple_mlp_mbert_experts.png
=== Plot ROC curve grid (2x3) ===
Saved figures/hipe2020_de/gliner/phase2/variants_ablation/train_hipe2020de_test_hipe2020de/by_type/roc_curve_by_type_raw_platt_scaling_logistic_mlp_mbert_mlp_base_mbert_simple_mlp_mbert_experts.png
=== Plot Risk-coverage curve grid (2x3) ===
Saved figures/hipe2020_de/gliner/phase2/variants_ablation/train_hipe2020de_test_hipe2020de/by_type/risk-coverage_curve_by_type_raw_platt_scaling_logistic_mlp_mbert_mlp_base_mbert_simple_mlp_mbert_experts.png
=== Done ===
