Working directory: /Utilisateurs/pchau/workspace/confidence-aware
Env 'cafe' already exists, skipping creation
Looking in indexes: https://download.pytorch.org/whl/cu124
Requirement already satisfied: torch in /Utilisateurs/pchau/.conda/envs/cafe/lib/python3.11/site-packages (2.6.0+cu124)
Requirement already satisfied: filelock in /Utilisateurs/pchau/.conda/envs/cafe/lib/python3.11/site-packages (from torch) (3.29.0)
Requirement already satisfied: typing-extensions>=4.10.0 in /Utilisateurs/pchau/.conda/envs/cafe/lib/python3.11/site-packages (from torch) (4.15.0)
Requirement already satisfied: networkx in /Utilisateurs/pchau/.conda/envs/cafe/lib/python3.11/site-packages (from torch) (3.6.1)
Requirement already satisfied: jinja2 in /Utilisateurs/pchau/.conda/envs/cafe/lib/python3.11/site-packages (from torch) (3.1.6)
Requirement already satisfied: fsspec in /Utilisateurs/pchau/.conda/envs/cafe/lib/python3.11/site-packages (from torch) (2026.4.0)
Requirement already satisfied: nvidia-cuda-nvrtc-cu12==12.4.127 in /Utilisateurs/pchau/.conda/envs/cafe/lib/python3.11/site-packages (from torch) (12.4.127)
Requirement already satisfied: nvidia-cuda-runtime-cu12==12.4.127 in /Utilisateurs/pchau/.conda/envs/cafe/lib/python3.11/site-packages (from torch) (12.4.127)
Requirement already satisfied: nvidia-cuda-cupti-cu12==12.4.127 in /Utilisateurs/pchau/.conda/envs/cafe/lib/python3.11/site-packages (from torch) (12.4.127)
Requirement already satisfied: nvidia-cudnn-cu12==9.1.0.70 in /Utilisateurs/pchau/.conda/envs/cafe/lib/python3.11/site-packages (from torch) (9.1.0.70)
Requirement already satisfied: nvidia-cublas-cu12==12.4.5.8 in /Utilisateurs/pchau/.conda/envs/cafe/lib/python3.11/site-packages (from torch) (12.4.5.8)
Requirement already satisfied: nvidia-cufft-cu12==11.2.1.3 in /Utilisateurs/pchau/.conda/envs/cafe/lib/python3.11/site-packages (from torch) (11.2.1.3)
Requirement already satisfied: nvidia-curand-cu12==10.3.5.147 in /Utilisateurs/pchau/.conda/envs/cafe/lib/python3.11/site-packages (from torch) (10.3.5.147)
Requirement already satisfied: nvidia-cusolver-cu12==11.6.1.9 in /Utilisateurs/pchau/.conda/envs/cafe/lib/python3.11/site-packages (from torch) (11.6.1.9)
Requirement already satisfied: nvidia-cusparse-cu12==12.3.1.170 in /Utilisateurs/pchau/.conda/envs/cafe/lib/python3.11/site-packages (from torch) (12.3.1.170)
Requirement already satisfied: nvidia-cusparselt-cu12==0.6.2 in /Utilisateurs/pchau/.conda/envs/cafe/lib/python3.11/site-packages (from torch) (0.6.2)
Requirement already satisfied: nvidia-nccl-cu12==2.21.5 in /Utilisateurs/pchau/.conda/envs/cafe/lib/python3.11/site-packages (from torch) (2.21.5)
Requirement already satisfied: nvidia-nvtx-cu12==12.4.127 in /Utilisateurs/pchau/.conda/envs/cafe/lib/python3.11/site-packages (from torch) (12.4.127)
Requirement already satisfied: nvidia-nvjitlink-cu12==12.4.127 in /Utilisateurs/pchau/.conda/envs/cafe/lib/python3.11/site-packages (from torch) (12.4.127)
Requirement already satisfied: triton==3.2.0 in /Utilisateurs/pchau/.conda/envs/cafe/lib/python3.11/site-packages (from torch) (3.2.0)
Requirement already satisfied: sympy==1.13.1 in /Utilisateurs/pchau/.conda/envs/cafe/lib/python3.11/site-packages (from torch) (1.13.1)
Requirement already satisfied: mpmath<1.4,>=1.1.0 in /Utilisateurs/pchau/.conda/envs/cafe/lib/python3.11/site-packages (from sympy==1.13.1->torch) (1.3.0)
Requirement already satisfied: MarkupSafe>=2.0 in /Utilisateurs/pchau/.conda/envs/cafe/lib/python3.11/site-packages (from jinja2->torch) (3.0.3)
Requirement already satisfied: gliner2>=1.3.2 in /Utilisateurs/pchau/.conda/envs/cafe/lib/python3.11/site-packages (from gliner2[local]>=1.3.2->-r src/requirements.txt (line 1)) (1.3.2)
Requirement already satisfied: pandas>=3.0.3 in /Utilisateurs/pchau/.conda/envs/cafe/lib/python3.11/site-packages (from -r src/requirements.txt (line 2)) (3.0.3)
Requirement already satisfied: requests>=2.34.2 in /Utilisateurs/pchau/.conda/envs/cafe/lib/python3.11/site-packages (from -r src/requirements.txt (line 3)) (2.34.2)
Requirement already satisfied: tqdm>=4.66 in /Utilisateurs/pchau/.conda/envs/cafe/lib/python3.11/site-packages (from -r src/requirements.txt (line 4)) (4.68.4)
Requirement already satisfied: cython in /Utilisateurs/pchau/.conda/envs/cafe/lib/python3.11/site-packages (from -r src/requirements.txt (line 5)) (3.2.8)
Requirement already satisfied: pybloomfiltermmap3 in /Utilisateurs/pchau/.conda/envs/cafe/lib/python3.11/site-packages (from -r src/requirements.txt (line 6)) (0.6.3)
Requirement already satisfied: huggingface_hub in /Utilisateurs/pchau/.conda/envs/cafe/lib/python3.11/site-packages (from -r src/requirements.txt (line 7)) (1.22.0)
Requirement already satisfied: captum in /Utilisateurs/pchau/.conda/envs/cafe/lib/python3.11/site-packages (from -r src/requirements.txt (line 8)) (0.9.0)
Requirement already satisfied: scikit-learn in /Utilisateurs/pchau/.conda/envs/cafe/lib/python3.11/site-packages (from -r src/requirements.txt (line 9)) (1.9.0)
Requirement already satisfied: peft in /Utilisateurs/pchau/.conda/envs/cafe/lib/python3.11/site-packages (from gliner2>=1.3.2->gliner2[local]>=1.3.2->-r src/requirements.txt (line 1)) (0.19.1)
Requirement already satisfied: pydantic>=2.0.0 in /Utilisateurs/pchau/.conda/envs/cafe/lib/python3.11/site-packages (from gliner2>=1.3.2->gliner2[local]>=1.3.2->-r src/requirements.txt (line 1)) (2.13.4)
Requirement already satisfied: urllib3>=1.26 in /Utilisateurs/pchau/.conda/envs/cafe/lib/python3.11/site-packages (from gliner2>=1.3.2->gliner2[local]>=1.3.2->-r src/requirements.txt (line 1)) (2.7.0)
Requirement already satisfied: numpy>=1.26.0 in /Utilisateurs/pchau/.conda/envs/cafe/lib/python3.11/site-packages (from pandas>=3.0.3->-r src/requirements.txt (line 2)) (2.4.6)
Requirement already satisfied: python-dateutil>=2.8.2 in /Utilisateurs/pchau/.conda/envs/cafe/lib/python3.11/site-packages (from pandas>=3.0.3->-r src/requirements.txt (line 2)) (2.9.0.post0)
Requirement already satisfied: charset_normalizer<4,>=2 in /Utilisateurs/pchau/.conda/envs/cafe/lib/python3.11/site-packages (from requests>=2.34.2->-r src/requirements.txt (line 3)) (3.4.9)
Requirement already satisfied: idna<4,>=2.5 in /Utilisateurs/pchau/.conda/envs/cafe/lib/python3.11/site-packages (from requests>=2.34.2->-r src/requirements.txt (line 3)) (3.18)
Requirement already satisfied: certifi>=2023.5.7 in /Utilisateurs/pchau/.conda/envs/cafe/lib/python3.11/site-packages (from requests>=2.34.2->-r src/requirements.txt (line 3)) (2026.6.17)
Requirement already satisfied: click<9.0.0,>=8.4.2 in /Utilisateurs/pchau/.conda/envs/cafe/lib/python3.11/site-packages (from huggingface_hub->-r src/requirements.txt (line 7)) (8.4.2)
Requirement already satisfied: filelock>=3.10.0 in /Utilisateurs/pchau/.conda/envs/cafe/lib/python3.11/site-packages (from huggingface_hub->-r src/requirements.txt (line 7)) (3.29.0)
Requirement already satisfied: fsspec>=2023.5.0 in /Utilisateurs/pchau/.conda/envs/cafe/lib/python3.11/site-packages (from huggingface_hub->-r src/requirements.txt (line 7)) (2026.4.0)
Requirement already satisfied: hf-xet<2.0.0,>=1.5.1 in /Utilisateurs/pchau/.conda/envs/cafe/lib/python3.11/site-packages (from huggingface_hub->-r src/requirements.txt (line 7)) (1.5.1)
Requirement already satisfied: httpx<1,>=0.23.0 in /Utilisateurs/pchau/.conda/envs/cafe/lib/python3.11/site-packages (from huggingface_hub->-r src/requirements.txt (line 7)) (0.28.1)
Requirement already satisfied: packaging>=20.9 in /Utilisateurs/pchau/.conda/envs/cafe/lib/python3.11/site-packages (from huggingface_hub->-r src/requirements.txt (line 7)) (26.0)
Requirement already satisfied: pyyaml>=5.1 in /Utilisateurs/pchau/.conda/envs/cafe/lib/python3.11/site-packages (from huggingface_hub->-r src/requirements.txt (line 7)) (6.0.3)
Requirement already satisfied: typing-extensions>=4.1.0 in /Utilisateurs/pchau/.conda/envs/cafe/lib/python3.11/site-packages (from huggingface_hub->-r src/requirements.txt (line 7)) (4.15.0)
Requirement already satisfied: anyio in /Utilisateurs/pchau/.conda/envs/cafe/lib/python3.11/site-packages (from httpx<1,>=0.23.0->huggingface_hub->-r src/requirements.txt (line 7)) (4.14.1)
Requirement already satisfied: httpcore==1.* in /Utilisateurs/pchau/.conda/envs/cafe/lib/python3.11/site-packages (from httpx<1,>=0.23.0->huggingface_hub->-r src/requirements.txt (line 7)) (1.0.9)
Requirement already satisfied: h11>=0.16 in /Utilisateurs/pchau/.conda/envs/cafe/lib/python3.11/site-packages (from httpcore==1.*->httpx<1,>=0.23.0->huggingface_hub->-r src/requirements.txt (line 7)) (0.16.0)
Requirement already satisfied: matplotlib in /Utilisateurs/pchau/.conda/envs/cafe/lib/python3.11/site-packages (from captum->-r src/requirements.txt (line 8)) (3.11.0)
Requirement already satisfied: torch>=2.3 in /Utilisateurs/pchau/.conda/envs/cafe/lib/python3.11/site-packages (from captum->-r src/requirements.txt (line 8)) (2.6.0+cu124)
Requirement already satisfied: scipy>=1.10.0 in /Utilisateurs/pchau/.conda/envs/cafe/lib/python3.11/site-packages (from scikit-learn->-r src/requirements.txt (line 9)) (1.17.1)
Requirement already satisfied: joblib>=1.4.0 in /Utilisateurs/pchau/.conda/envs/cafe/lib/python3.11/site-packages (from scikit-learn->-r src/requirements.txt (line 9)) (1.5.3)
Requirement already satisfied: narwhals>=2.0.1 in /Utilisateurs/pchau/.conda/envs/cafe/lib/python3.11/site-packages (from scikit-learn->-r src/requirements.txt (line 9)) (2.23.0)
Requirement already satisfied: threadpoolctl>=3.5.0 in /Utilisateurs/pchau/.conda/envs/cafe/lib/python3.11/site-packages (from scikit-learn->-r src/requirements.txt (line 9)) (3.6.0)
Requirement already satisfied: transformers in /Utilisateurs/pchau/.conda/envs/cafe/lib/python3.11/site-packages (from gliner2[local]>=1.3.2->-r src/requirements.txt (line 1)) (5.13.0)
Requirement already satisfied: annotated-types>=0.6.0 in /Utilisateurs/pchau/.conda/envs/cafe/lib/python3.11/site-packages (from pydantic>=2.0.0->gliner2>=1.3.2->gliner2[local]>=1.3.2->-r src/requirements.txt (line 1)) (0.7.0)
Requirement already satisfied: pydantic-core==2.46.4 in /Utilisateurs/pchau/.conda/envs/cafe/lib/python3.11/site-packages (from pydantic>=2.0.0->gliner2>=1.3.2->gliner2[local]>=1.3.2->-r src/requirements.txt (line 1)) (2.46.4)
Requirement already satisfied: typing-inspection>=0.4.2 in /Utilisateurs/pchau/.conda/envs/cafe/lib/python3.11/site-packages (from pydantic>=2.0.0->gliner2>=1.3.2->gliner2[local]>=1.3.2->-r src/requirements.txt (line 1)) (0.4.2)
Requirement already satisfied: six>=1.5 in /Utilisateurs/pchau/.conda/envs/cafe/lib/python3.11/site-packages (from python-dateutil>=2.8.2->pandas>=3.0.3->-r src/requirements.txt (line 2)) (1.17.0)
Requirement already satisfied: networkx in /Utilisateurs/pchau/.conda/envs/cafe/lib/python3.11/site-packages (from torch>=2.3->captum->-r src/requirements.txt (line 8)) (3.6.1)
Requirement already satisfied: jinja2 in /Utilisateurs/pchau/.conda/envs/cafe/lib/python3.11/site-packages (from torch>=2.3->captum->-r src/requirements.txt (line 8)) (3.1.6)
Requirement already satisfied: nvidia-cuda-nvrtc-cu12==12.4.127 in /Utilisateurs/pchau/.conda/envs/cafe/lib/python3.11/site-packages (from torch>=2.3->captum->-r src/requirements.txt (line 8)) (12.4.127)
Requirement already satisfied: nvidia-cuda-runtime-cu12==12.4.127 in /Utilisateurs/pchau/.conda/envs/cafe/lib/python3.11/site-packages (from torch>=2.3->captum->-r src/requirements.txt (line 8)) (12.4.127)
Requirement already satisfied: nvidia-cuda-cupti-cu12==12.4.127 in /Utilisateurs/pchau/.conda/envs/cafe/lib/python3.11/site-packages (from torch>=2.3->captum->-r src/requirements.txt (line 8)) (12.4.127)
Requirement already satisfied: nvidia-cudnn-cu12==9.1.0.70 in /Utilisateurs/pchau/.conda/envs/cafe/lib/python3.11/site-packages (from torch>=2.3->captum->-r src/requirements.txt (line 8)) (9.1.0.70)
Requirement already satisfied: nvidia-cublas-cu12==12.4.5.8 in /Utilisateurs/pchau/.conda/envs/cafe/lib/python3.11/site-packages (from torch>=2.3->captum->-r src/requirements.txt (line 8)) (12.4.5.8)
Requirement already satisfied: nvidia-cufft-cu12==11.2.1.3 in /Utilisateurs/pchau/.conda/envs/cafe/lib/python3.11/site-packages (from torch>=2.3->captum->-r src/requirements.txt (line 8)) (11.2.1.3)
Requirement already satisfied: nvidia-curand-cu12==10.3.5.147 in /Utilisateurs/pchau/.conda/envs/cafe/lib/python3.11/site-packages (from torch>=2.3->captum->-r src/requirements.txt (line 8)) (10.3.5.147)
Requirement already satisfied: nvidia-cusolver-cu12==11.6.1.9 in /Utilisateurs/pchau/.conda/envs/cafe/lib/python3.11/site-packages (from torch>=2.3->captum->-r src/requirements.txt (line 8)) (11.6.1.9)
Requirement already satisfied: nvidia-cusparse-cu12==12.3.1.170 in /Utilisateurs/pchau/.conda/envs/cafe/lib/python3.11/site-packages (from torch>=2.3->captum->-r src/requirements.txt (line 8)) (12.3.1.170)
Requirement already satisfied: nvidia-cusparselt-cu12==0.6.2 in /Utilisateurs/pchau/.conda/envs/cafe/lib/python3.11/site-packages (from torch>=2.3->captum->-r src/requirements.txt (line 8)) (0.6.2)
Requirement already satisfied: nvidia-nccl-cu12==2.21.5 in /Utilisateurs/pchau/.conda/envs/cafe/lib/python3.11/site-packages (from torch>=2.3->captum->-r src/requirements.txt (line 8)) (2.21.5)
Requirement already satisfied: nvidia-nvtx-cu12==12.4.127 in /Utilisateurs/pchau/.conda/envs/cafe/lib/python3.11/site-packages (from torch>=2.3->captum->-r src/requirements.txt (line 8)) (12.4.127)
Requirement already satisfied: nvidia-nvjitlink-cu12==12.4.127 in /Utilisateurs/pchau/.conda/envs/cafe/lib/python3.11/site-packages (from torch>=2.3->captum->-r src/requirements.txt (line 8)) (12.4.127)
Requirement already satisfied: triton==3.2.0 in /Utilisateurs/pchau/.conda/envs/cafe/lib/python3.11/site-packages (from torch>=2.3->captum->-r src/requirements.txt (line 8)) (3.2.0)
Requirement already satisfied: sympy==1.13.1 in /Utilisateurs/pchau/.conda/envs/cafe/lib/python3.11/site-packages (from torch>=2.3->captum->-r src/requirements.txt (line 8)) (1.13.1)
Requirement already satisfied: mpmath<1.4,>=1.1.0 in /Utilisateurs/pchau/.conda/envs/cafe/lib/python3.11/site-packages (from sympy==1.13.1->torch>=2.3->captum->-r src/requirements.txt (line 8)) (1.3.0)
Requirement already satisfied: MarkupSafe>=2.0 in /Utilisateurs/pchau/.conda/envs/cafe/lib/python3.11/site-packages (from jinja2->torch>=2.3->captum->-r src/requirements.txt (line 8)) (3.0.3)
Requirement already satisfied: contourpy>=1.0.1 in /Utilisateurs/pchau/.conda/envs/cafe/lib/python3.11/site-packages (from matplotlib->captum->-r src/requirements.txt (line 8)) (1.3.3)
Requirement already satisfied: cycler>=0.10 in /Utilisateurs/pchau/.conda/envs/cafe/lib/python3.11/site-packages (from matplotlib->captum->-r src/requirements.txt (line 8)) (0.12.1)
Requirement already satisfied: fonttools>=4.22.0 in /Utilisateurs/pchau/.conda/envs/cafe/lib/python3.11/site-packages (from matplotlib->captum->-r src/requirements.txt (line 8)) (4.63.0)
Requirement already satisfied: kiwisolver>=1.3.1 in /Utilisateurs/pchau/.conda/envs/cafe/lib/python3.11/site-packages (from matplotlib->captum->-r src/requirements.txt (line 8)) (1.5.0)
Requirement already satisfied: pillow>=9 in /Utilisateurs/pchau/.conda/envs/cafe/lib/python3.11/site-packages (from matplotlib->captum->-r src/requirements.txt (line 8)) (12.3.0)
Requirement already satisfied: pyparsing>=3 in /Utilisateurs/pchau/.conda/envs/cafe/lib/python3.11/site-packages (from matplotlib->captum->-r src/requirements.txt (line 8)) (3.3.2)
Requirement already satisfied: psutil in /Utilisateurs/pchau/.conda/envs/cafe/lib/python3.11/site-packages (from peft->gliner2>=1.3.2->gliner2[local]>=1.3.2->-r src/requirements.txt (line 1)) (7.2.2)
Requirement already satisfied: accelerate>=0.21.0 in /Utilisateurs/pchau/.conda/envs/cafe/lib/python3.11/site-packages (from peft->gliner2>=1.3.2->gliner2[local]>=1.3.2->-r src/requirements.txt (line 1)) (1.14.0)
Requirement already satisfied: safetensors in /Utilisateurs/pchau/.conda/envs/cafe/lib/python3.11/site-packages (from peft->gliner2>=1.3.2->gliner2[local]>=1.3.2->-r src/requirements.txt (line 1)) (0.8.0)
Requirement already satisfied: regex>=2025.10.22 in /Utilisateurs/pchau/.conda/envs/cafe/lib/python3.11/site-packages (from transformers->gliner2[local]>=1.3.2->-r src/requirements.txt (line 1)) (2026.6.28)
Requirement already satisfied: tokenizers<=0.23.0,>=0.22.0 in /Utilisateurs/pchau/.conda/envs/cafe/lib/python3.11/site-packages (from transformers->gliner2[local]>=1.3.2->-r src/requirements.txt (line 1)) (0.22.2)
Requirement already satisfied: typer in /Utilisateurs/pchau/.conda/envs/cafe/lib/python3.11/site-packages (from transformers->gliner2[local]>=1.3.2->-r src/requirements.txt (line 1)) (0.26.8)
Requirement already satisfied: shellingham>=1.3.0 in /Utilisateurs/pchau/.conda/envs/cafe/lib/python3.11/site-packages (from typer->transformers->gliner2[local]>=1.3.2->-r src/requirements.txt (line 1)) (1.5.4)
Requirement already satisfied: rich>=13.8.0 in /Utilisateurs/pchau/.conda/envs/cafe/lib/python3.11/site-packages (from typer->transformers->gliner2[local]>=1.3.2->-r src/requirements.txt (line 1)) (15.0.0)
Requirement already satisfied: annotated-doc>=0.0.2 in /Utilisateurs/pchau/.conda/envs/cafe/lib/python3.11/site-packages (from typer->transformers->gliner2[local]>=1.3.2->-r src/requirements.txt (line 1)) (0.0.4)
Requirement already satisfied: markdown-it-py>=2.2.0 in /Utilisateurs/pchau/.conda/envs/cafe/lib/python3.11/site-packages (from rich>=13.8.0->typer->transformers->gliner2[local]>=1.3.2->-r src/requirements.txt (line 1)) (4.2.0)
Requirement already satisfied: pygments<3.0.0,>=2.13.0 in /Utilisateurs/pchau/.conda/envs/cafe/lib/python3.11/site-packages (from rich>=13.8.0->typer->transformers->gliner2[local]>=1.3.2->-r src/requirements.txt (line 1)) (2.20.0)
Requirement already satisfied: mdurl~=0.1 in /Utilisateurs/pchau/.conda/envs/cafe/lib/python3.11/site-packages (from markdown-it-py>=2.2.0->rich>=13.8.0->typer->transformers->gliner2[local]>=1.3.2->-r src/requirements.txt (line 1)) (0.1.2)
Mon Jul 13 16:34:07 2026       
+-----------------------------------------------------------------------------------------+
| NVIDIA-SMI 550.54.14              Driver Version: 550.54.14      CUDA Version: 12.4     |
|-----------------------------------------+------------------------+----------------------+
| GPU  Name                 Persistence-M | Bus-Id          Disp.A | Volatile Uncorr. ECC |
| Fan  Temp   Perf          Pwr:Usage/Cap |           Memory-Usage | GPU-Util  Compute M. |
|                                         |                        |               MIG M. |
|=========================================+========================+======================|
|   0  NVIDIA GeForce RTX 2080 Ti     On  |   00000000:19:00.0 Off |                  N/A |
| 22%   38C    P8             13W /  250W |       0MiB /  11264MiB |      0%      Default |
|                                         |                        |                  N/A |
+-----------------------------------------+------------------------+----------------------+
                                                                                         
+-----------------------------------------------------------------------------------------+
| Processes:                                                                              |
|  GPU   GI   CI        PID   Type   Process name                              GPU Memory |
|        ID   ID                                                               Usage      |
|=========================================================================================|
|  No running processes found                                                             |
+-----------------------------------------------------------------------------------------+
torch 2.6.0+cu124 | cuda available: True
=== Step 1: Load train data ===
158 documents, splits: {'expert_train': 78, 'test': 32, 'gate_train': 32, 'calibration': 16}
=== Step 2: Close NE-COARSE-LIT gold spans ===
6927 gold entities
=== Step 3: Documents per split ===
All             158
expert_train     78
gate_train       32
calibration      16
test             32
Saved /Utilisateurs/pchau/workspace/confidence-aware/figures/data_analysis/documents_per_split.png
=== Step 4: Gold entities per split ===
All             6927
expert_train    3491
gate_train      1356
calibration      674
test            1406
=== Step 5: Entity type breakdown per split ===
entity_type   PERS   LOC  ORG  TIME  PROD
All           2525  3089  837   276   200
expert_train  1272  1463  508   161    87
gate_train     540   634   80    39    63
calibration    235   306   78    37    18
test           478   686  171    39    32
Saved /Utilisateurs/pchau/workspace/confidence-aware/figures/data_analysis/entity_type_breakdown_per_split.png
=== Done ===
=== Step 1: Load train data ===
166217 tokens
=== Step 2: Token-level dictionary_score counts (True/False/None) ===
Known (True): 132,366  Unknown (False): 2,410  N/A (None): 31,441
Saved /Utilisateurs/pchau/workspace/confidence-aware/figures/data_analysis/dictionary_score_counts.png
=== Step 3: Distribution of document_ocr_mean (one value per document) ===
count    158.000000
mean       0.980211
std        0.025170
min        0.867089
25%        0.977232
50%        0.988223
75%        0.992944
max        1.000000
Name: document_ocr_mean, dtype: float64
Saved /Utilisateurs/pchau/workspace/confidence-aware/figures/data_analysis/document_ocr_mean_distribution.png
=== Step 4: Distribution of sentence_ocr_mean (one value per sentence) ===
count    5652.000000
mean        0.975295
std         0.081008
min         0.000000
25%         1.000000
50%         1.000000
75%         1.000000
max         1.000000
Name: sentence_ocr_mean, dtype: float64
Saved /Utilisateurs/pchau/workspace/confidence-aware/figures/data_analysis/sentence_ocr_mean_distribution.png
=== Done ===
