Working directory: /Utilisateurs/pchau/workspace/confidence-aware
Env 'cafe' already exists, skipping creation
Looking in indexes: https://download.pytorch.org/whl/cu124
Requirement already satisfied: torch in /Utilisateurs/pchau/.conda/envs/cafe/lib/python3.11/site-packages (2.6.0+cu124)
Requirement already satisfied: filelock in /Utilisateurs/pchau/.conda/envs/cafe/lib/python3.11/site-packages (from torch) (3.29.0)
Requirement already satisfied: typing-extensions>=4.10.0 in /Utilisateurs/pchau/.conda/envs/cafe/lib/python3.11/site-packages (from torch) (4.15.0)
Requirement already satisfied: networkx in /Utilisateurs/pchau/.conda/envs/cafe/lib/python3.11/site-packages (from torch) (3.6.1)
Requirement already satisfied: jinja2 in /Utilisateurs/pchau/.conda/envs/cafe/lib/python3.11/site-packages (from torch) (3.1.6)
Requirement already satisfied: fsspec in /Utilisateurs/pchau/.conda/envs/cafe/lib/python3.11/site-packages (from torch) (2026.4.0)
Requirement already satisfied: nvidia-cuda-nvrtc-cu12==12.4.127 in /Utilisateurs/pchau/.conda/envs/cafe/lib/python3.11/site-packages (from torch) (12.4.127)
Requirement already satisfied: nvidia-cuda-runtime-cu12==12.4.127 in /Utilisateurs/pchau/.conda/envs/cafe/lib/python3.11/site-packages (from torch) (12.4.127)
Requirement already satisfied: nvidia-cuda-cupti-cu12==12.4.127 in /Utilisateurs/pchau/.conda/envs/cafe/lib/python3.11/site-packages (from torch) (12.4.127)
Requirement already satisfied: nvidia-cudnn-cu12==9.1.0.70 in /Utilisateurs/pchau/.conda/envs/cafe/lib/python3.11/site-packages (from torch) (9.1.0.70)
Requirement already satisfied: nvidia-cublas-cu12==12.4.5.8 in /Utilisateurs/pchau/.conda/envs/cafe/lib/python3.11/site-packages (from torch) (12.4.5.8)
Requirement already satisfied: nvidia-cufft-cu12==11.2.1.3 in /Utilisateurs/pchau/.conda/envs/cafe/lib/python3.11/site-packages (from torch) (11.2.1.3)
Requirement already satisfied: nvidia-curand-cu12==10.3.5.147 in /Utilisateurs/pchau/.conda/envs/cafe/lib/python3.11/site-packages (from torch) (10.3.5.147)
Requirement already satisfied: nvidia-cusolver-cu12==11.6.1.9 in /Utilisateurs/pchau/.conda/envs/cafe/lib/python3.11/site-packages (from torch) (11.6.1.9)
Requirement already satisfied: nvidia-cusparse-cu12==12.3.1.170 in /Utilisateurs/pchau/.conda/envs/cafe/lib/python3.11/site-packages (from torch) (12.3.1.170)
Requirement already satisfied: nvidia-cusparselt-cu12==0.6.2 in /Utilisateurs/pchau/.conda/envs/cafe/lib/python3.11/site-packages (from torch) (0.6.2)
Requirement already satisfied: nvidia-nccl-cu12==2.21.5 in /Utilisateurs/pchau/.conda/envs/cafe/lib/python3.11/site-packages (from torch) (2.21.5)
Requirement already satisfied: nvidia-nvtx-cu12==12.4.127 in /Utilisateurs/pchau/.conda/envs/cafe/lib/python3.11/site-packages (from torch) (12.4.127)
Requirement already satisfied: nvidia-nvjitlink-cu12==12.4.127 in /Utilisateurs/pchau/.conda/envs/cafe/lib/python3.11/site-packages (from torch) (12.4.127)
Requirement already satisfied: triton==3.2.0 in /Utilisateurs/pchau/.conda/envs/cafe/lib/python3.11/site-packages (from torch) (3.2.0)
Requirement already satisfied: sympy==1.13.1 in /Utilisateurs/pchau/.conda/envs/cafe/lib/python3.11/site-packages (from torch) (1.13.1)
Requirement already satisfied: mpmath<1.4,>=1.1.0 in /Utilisateurs/pchau/.conda/envs/cafe/lib/python3.11/site-packages (from sympy==1.13.1->torch) (1.3.0)
Requirement already satisfied: MarkupSafe>=2.0 in /Utilisateurs/pchau/.conda/envs/cafe/lib/python3.11/site-packages (from jinja2->torch) (3.0.3)
Requirement already satisfied: gliner2>=1.3.2 in /Utilisateurs/pchau/.conda/envs/cafe/lib/python3.11/site-packages (from gliner2[local]>=1.3.2->-r src/requirements.txt (line 1)) (1.3.2)
Requirement already satisfied: pandas>=3.0.3 in /Utilisateurs/pchau/.conda/envs/cafe/lib/python3.11/site-packages (from -r src/requirements.txt (line 2)) (3.0.3)
Requirement already satisfied: requests>=2.34.2 in /Utilisateurs/pchau/.conda/envs/cafe/lib/python3.11/site-packages (from -r src/requirements.txt (line 3)) (2.34.2)
Requirement already satisfied: tqdm>=4.66 in /Utilisateurs/pchau/.conda/envs/cafe/lib/python3.11/site-packages (from -r src/requirements.txt (line 4)) (4.68.4)
Requirement already satisfied: cython in /Utilisateurs/pchau/.conda/envs/cafe/lib/python3.11/site-packages (from -r src/requirements.txt (line 5)) (3.2.8)
Requirement already satisfied: pybloomfiltermmap3 in /Utilisateurs/pchau/.conda/envs/cafe/lib/python3.11/site-packages (from -r src/requirements.txt (line 6)) (0.6.3)
Requirement already satisfied: huggingface_hub in /Utilisateurs/pchau/.conda/envs/cafe/lib/python3.11/site-packages (from -r src/requirements.txt (line 7)) (1.22.0)
Requirement already satisfied: captum in /Utilisateurs/pchau/.conda/envs/cafe/lib/python3.11/site-packages (from -r src/requirements.txt (line 8)) (0.9.0)
Requirement already satisfied: scikit-learn in /Utilisateurs/pchau/.conda/envs/cafe/lib/python3.11/site-packages (from -r src/requirements.txt (line 9)) (1.9.0)
Requirement already satisfied: peft in /Utilisateurs/pchau/.conda/envs/cafe/lib/python3.11/site-packages (from gliner2>=1.3.2->gliner2[local]>=1.3.2->-r src/requirements.txt (line 1)) (0.19.1)
Requirement already satisfied: pydantic>=2.0.0 in /Utilisateurs/pchau/.conda/envs/cafe/lib/python3.11/site-packages (from gliner2>=1.3.2->gliner2[local]>=1.3.2->-r src/requirements.txt (line 1)) (2.13.4)
Requirement already satisfied: urllib3>=1.26 in /Utilisateurs/pchau/.conda/envs/cafe/lib/python3.11/site-packages (from gliner2>=1.3.2->gliner2[local]>=1.3.2->-r src/requirements.txt (line 1)) (2.7.0)
Requirement already satisfied: numpy>=1.26.0 in /Utilisateurs/pchau/.conda/envs/cafe/lib/python3.11/site-packages (from pandas>=3.0.3->-r src/requirements.txt (line 2)) (2.4.6)
Requirement already satisfied: python-dateutil>=2.8.2 in /Utilisateurs/pchau/.conda/envs/cafe/lib/python3.11/site-packages (from pandas>=3.0.3->-r src/requirements.txt (line 2)) (2.9.0.post0)
Requirement already satisfied: charset_normalizer<4,>=2 in /Utilisateurs/pchau/.conda/envs/cafe/lib/python3.11/site-packages (from requests>=2.34.2->-r src/requirements.txt (line 3)) (3.4.9)
Requirement already satisfied: idna<4,>=2.5 in /Utilisateurs/pchau/.conda/envs/cafe/lib/python3.11/site-packages (from requests>=2.34.2->-r src/requirements.txt (line 3)) (3.18)
Requirement already satisfied: certifi>=2023.5.7 in /Utilisateurs/pchau/.conda/envs/cafe/lib/python3.11/site-packages (from requests>=2.34.2->-r src/requirements.txt (line 3)) (2026.6.17)
Requirement already satisfied: click<9.0.0,>=8.4.2 in /Utilisateurs/pchau/.conda/envs/cafe/lib/python3.11/site-packages (from huggingface_hub->-r src/requirements.txt (line 7)) (8.4.2)
Requirement already satisfied: filelock>=3.10.0 in /Utilisateurs/pchau/.conda/envs/cafe/lib/python3.11/site-packages (from huggingface_hub->-r src/requirements.txt (line 7)) (3.29.0)
Requirement already satisfied: fsspec>=2023.5.0 in /Utilisateurs/pchau/.conda/envs/cafe/lib/python3.11/site-packages (from huggingface_hub->-r src/requirements.txt (line 7)) (2026.4.0)
Requirement already satisfied: hf-xet<2.0.0,>=1.5.1 in /Utilisateurs/pchau/.conda/envs/cafe/lib/python3.11/site-packages (from huggingface_hub->-r src/requirements.txt (line 7)) (1.5.1)
Requirement already satisfied: httpx<1,>=0.23.0 in /Utilisateurs/pchau/.conda/envs/cafe/lib/python3.11/site-packages (from huggingface_hub->-r src/requirements.txt (line 7)) (0.28.1)
Requirement already satisfied: packaging>=20.9 in /Utilisateurs/pchau/.conda/envs/cafe/lib/python3.11/site-packages (from huggingface_hub->-r src/requirements.txt (line 7)) (26.0)
Requirement already satisfied: pyyaml>=5.1 in /Utilisateurs/pchau/.conda/envs/cafe/lib/python3.11/site-packages (from huggingface_hub->-r src/requirements.txt (line 7)) (6.0.3)
Requirement already satisfied: typing-extensions>=4.1.0 in /Utilisateurs/pchau/.conda/envs/cafe/lib/python3.11/site-packages (from huggingface_hub->-r src/requirements.txt (line 7)) (4.15.0)
Requirement already satisfied: anyio in /Utilisateurs/pchau/.conda/envs/cafe/lib/python3.11/site-packages (from httpx<1,>=0.23.0->huggingface_hub->-r src/requirements.txt (line 7)) (4.14.1)
Requirement already satisfied: httpcore==1.* in /Utilisateurs/pchau/.conda/envs/cafe/lib/python3.11/site-packages (from httpx<1,>=0.23.0->huggingface_hub->-r src/requirements.txt (line 7)) (1.0.9)
Requirement already satisfied: h11>=0.16 in /Utilisateurs/pchau/.conda/envs/cafe/lib/python3.11/site-packages (from httpcore==1.*->httpx<1,>=0.23.0->huggingface_hub->-r src/requirements.txt (line 7)) (0.16.0)
Requirement already satisfied: matplotlib in /Utilisateurs/pchau/.conda/envs/cafe/lib/python3.11/site-packages (from captum->-r src/requirements.txt (line 8)) (3.11.0)
Requirement already satisfied: torch>=2.3 in /Utilisateurs/pchau/.conda/envs/cafe/lib/python3.11/site-packages (from captum->-r src/requirements.txt (line 8)) (2.6.0+cu124)
Requirement already satisfied: scipy>=1.10.0 in /Utilisateurs/pchau/.conda/envs/cafe/lib/python3.11/site-packages (from scikit-learn->-r src/requirements.txt (line 9)) (1.17.1)
Requirement already satisfied: joblib>=1.4.0 in /Utilisateurs/pchau/.conda/envs/cafe/lib/python3.11/site-packages (from scikit-learn->-r src/requirements.txt (line 9)) (1.5.3)
Requirement already satisfied: narwhals>=2.0.1 in /Utilisateurs/pchau/.conda/envs/cafe/lib/python3.11/site-packages (from scikit-learn->-r src/requirements.txt (line 9)) (2.23.0)
Requirement already satisfied: threadpoolctl>=3.5.0 in /Utilisateurs/pchau/.conda/envs/cafe/lib/python3.11/site-packages (from scikit-learn->-r src/requirements.txt (line 9)) (3.6.0)
Requirement already satisfied: transformers in /Utilisateurs/pchau/.conda/envs/cafe/lib/python3.11/site-packages (from gliner2[local]>=1.3.2->-r src/requirements.txt (line 1)) (5.13.0)
Requirement already satisfied: annotated-types>=0.6.0 in /Utilisateurs/pchau/.conda/envs/cafe/lib/python3.11/site-packages (from pydantic>=2.0.0->gliner2>=1.3.2->gliner2[local]>=1.3.2->-r src/requirements.txt (line 1)) (0.7.0)
Requirement already satisfied: pydantic-core==2.46.4 in /Utilisateurs/pchau/.conda/envs/cafe/lib/python3.11/site-packages (from pydantic>=2.0.0->gliner2>=1.3.2->gliner2[local]>=1.3.2->-r src/requirements.txt (line 1)) (2.46.4)
Requirement already satisfied: typing-inspection>=0.4.2 in /Utilisateurs/pchau/.conda/envs/cafe/lib/python3.11/site-packages (from pydantic>=2.0.0->gliner2>=1.3.2->gliner2[local]>=1.3.2->-r src/requirements.txt (line 1)) (0.4.2)
Requirement already satisfied: six>=1.5 in /Utilisateurs/pchau/.conda/envs/cafe/lib/python3.11/site-packages (from python-dateutil>=2.8.2->pandas>=3.0.3->-r src/requirements.txt (line 2)) (1.17.0)
Requirement already satisfied: networkx in /Utilisateurs/pchau/.conda/envs/cafe/lib/python3.11/site-packages (from torch>=2.3->captum->-r src/requirements.txt (line 8)) (3.6.1)
Requirement already satisfied: jinja2 in /Utilisateurs/pchau/.conda/envs/cafe/lib/python3.11/site-packages (from torch>=2.3->captum->-r src/requirements.txt (line 8)) (3.1.6)
Requirement already satisfied: nvidia-cuda-nvrtc-cu12==12.4.127 in /Utilisateurs/pchau/.conda/envs/cafe/lib/python3.11/site-packages (from torch>=2.3->captum->-r src/requirements.txt (line 8)) (12.4.127)
Requirement already satisfied: nvidia-cuda-runtime-cu12==12.4.127 in /Utilisateurs/pchau/.conda/envs/cafe/lib/python3.11/site-packages (from torch>=2.3->captum->-r src/requirements.txt (line 8)) (12.4.127)
Requirement already satisfied: nvidia-cuda-cupti-cu12==12.4.127 in /Utilisateurs/pchau/.conda/envs/cafe/lib/python3.11/site-packages (from torch>=2.3->captum->-r src/requirements.txt (line 8)) (12.4.127)
Requirement already satisfied: nvidia-cudnn-cu12==9.1.0.70 in /Utilisateurs/pchau/.conda/envs/cafe/lib/python3.11/site-packages (from torch>=2.3->captum->-r src/requirements.txt (line 8)) (9.1.0.70)
Requirement already satisfied: nvidia-cublas-cu12==12.4.5.8 in /Utilisateurs/pchau/.conda/envs/cafe/lib/python3.11/site-packages (from torch>=2.3->captum->-r src/requirements.txt (line 8)) (12.4.5.8)
Requirement already satisfied: nvidia-cufft-cu12==11.2.1.3 in /Utilisateurs/pchau/.conda/envs/cafe/lib/python3.11/site-packages (from torch>=2.3->captum->-r src/requirements.txt (line 8)) (11.2.1.3)
Requirement already satisfied: nvidia-curand-cu12==10.3.5.147 in /Utilisateurs/pchau/.conda/envs/cafe/lib/python3.11/site-packages (from torch>=2.3->captum->-r src/requirements.txt (line 8)) (10.3.5.147)
Requirement already satisfied: nvidia-cusolver-cu12==11.6.1.9 in /Utilisateurs/pchau/.conda/envs/cafe/lib/python3.11/site-packages (from torch>=2.3->captum->-r src/requirements.txt (line 8)) (11.6.1.9)
Requirement already satisfied: nvidia-cusparse-cu12==12.3.1.170 in /Utilisateurs/pchau/.conda/envs/cafe/lib/python3.11/site-packages (from torch>=2.3->captum->-r src/requirements.txt (line 8)) (12.3.1.170)
Requirement already satisfied: nvidia-cusparselt-cu12==0.6.2 in /Utilisateurs/pchau/.conda/envs/cafe/lib/python3.11/site-packages (from torch>=2.3->captum->-r src/requirements.txt (line 8)) (0.6.2)
Requirement already satisfied: nvidia-nccl-cu12==2.21.5 in /Utilisateurs/pchau/.conda/envs/cafe/lib/python3.11/site-packages (from torch>=2.3->captum->-r src/requirements.txt (line 8)) (2.21.5)
Requirement already satisfied: nvidia-nvtx-cu12==12.4.127 in /Utilisateurs/pchau/.conda/envs/cafe/lib/python3.11/site-packages (from torch>=2.3->captum->-r src/requirements.txt (line 8)) (12.4.127)
Requirement already satisfied: nvidia-nvjitlink-cu12==12.4.127 in /Utilisateurs/pchau/.conda/envs/cafe/lib/python3.11/site-packages (from torch>=2.3->captum->-r src/requirements.txt (line 8)) (12.4.127)
Requirement already satisfied: triton==3.2.0 in /Utilisateurs/pchau/.conda/envs/cafe/lib/python3.11/site-packages (from torch>=2.3->captum->-r src/requirements.txt (line 8)) (3.2.0)
Requirement already satisfied: sympy==1.13.1 in /Utilisateurs/pchau/.conda/envs/cafe/lib/python3.11/site-packages (from torch>=2.3->captum->-r src/requirements.txt (line 8)) (1.13.1)
Requirement already satisfied: mpmath<1.4,>=1.1.0 in /Utilisateurs/pchau/.conda/envs/cafe/lib/python3.11/site-packages (from sympy==1.13.1->torch>=2.3->captum->-r src/requirements.txt (line 8)) (1.3.0)
Requirement already satisfied: MarkupSafe>=2.0 in /Utilisateurs/pchau/.conda/envs/cafe/lib/python3.11/site-packages (from jinja2->torch>=2.3->captum->-r src/requirements.txt (line 8)) (3.0.3)
Requirement already satisfied: contourpy>=1.0.1 in /Utilisateurs/pchau/.conda/envs/cafe/lib/python3.11/site-packages (from matplotlib->captum->-r src/requirements.txt (line 8)) (1.3.3)
Requirement already satisfied: cycler>=0.10 in /Utilisateurs/pchau/.conda/envs/cafe/lib/python3.11/site-packages (from matplotlib->captum->-r src/requirements.txt (line 8)) (0.12.1)
Requirement already satisfied: fonttools>=4.22.0 in /Utilisateurs/pchau/.conda/envs/cafe/lib/python3.11/site-packages (from matplotlib->captum->-r src/requirements.txt (line 8)) (4.63.0)
Requirement already satisfied: kiwisolver>=1.3.1 in /Utilisateurs/pchau/.conda/envs/cafe/lib/python3.11/site-packages (from matplotlib->captum->-r src/requirements.txt (line 8)) (1.5.0)
Requirement already satisfied: pillow>=9 in /Utilisateurs/pchau/.conda/envs/cafe/lib/python3.11/site-packages (from matplotlib->captum->-r src/requirements.txt (line 8)) (12.3.0)
Requirement already satisfied: pyparsing>=3 in /Utilisateurs/pchau/.conda/envs/cafe/lib/python3.11/site-packages (from matplotlib->captum->-r src/requirements.txt (line 8)) (3.3.2)
Requirement already satisfied: psutil in /Utilisateurs/pchau/.conda/envs/cafe/lib/python3.11/site-packages (from peft->gliner2>=1.3.2->gliner2[local]>=1.3.2->-r src/requirements.txt (line 1)) (7.2.2)
Requirement already satisfied: accelerate>=0.21.0 in /Utilisateurs/pchau/.conda/envs/cafe/lib/python3.11/site-packages (from peft->gliner2>=1.3.2->gliner2[local]>=1.3.2->-r src/requirements.txt (line 1)) (1.14.0)
Requirement already satisfied: safetensors in /Utilisateurs/pchau/.conda/envs/cafe/lib/python3.11/site-packages (from peft->gliner2>=1.3.2->gliner2[local]>=1.3.2->-r src/requirements.txt (line 1)) (0.8.0)
Requirement already satisfied: regex>=2025.10.22 in /Utilisateurs/pchau/.conda/envs/cafe/lib/python3.11/site-packages (from transformers->gliner2[local]>=1.3.2->-r src/requirements.txt (line 1)) (2026.6.28)
Requirement already satisfied: tokenizers<=0.23.0,>=0.22.0 in /Utilisateurs/pchau/.conda/envs/cafe/lib/python3.11/site-packages (from transformers->gliner2[local]>=1.3.2->-r src/requirements.txt (line 1)) (0.22.2)
Requirement already satisfied: typer in /Utilisateurs/pchau/.conda/envs/cafe/lib/python3.11/site-packages (from transformers->gliner2[local]>=1.3.2->-r src/requirements.txt (line 1)) (0.26.8)
Requirement already satisfied: shellingham>=1.3.0 in /Utilisateurs/pchau/.conda/envs/cafe/lib/python3.11/site-packages (from typer->transformers->gliner2[local]>=1.3.2->-r src/requirements.txt (line 1)) (1.5.4)
Requirement already satisfied: rich>=13.8.0 in /Utilisateurs/pchau/.conda/envs/cafe/lib/python3.11/site-packages (from typer->transformers->gliner2[local]>=1.3.2->-r src/requirements.txt (line 1)) (15.0.0)
Requirement already satisfied: annotated-doc>=0.0.2 in /Utilisateurs/pchau/.conda/envs/cafe/lib/python3.11/site-packages (from typer->transformers->gliner2[local]>=1.3.2->-r src/requirements.txt (line 1)) (0.0.4)
Requirement already satisfied: markdown-it-py>=2.2.0 in /Utilisateurs/pchau/.conda/envs/cafe/lib/python3.11/site-packages (from rich>=13.8.0->typer->transformers->gliner2[local]>=1.3.2->-r src/requirements.txt (line 1)) (4.2.0)
Requirement already satisfied: pygments<3.0.0,>=2.13.0 in /Utilisateurs/pchau/.conda/envs/cafe/lib/python3.11/site-packages (from rich>=13.8.0->typer->transformers->gliner2[local]>=1.3.2->-r src/requirements.txt (line 1)) (2.20.0)
Requirement already satisfied: mdurl~=0.1 in /Utilisateurs/pchau/.conda/envs/cafe/lib/python3.11/site-packages (from markdown-it-py>=2.2.0->rich>=13.8.0->typer->transformers->gliner2[local]>=1.3.2->-r src/requirements.txt (line 1)) (0.1.2)
Tue Jul 14 12:34:06 2026       
+-----------------------------------------------------------------------------------------+
| NVIDIA-SMI 550.54.14              Driver Version: 550.54.14      CUDA Version: 12.4     |
|-----------------------------------------+------------------------+----------------------+
| GPU  Name                 Persistence-M | Bus-Id          Disp.A | Volatile Uncorr. ECC |
| Fan  Temp   Perf          Pwr:Usage/Cap |           Memory-Usage | GPU-Util  Compute M. |
|                                         |                        |               MIG M. |
|=========================================+========================+======================|
|   0  NVIDIA GeForce RTX 2080 Ti     On  |   00000000:1A:00.0 Off |                  N/A |
| 28%   47C    P8             21W /  250W |       0MiB /  11264MiB |      0%      Default |
|                                         |                        |                  N/A |
+-----------------------------------------+------------------------+----------------------+
                                                                                         
+-----------------------------------------------------------------------------------------+
| Processes:                                                                              |
|  GPU   GI   CI        PID   Type   Process name                              GPU Memory |
|        ID   ID                                                               Usage      |
|=========================================================================================|
|  No running processes found                                                             |
+-----------------------------------------------------------------------------------------+
torch 2.6.0+cu124 | cuda available: True
=== Step 1: Load label_reliability and attach document-level split ===
Loading /Utilisateurs/pchau/workspace/confidence-aware/data/label_reliability_type_only.csv
111965 candidates loaded
Loading /Utilisateurs/pchau/workspace/confidence-aware/data/hipe2020_train_fr_train_data.csv
split
expert_train    59422
gate_train      21856
test            20580
calibration     10107
=== Step 2: Split expert_train (train) / calibration (val) ===
59422 train (expert_train) candidates, 10107 val (calibration) candidates
=== Step 3: Fit Platt scaling on train, early-stop on val ===
Early stopping at epoch 25: no val-loss improvement for 15 epochs
Best epoch: 10 (train_loss=0.1093, val_loss=0.1320)
calibrated_score = sigmoid(-4.6598 + 5.0893 * ner_score)
=== Step 4: Score every candidate (all splits) ===
=== Step 5: Save platt_scaling.csv ===
Saved /Utilisateurs/pchau/workspace/confidence-aware/data/platt_scaling.csv
=== Step 6: Plot fit vs held-out test-split accuracy ===
Saved /Utilisateurs/pchau/workspace/confidence-aware/figures/modeling/platt_scaling_fit.png
=== Step 7: Plot train/val training curve ===
Saved /Utilisateurs/pchau/workspace/confidence-aware/figures/modeling/platt_scaling_track_training.png
=== Done ===
=== Step 1: Load logistic_regression_data.csv ===
Loading /Utilisateurs/pchau/workspace/confidence-aware/data/logistic_regression_data.csv
111965 candidates
split
expert_train    59422
gate_train      21856
test            20580
calibration     10107
=== Step 2: Build B3 feature matrix (expert_train medians + missing-indicator set) ===
31 features, 59422 train (expert_train) candidates, 10107 val (calibration) candidates
=== Step 3: Fit B3 logistic regression on train, early-stop on val ===
Early stopping at epoch 48: no val-loss improvement for 15 epochs
Best epoch: 33 (train_loss=0.0939, val_loss=0.1130)
Top coefficients (standardized scale, sorted by |coefficient|):
ner_score                           1.339424
predicted_entity_type_PROD         -1.008803
predicted_entity_type_PERS          0.711300
predicted_entity_type_LOC           0.489265
sentence_length                     0.388627
sentence_chunked                   -0.208040
ocr_correct                        -0.113071
span_length_characters             -0.100555
predicted_entity_type_TIME          0.088245
context_window_length              -0.074759
left_context_ocr_mean_10_missing    0.059695
predicted_entity_type_ORG           0.054685
span_first_word_ocr                 0.043358
context_ocr_min_10                 -0.034745
sentence_ocr_mean                  -0.030781
=== Step 4: Score every candidate (all splits) ===
calibration: 10107 candidates, mean calibrated_score 0.0552
expert_train: 59422 candidates, mean calibrated_score 0.0532
gate_train: 21856 candidates, mean calibrated_score 0.0590
test: 20580 candidates, mean calibrated_score 0.0587
=== Step 5: Save logistic_regression.csv ===
Saved /Utilisateurs/pchau/workspace/confidence-aware/data/logistic_regression.csv
=== Step 6: Plot weights ===
Saved /Utilisateurs/pchau/workspace/confidence-aware/figures/modeling/logistic_regression_weights.png
=== Step 7: Plot train/val training curve ===
Saved /Utilisateurs/pchau/workspace/confidence-aware/figures/modeling/logistic_regression_track_training.png
=== Done ===
=== Step 1: Load /Utilisateurs/pchau/workspace/confidence-aware/data/label_reliability_type_only.csv and merge in ['platt_scaling', 'logistic'] ===
111965 candidates joined; scores present: ['raw', 'platt_scaling', 'logistic']
=== Step 2: Filter to split='test' ===
Loading /Utilisateurs/pchau/workspace/confidence-aware/data/hipe2020_train_fr_train_data.csv
20580 candidates remain
=== Step 3: Compute ECE bins and Brier score / ECE / MCE per score ===
raw (ner_score): 20580 candidates across 10 bins -- Brier=0.0532 ECE=0.0606 MCE=0.5635 AUROC=0.9435 E-AURC=0.0286
platt_scaling (platt_scaling_calibrated_score): 20580 candidates across 10 bins -- Brier=0.0310 ECE=0.0092 MCE=0.3161 AUROC=0.9435 E-AURC=0.0286
logistic (logistic_calibrated_score): 20580 candidates across 10 bins -- Brier=0.0243 ECE=0.0097 MCE=0.2522 AUROC=0.9615 E-AURC=0.0208
=== Step 4: Plot reliability diagram ===
Saved /Utilisateurs/pchau/workspace/confidence-aware/figures/modeling/reliability_diagram_raw_platt_scaling_logistic.png
=== Step 5: Plot metrics bar chart (Brier score, ECE, MCE, AUROC, E-AURC) ===
Saved /Utilisateurs/pchau/workspace/confidence-aware/figures/modeling/metrics_bar_raw_platt_scaling_logistic.png
=== Step 6: Plot ROC curve ===
Saved /Utilisateurs/pchau/workspace/confidence-aware/figures/modeling/roc_curve_raw_platt_scaling_logistic.png
=== Step 7: Plot risk-coverage curve ===
Saved /Utilisateurs/pchau/workspace/confidence-aware/figures/modeling/risk_coverage_raw_platt_scaling_logistic.png
=== Step 8: Save bins table (bin, true, raw, platt_scaling, logistic) ===
    bin  count     true      raw  delta_raw  platt_scaling  delta_platt_scaling  logistic  delta_logistic
0.0-0.1  17309 0.007684 0.002919  -0.004765       0.009537             0.001853  0.007645       -0.000039
0.1-0.2    362 0.030387 0.143766   0.113379       0.019501            -0.010886  0.017087       -0.013300
0.2-0.3    244 0.020492 0.245537   0.225045       0.032288             0.011796  0.029305        0.008813
0.3-0.4    198 0.050505 0.351889   0.301383       0.054192             0.003687  0.050211       -0.000294
0.4-0.5    198 0.080808 0.450768   0.369960       0.086453             0.005645  0.095375        0.014567
0.5-0.6    211 0.109005 0.548638   0.439633       0.134795             0.025791  0.148697        0.039693
0.6-0.7    220 0.218182 0.651264   0.433082       0.207705            -0.010477  0.208044       -0.010138
0.7-0.8    249 0.269076 0.752730   0.483654       0.304630             0.035553  0.320114        0.051037
0.8-0.9    340 0.288235 0.851688   0.563453       0.419837             0.131602  0.407867        0.119632
0.9-1.0   1249 0.622898 0.971566   0.348668       0.570431            -0.052467  0.591469       -0.031430
Saved /Utilisateurs/pchau/workspace/confidence-aware/figures/modeling/bins_raw_platt_scaling_logistic.csv
=== Done ===
