Working directory: /Utilisateurs/pchau/workspace/confidence-aware
Env 'cafe' already exists, skipping creation
Looking in indexes: https://download.pytorch.org/whl/cu124
Requirement already satisfied: torch in /Utilisateurs/pchau/.conda/envs/cafe/lib/python3.11/site-packages (2.6.0+cu124)
Requirement already satisfied: filelock in /Utilisateurs/pchau/.conda/envs/cafe/lib/python3.11/site-packages (from torch) (3.29.0)
Requirement already satisfied: typing-extensions>=4.10.0 in /Utilisateurs/pchau/.conda/envs/cafe/lib/python3.11/site-packages (from torch) (4.15.0)
Requirement already satisfied: networkx in /Utilisateurs/pchau/.conda/envs/cafe/lib/python3.11/site-packages (from torch) (3.6.1)
Requirement already satisfied: jinja2 in /Utilisateurs/pchau/.conda/envs/cafe/lib/python3.11/site-packages (from torch) (3.1.6)
Requirement already satisfied: fsspec in /Utilisateurs/pchau/.conda/envs/cafe/lib/python3.11/site-packages (from torch) (2026.4.0)
Requirement already satisfied: nvidia-cuda-nvrtc-cu12==12.4.127 in /Utilisateurs/pchau/.conda/envs/cafe/lib/python3.11/site-packages (from torch) (12.4.127)
Requirement already satisfied: nvidia-cuda-runtime-cu12==12.4.127 in /Utilisateurs/pchau/.conda/envs/cafe/lib/python3.11/site-packages (from torch) (12.4.127)
Requirement already satisfied: nvidia-cuda-cupti-cu12==12.4.127 in /Utilisateurs/pchau/.conda/envs/cafe/lib/python3.11/site-packages (from torch) (12.4.127)
Requirement already satisfied: nvidia-cudnn-cu12==9.1.0.70 in /Utilisateurs/pchau/.conda/envs/cafe/lib/python3.11/site-packages (from torch) (9.1.0.70)
Requirement already satisfied: nvidia-cublas-cu12==12.4.5.8 in /Utilisateurs/pchau/.conda/envs/cafe/lib/python3.11/site-packages (from torch) (12.4.5.8)
Requirement already satisfied: nvidia-cufft-cu12==11.2.1.3 in /Utilisateurs/pchau/.conda/envs/cafe/lib/python3.11/site-packages (from torch) (11.2.1.3)
Requirement already satisfied: nvidia-curand-cu12==10.3.5.147 in /Utilisateurs/pchau/.conda/envs/cafe/lib/python3.11/site-packages (from torch) (10.3.5.147)
Requirement already satisfied: nvidia-cusolver-cu12==11.6.1.9 in /Utilisateurs/pchau/.conda/envs/cafe/lib/python3.11/site-packages (from torch) (11.6.1.9)
Requirement already satisfied: nvidia-cusparse-cu12==12.3.1.170 in /Utilisateurs/pchau/.conda/envs/cafe/lib/python3.11/site-packages (from torch) (12.3.1.170)
Requirement already satisfied: nvidia-cusparselt-cu12==0.6.2 in /Utilisateurs/pchau/.conda/envs/cafe/lib/python3.11/site-packages (from torch) (0.6.2)
Requirement already satisfied: nvidia-nccl-cu12==2.21.5 in /Utilisateurs/pchau/.conda/envs/cafe/lib/python3.11/site-packages (from torch) (2.21.5)
Requirement already satisfied: nvidia-nvtx-cu12==12.4.127 in /Utilisateurs/pchau/.conda/envs/cafe/lib/python3.11/site-packages (from torch) (12.4.127)
Requirement already satisfied: nvidia-nvjitlink-cu12==12.4.127 in /Utilisateurs/pchau/.conda/envs/cafe/lib/python3.11/site-packages (from torch) (12.4.127)
Requirement already satisfied: triton==3.2.0 in /Utilisateurs/pchau/.conda/envs/cafe/lib/python3.11/site-packages (from torch) (3.2.0)
Requirement already satisfied: sympy==1.13.1 in /Utilisateurs/pchau/.conda/envs/cafe/lib/python3.11/site-packages (from torch) (1.13.1)
Requirement already satisfied: mpmath<1.4,>=1.1.0 in /Utilisateurs/pchau/.conda/envs/cafe/lib/python3.11/site-packages (from sympy==1.13.1->torch) (1.3.0)
Requirement already satisfied: MarkupSafe>=2.0 in /Utilisateurs/pchau/.conda/envs/cafe/lib/python3.11/site-packages (from jinja2->torch) (3.0.3)
Requirement already satisfied: gliner2>=1.3.2 in /Utilisateurs/pchau/.conda/envs/cafe/lib/python3.11/site-packages (from gliner2[local]>=1.3.2->-r src/requirements.txt (line 1)) (1.3.2)
Requirement already satisfied: pandas>=3.0.3 in /Utilisateurs/pchau/.conda/envs/cafe/lib/python3.11/site-packages (from -r src/requirements.txt (line 2)) (3.0.3)
Requirement already satisfied: requests>=2.34.2 in /Utilisateurs/pchau/.conda/envs/cafe/lib/python3.11/site-packages (from -r src/requirements.txt (line 3)) (2.34.2)
Requirement already satisfied: tqdm>=4.66 in /Utilisateurs/pchau/.conda/envs/cafe/lib/python3.11/site-packages (from -r src/requirements.txt (line 4)) (4.68.4)
Requirement already satisfied: cython in /Utilisateurs/pchau/.conda/envs/cafe/lib/python3.11/site-packages (from -r src/requirements.txt (line 5)) (3.2.8)
Requirement already satisfied: pybloomfiltermmap3 in /Utilisateurs/pchau/.conda/envs/cafe/lib/python3.11/site-packages (from -r src/requirements.txt (line 6)) (0.6.3)
Requirement already satisfied: huggingface_hub in /Utilisateurs/pchau/.conda/envs/cafe/lib/python3.11/site-packages (from -r src/requirements.txt (line 7)) (1.22.0)
Requirement already satisfied: captum in /Utilisateurs/pchau/.conda/envs/cafe/lib/python3.11/site-packages (from -r src/requirements.txt (line 8)) (0.9.0)
Requirement already satisfied: scikit-learn in /Utilisateurs/pchau/.conda/envs/cafe/lib/python3.11/site-packages (from -r src/requirements.txt (line 9)) (1.9.0)
Requirement already satisfied: peft in /Utilisateurs/pchau/.conda/envs/cafe/lib/python3.11/site-packages (from gliner2>=1.3.2->gliner2[local]>=1.3.2->-r src/requirements.txt (line 1)) (0.19.1)
Requirement already satisfied: pydantic>=2.0.0 in /Utilisateurs/pchau/.conda/envs/cafe/lib/python3.11/site-packages (from gliner2>=1.3.2->gliner2[local]>=1.3.2->-r src/requirements.txt (line 1)) (2.13.4)
Requirement already satisfied: urllib3>=1.26 in /Utilisateurs/pchau/.conda/envs/cafe/lib/python3.11/site-packages (from gliner2>=1.3.2->gliner2[local]>=1.3.2->-r src/requirements.txt (line 1)) (2.7.0)
Requirement already satisfied: numpy>=1.26.0 in /Utilisateurs/pchau/.conda/envs/cafe/lib/python3.11/site-packages (from pandas>=3.0.3->-r src/requirements.txt (line 2)) (2.4.6)
Requirement already satisfied: python-dateutil>=2.8.2 in /Utilisateurs/pchau/.conda/envs/cafe/lib/python3.11/site-packages (from pandas>=3.0.3->-r src/requirements.txt (line 2)) (2.9.0.post0)
Requirement already satisfied: charset_normalizer<4,>=2 in /Utilisateurs/pchau/.conda/envs/cafe/lib/python3.11/site-packages (from requests>=2.34.2->-r src/requirements.txt (line 3)) (3.4.9)
Requirement already satisfied: idna<4,>=2.5 in /Utilisateurs/pchau/.conda/envs/cafe/lib/python3.11/site-packages (from requests>=2.34.2->-r src/requirements.txt (line 3)) (3.18)
Requirement already satisfied: certifi>=2023.5.7 in /Utilisateurs/pchau/.conda/envs/cafe/lib/python3.11/site-packages (from requests>=2.34.2->-r src/requirements.txt (line 3)) (2026.6.17)
Requirement already satisfied: click<9.0.0,>=8.4.2 in /Utilisateurs/pchau/.conda/envs/cafe/lib/python3.11/site-packages (from huggingface_hub->-r src/requirements.txt (line 7)) (8.4.2)
Requirement already satisfied: filelock>=3.10.0 in /Utilisateurs/pchau/.conda/envs/cafe/lib/python3.11/site-packages (from huggingface_hub->-r src/requirements.txt (line 7)) (3.29.0)
Requirement already satisfied: fsspec>=2023.5.0 in /Utilisateurs/pchau/.conda/envs/cafe/lib/python3.11/site-packages (from huggingface_hub->-r src/requirements.txt (line 7)) (2026.4.0)
Requirement already satisfied: hf-xet<2.0.0,>=1.5.1 in /Utilisateurs/pchau/.conda/envs/cafe/lib/python3.11/site-packages (from huggingface_hub->-r src/requirements.txt (line 7)) (1.5.1)
Requirement already satisfied: httpx<1,>=0.23.0 in /Utilisateurs/pchau/.conda/envs/cafe/lib/python3.11/site-packages (from huggingface_hub->-r src/requirements.txt (line 7)) (0.28.1)
Requirement already satisfied: packaging>=20.9 in /Utilisateurs/pchau/.conda/envs/cafe/lib/python3.11/site-packages (from huggingface_hub->-r src/requirements.txt (line 7)) (26.0)
Requirement already satisfied: pyyaml>=5.1 in /Utilisateurs/pchau/.conda/envs/cafe/lib/python3.11/site-packages (from huggingface_hub->-r src/requirements.txt (line 7)) (6.0.3)
Requirement already satisfied: typing-extensions>=4.1.0 in /Utilisateurs/pchau/.conda/envs/cafe/lib/python3.11/site-packages (from huggingface_hub->-r src/requirements.txt (line 7)) (4.15.0)
Requirement already satisfied: anyio in /Utilisateurs/pchau/.conda/envs/cafe/lib/python3.11/site-packages (from httpx<1,>=0.23.0->huggingface_hub->-r src/requirements.txt (line 7)) (4.14.1)
Requirement already satisfied: httpcore==1.* in /Utilisateurs/pchau/.conda/envs/cafe/lib/python3.11/site-packages (from httpx<1,>=0.23.0->huggingface_hub->-r src/requirements.txt (line 7)) (1.0.9)
Requirement already satisfied: h11>=0.16 in /Utilisateurs/pchau/.conda/envs/cafe/lib/python3.11/site-packages (from httpcore==1.*->httpx<1,>=0.23.0->huggingface_hub->-r src/requirements.txt (line 7)) (0.16.0)
Requirement already satisfied: matplotlib in /Utilisateurs/pchau/.conda/envs/cafe/lib/python3.11/site-packages (from captum->-r src/requirements.txt (line 8)) (3.11.0)
Requirement already satisfied: torch>=2.3 in /Utilisateurs/pchau/.conda/envs/cafe/lib/python3.11/site-packages (from captum->-r src/requirements.txt (line 8)) (2.6.0+cu124)
Requirement already satisfied: scipy>=1.10.0 in /Utilisateurs/pchau/.conda/envs/cafe/lib/python3.11/site-packages (from scikit-learn->-r src/requirements.txt (line 9)) (1.17.1)
Requirement already satisfied: joblib>=1.4.0 in /Utilisateurs/pchau/.conda/envs/cafe/lib/python3.11/site-packages (from scikit-learn->-r src/requirements.txt (line 9)) (1.5.3)
Requirement already satisfied: narwhals>=2.0.1 in /Utilisateurs/pchau/.conda/envs/cafe/lib/python3.11/site-packages (from scikit-learn->-r src/requirements.txt (line 9)) (2.23.0)
Requirement already satisfied: threadpoolctl>=3.5.0 in /Utilisateurs/pchau/.conda/envs/cafe/lib/python3.11/site-packages (from scikit-learn->-r src/requirements.txt (line 9)) (3.6.0)
Requirement already satisfied: transformers in /Utilisateurs/pchau/.conda/envs/cafe/lib/python3.11/site-packages (from gliner2[local]>=1.3.2->-r src/requirements.txt (line 1)) (5.13.0)
Requirement already satisfied: annotated-types>=0.6.0 in /Utilisateurs/pchau/.conda/envs/cafe/lib/python3.11/site-packages (from pydantic>=2.0.0->gliner2>=1.3.2->gliner2[local]>=1.3.2->-r src/requirements.txt (line 1)) (0.7.0)
Requirement already satisfied: pydantic-core==2.46.4 in /Utilisateurs/pchau/.conda/envs/cafe/lib/python3.11/site-packages (from pydantic>=2.0.0->gliner2>=1.3.2->gliner2[local]>=1.3.2->-r src/requirements.txt (line 1)) (2.46.4)
Requirement already satisfied: typing-inspection>=0.4.2 in /Utilisateurs/pchau/.conda/envs/cafe/lib/python3.11/site-packages (from pydantic>=2.0.0->gliner2>=1.3.2->gliner2[local]>=1.3.2->-r src/requirements.txt (line 1)) (0.4.2)
Requirement already satisfied: six>=1.5 in /Utilisateurs/pchau/.conda/envs/cafe/lib/python3.11/site-packages (from python-dateutil>=2.8.2->pandas>=3.0.3->-r src/requirements.txt (line 2)) (1.17.0)
Requirement already satisfied: networkx in /Utilisateurs/pchau/.conda/envs/cafe/lib/python3.11/site-packages (from torch>=2.3->captum->-r src/requirements.txt (line 8)) (3.6.1)
Requirement already satisfied: jinja2 in /Utilisateurs/pchau/.conda/envs/cafe/lib/python3.11/site-packages (from torch>=2.3->captum->-r src/requirements.txt (line 8)) (3.1.6)
Requirement already satisfied: nvidia-cuda-nvrtc-cu12==12.4.127 in /Utilisateurs/pchau/.conda/envs/cafe/lib/python3.11/site-packages (from torch>=2.3->captum->-r src/requirements.txt (line 8)) (12.4.127)
Requirement already satisfied: nvidia-cuda-runtime-cu12==12.4.127 in /Utilisateurs/pchau/.conda/envs/cafe/lib/python3.11/site-packages (from torch>=2.3->captum->-r src/requirements.txt (line 8)) (12.4.127)
Requirement already satisfied: nvidia-cuda-cupti-cu12==12.4.127 in /Utilisateurs/pchau/.conda/envs/cafe/lib/python3.11/site-packages (from torch>=2.3->captum->-r src/requirements.txt (line 8)) (12.4.127)
Requirement already satisfied: nvidia-cudnn-cu12==9.1.0.70 in /Utilisateurs/pchau/.conda/envs/cafe/lib/python3.11/site-packages (from torch>=2.3->captum->-r src/requirements.txt (line 8)) (9.1.0.70)
Requirement already satisfied: nvidia-cublas-cu12==12.4.5.8 in /Utilisateurs/pchau/.conda/envs/cafe/lib/python3.11/site-packages (from torch>=2.3->captum->-r src/requirements.txt (line 8)) (12.4.5.8)
Requirement already satisfied: nvidia-cufft-cu12==11.2.1.3 in /Utilisateurs/pchau/.conda/envs/cafe/lib/python3.11/site-packages (from torch>=2.3->captum->-r src/requirements.txt (line 8)) (11.2.1.3)
Requirement already satisfied: nvidia-curand-cu12==10.3.5.147 in /Utilisateurs/pchau/.conda/envs/cafe/lib/python3.11/site-packages (from torch>=2.3->captum->-r src/requirements.txt (line 8)) (10.3.5.147)
Requirement already satisfied: nvidia-cusolver-cu12==11.6.1.9 in /Utilisateurs/pchau/.conda/envs/cafe/lib/python3.11/site-packages (from torch>=2.3->captum->-r src/requirements.txt (line 8)) (11.6.1.9)
Requirement already satisfied: nvidia-cusparse-cu12==12.3.1.170 in /Utilisateurs/pchau/.conda/envs/cafe/lib/python3.11/site-packages (from torch>=2.3->captum->-r src/requirements.txt (line 8)) (12.3.1.170)
Requirement already satisfied: nvidia-cusparselt-cu12==0.6.2 in /Utilisateurs/pchau/.conda/envs/cafe/lib/python3.11/site-packages (from torch>=2.3->captum->-r src/requirements.txt (line 8)) (0.6.2)
Requirement already satisfied: nvidia-nccl-cu12==2.21.5 in /Utilisateurs/pchau/.conda/envs/cafe/lib/python3.11/site-packages (from torch>=2.3->captum->-r src/requirements.txt (line 8)) (2.21.5)
Requirement already satisfied: nvidia-nvtx-cu12==12.4.127 in /Utilisateurs/pchau/.conda/envs/cafe/lib/python3.11/site-packages (from torch>=2.3->captum->-r src/requirements.txt (line 8)) (12.4.127)
Requirement already satisfied: nvidia-nvjitlink-cu12==12.4.127 in /Utilisateurs/pchau/.conda/envs/cafe/lib/python3.11/site-packages (from torch>=2.3->captum->-r src/requirements.txt (line 8)) (12.4.127)
Requirement already satisfied: triton==3.2.0 in /Utilisateurs/pchau/.conda/envs/cafe/lib/python3.11/site-packages (from torch>=2.3->captum->-r src/requirements.txt (line 8)) (3.2.0)
Requirement already satisfied: sympy==1.13.1 in /Utilisateurs/pchau/.conda/envs/cafe/lib/python3.11/site-packages (from torch>=2.3->captum->-r src/requirements.txt (line 8)) (1.13.1)
Requirement already satisfied: mpmath<1.4,>=1.1.0 in /Utilisateurs/pchau/.conda/envs/cafe/lib/python3.11/site-packages (from sympy==1.13.1->torch>=2.3->captum->-r src/requirements.txt (line 8)) (1.3.0)
Requirement already satisfied: MarkupSafe>=2.0 in /Utilisateurs/pchau/.conda/envs/cafe/lib/python3.11/site-packages (from jinja2->torch>=2.3->captum->-r src/requirements.txt (line 8)) (3.0.3)
Requirement already satisfied: contourpy>=1.0.1 in /Utilisateurs/pchau/.conda/envs/cafe/lib/python3.11/site-packages (from matplotlib->captum->-r src/requirements.txt (line 8)) (1.3.3)
Requirement already satisfied: cycler>=0.10 in /Utilisateurs/pchau/.conda/envs/cafe/lib/python3.11/site-packages (from matplotlib->captum->-r src/requirements.txt (line 8)) (0.12.1)
Requirement already satisfied: fonttools>=4.22.0 in /Utilisateurs/pchau/.conda/envs/cafe/lib/python3.11/site-packages (from matplotlib->captum->-r src/requirements.txt (line 8)) (4.63.0)
Requirement already satisfied: kiwisolver>=1.3.1 in /Utilisateurs/pchau/.conda/envs/cafe/lib/python3.11/site-packages (from matplotlib->captum->-r src/requirements.txt (line 8)) (1.5.0)
Requirement already satisfied: pillow>=9 in /Utilisateurs/pchau/.conda/envs/cafe/lib/python3.11/site-packages (from matplotlib->captum->-r src/requirements.txt (line 8)) (12.3.0)
Requirement already satisfied: pyparsing>=3 in /Utilisateurs/pchau/.conda/envs/cafe/lib/python3.11/site-packages (from matplotlib->captum->-r src/requirements.txt (line 8)) (3.3.2)
Requirement already satisfied: psutil in /Utilisateurs/pchau/.conda/envs/cafe/lib/python3.11/site-packages (from peft->gliner2>=1.3.2->gliner2[local]>=1.3.2->-r src/requirements.txt (line 1)) (7.2.2)
Requirement already satisfied: accelerate>=0.21.0 in /Utilisateurs/pchau/.conda/envs/cafe/lib/python3.11/site-packages (from peft->gliner2>=1.3.2->gliner2[local]>=1.3.2->-r src/requirements.txt (line 1)) (1.14.0)
Requirement already satisfied: safetensors in /Utilisateurs/pchau/.conda/envs/cafe/lib/python3.11/site-packages (from peft->gliner2>=1.3.2->gliner2[local]>=1.3.2->-r src/requirements.txt (line 1)) (0.8.0)
Requirement already satisfied: regex>=2025.10.22 in /Utilisateurs/pchau/.conda/envs/cafe/lib/python3.11/site-packages (from transformers->gliner2[local]>=1.3.2->-r src/requirements.txt (line 1)) (2026.6.28)
Requirement already satisfied: tokenizers<=0.23.0,>=0.22.0 in /Utilisateurs/pchau/.conda/envs/cafe/lib/python3.11/site-packages (from transformers->gliner2[local]>=1.3.2->-r src/requirements.txt (line 1)) (0.22.2)
Requirement already satisfied: typer in /Utilisateurs/pchau/.conda/envs/cafe/lib/python3.11/site-packages (from transformers->gliner2[local]>=1.3.2->-r src/requirements.txt (line 1)) (0.26.8)
Requirement already satisfied: shellingham>=1.3.0 in /Utilisateurs/pchau/.conda/envs/cafe/lib/python3.11/site-packages (from typer->transformers->gliner2[local]>=1.3.2->-r src/requirements.txt (line 1)) (1.5.4)
Requirement already satisfied: rich>=13.8.0 in /Utilisateurs/pchau/.conda/envs/cafe/lib/python3.11/site-packages (from typer->transformers->gliner2[local]>=1.3.2->-r src/requirements.txt (line 1)) (15.0.0)
Requirement already satisfied: annotated-doc>=0.0.2 in /Utilisateurs/pchau/.conda/envs/cafe/lib/python3.11/site-packages (from typer->transformers->gliner2[local]>=1.3.2->-r src/requirements.txt (line 1)) (0.0.4)
Requirement already satisfied: markdown-it-py>=2.2.0 in /Utilisateurs/pchau/.conda/envs/cafe/lib/python3.11/site-packages (from rich>=13.8.0->typer->transformers->gliner2[local]>=1.3.2->-r src/requirements.txt (line 1)) (4.2.0)
Requirement already satisfied: pygments<3.0.0,>=2.13.0 in /Utilisateurs/pchau/.conda/envs/cafe/lib/python3.11/site-packages (from rich>=13.8.0->typer->transformers->gliner2[local]>=1.3.2->-r src/requirements.txt (line 1)) (2.20.0)
Requirement already satisfied: mdurl~=0.1 in /Utilisateurs/pchau/.conda/envs/cafe/lib/python3.11/site-packages (from markdown-it-py>=2.2.0->rich>=13.8.0->typer->transformers->gliner2[local]>=1.3.2->-r src/requirements.txt (line 1)) (0.1.2)
Tue Jul 14 16:03:53 2026       
+-----------------------------------------------------------------------------------------+
| NVIDIA-SMI 550.54.14              Driver Version: 550.54.14      CUDA Version: 12.4     |
|-----------------------------------------+------------------------+----------------------+
| GPU  Name                 Persistence-M | Bus-Id          Disp.A | Volatile Uncorr. ECC |
| Fan  Temp   Perf          Pwr:Usage/Cap |           Memory-Usage | GPU-Util  Compute M. |
|                                         |                        |               MIG M. |
|=========================================+========================+======================|
|   0  NVIDIA A40                     On  |   00000000:48:00.0 Off |                    0 |
|  0%   21C    P8             24W /  300W |       0MiB /  46068MiB |      0%      Default |
|                                         |                        |                  N/A |
+-----------------------------------------+------------------------+----------------------+
                                                                                         
+-----------------------------------------------------------------------------------------+
| Processes:                                                                              |
|  GPU   GI   CI        PID   Type   Process name                              GPU Memory |
|        ID   ID                                                               Usage      |
|=========================================================================================|
|  No running processes found                                                             |
+-----------------------------------------------------------------------------------------+
torch 2.6.0+cu124 | cuda available: True
=== Step 1: Load tokenizer and dataset ===
Loading camembert-base
111965 candidates available (split=None); using the first 5
=== Step 2: Build a batch from the first 5 candidates ===
=== Step 3: This is exactly what gets passed into Phase2Model.forward() ===
(model(batch["input_ids"], batch["dict_flag_ids"], batch["target_flag_ids"], batch["attention_mask"], batch["entity_type_id"], batch["ner_score"]))

input_ids        dtype=torch.int64    shape=(5, 34)
dict_flag_ids    dtype=torch.int64    shape=(5, 34)
target_flag_ids  dtype=torch.int64    shape=(5, 34)
attention_mask   dtype=torch.int64    shape=(5, 34)
entity_type_id   dtype=torch.int64    shape=(5,)
ner_score        dtype=torch.float32  shape=(5,)
label_reliable   dtype=torch.float32  shape=(5,)

--- input_ids ---
tensor([[    5,  8926, 12896, 28347, 13498,  8767,  2169,  1131,   107,   301,  4904,    21,     7,    13,  2157,  4364,    25, 20591,   110,  1187,    52,    21,    11,    30, 12705,     8,   962,
         10470,     6,     1,     1,     1,     1,     1],
        [    5,  8926, 12896, 28347, 13498,  8767,  2169,  1131,   107,   301,  4904,    21,     7,    13,  2157,  4364,    25, 20591,   110,  1187,    52,    21,    11,    30, 12705,     8,   962,
         10470,   167,     6,     1,     1,     1,     1],
        [    5,  8926, 12896, 28347, 13498,  8767,  2169,  1131,   107,   301,  4904,    21,     7,    13,  2157,  4364,    25, 20591,   110,  1187,    52,    21,    11,    30, 12705,     8,   962,
         10470,   167,    17,     6,     1,     1,     1],
        [    5,  8926, 12896, 28347, 13498,  8767,  2169,  1131,   107,   301,  4904,    21,     7,    13,  2157,  4364,    25, 20591,   110,  1187,    52,    21,    11,    30, 12705,     8,   962,
         10470,   167,    17,    21,    11,     6,     1],
        [    5,  8926, 12896, 28347, 13498,  8767,  2169,  1131,   107,   301,  4904,    21,     7,    13,  2157,  4364,    25, 20591,   110,  1187,    52,    21,    11,    30, 12705,     8,   962,
         10470,   167,    17,    21,    11,  2554,     6]])

--- dict_flag_ids ---
tensor([[1, 2, 2, 2, 2, 2, 2, 4, 2, 2, 2, 4, 4, 2, 2, 2, 2, 2, 2, 2, 2, 4, 4, 2, 2, 2, 2, 2, 1, 0, 0, 0, 0, 0],
        [1, 2, 2, 2, 2, 2, 2, 4, 2, 2, 2, 4, 4, 2, 2, 2, 2, 2, 2, 2, 2, 4, 4, 2, 2, 2, 2, 2, 4, 1, 0, 0, 0, 0],
        [1, 2, 2, 2, 2, 2, 2, 4, 2, 2, 2, 4, 4, 2, 2, 2, 2, 2, 2, 2, 2, 4, 4, 2, 2, 2, 2, 2, 4, 2, 1, 0, 0, 0],
        [1, 2, 2, 2, 2, 2, 2, 4, 2, 2, 2, 4, 4, 2, 2, 2, 2, 2, 2, 2, 2, 4, 4, 2, 2, 2, 2, 2, 4, 2, 4, 4, 1, 0],
        [1, 2, 2, 2, 2, 2, 2, 4, 2, 2, 2, 4, 4, 2, 2, 2, 2, 2, 2, 2, 2, 4, 4, 2, 2, 2, 2, 2, 4, 2, 4, 4, 2, 1]])

--- target_flag_ids ---
tensor([[1, 3, 3, 3, 3, 3, 3, 2, 2, 2, 2, 2, 2, 2, 2, 2, 2, 2, 2, 2, 2, 2, 2, 2, 2, 2, 2, 2, 1, 0, 0, 0, 0, 0],
        [1, 2, 2, 2, 2, 2, 2, 3, 2, 2, 2, 2, 2, 2, 2, 2, 2, 2, 2, 2, 2, 2, 2, 2, 2, 2, 2, 2, 2, 1, 0, 0, 0, 0],
        [1, 2, 2, 2, 2, 2, 2, 2, 3, 2, 2, 2, 2, 2, 2, 2, 2, 2, 2, 2, 2, 2, 2, 2, 2, 2, 2, 2, 2, 2, 1, 0, 0, 0],
        [1, 2, 2, 2, 2, 2, 2, 2, 2, 3, 3, 2, 2, 2, 2, 2, 2, 2, 2, 2, 2, 2, 2, 2, 2, 2, 2, 2, 2, 2, 2, 2, 1, 0],
        [1, 2, 2, 2, 2, 2, 2, 2, 2, 2, 2, 3, 3, 2, 2, 2, 2, 2, 2, 2, 2, 2, 2, 2, 2, 2, 2, 2, 2, 2, 2, 2, 2, 1]])

--- attention_mask ---
tensor([[1, 1, 1, 1, 1, 1, 1, 1, 1, 1, 1, 1, 1, 1, 1, 1, 1, 1, 1, 1, 1, 1, 1, 1, 1, 1, 1, 1, 1, 0, 0, 0, 0, 0],
        [1, 1, 1, 1, 1, 1, 1, 1, 1, 1, 1, 1, 1, 1, 1, 1, 1, 1, 1, 1, 1, 1, 1, 1, 1, 1, 1, 1, 1, 1, 0, 0, 0, 0],
        [1, 1, 1, 1, 1, 1, 1, 1, 1, 1, 1, 1, 1, 1, 1, 1, 1, 1, 1, 1, 1, 1, 1, 1, 1, 1, 1, 1, 1, 1, 1, 0, 0, 0],
        [1, 1, 1, 1, 1, 1, 1, 1, 1, 1, 1, 1, 1, 1, 1, 1, 1, 1, 1, 1, 1, 1, 1, 1, 1, 1, 1, 1, 1, 1, 1, 1, 1, 0],
        [1, 1, 1, 1, 1, 1, 1, 1, 1, 1, 1, 1, 1, 1, 1, 1, 1, 1, 1, 1, 1, 1, 1, 1, 1, 1, 1, 1, 1, 1, 1, 1, 1, 1]])

--- entity_type_id, ner_score, label_reliable (per-candidate metadata) ---
  [0] candidate_id='EXP-1888-01-09-a-i0035__s0__0-1' span_text='NOUVELLES SUISSES' entity_type_id=1 ner_score=0.8695 label_reliable=0
  [1] candidate_id='EXP-1888-01-09-a-i0035__s0__2-2' span_text='—' entity_type_id=1 ner_score=0.0000 label_reliable=0
  [2] candidate_id='EXP-1888-01-09-a-i0035__s0__3-3' span_text='En' entity_type_id=3 ner_score=0.0000 label_reliable=1
  [3] candidate_id='EXP-1888-01-09-a-i0035__s0__4-4' span_text='1887' entity_type_id=3 ner_score=0.9940 label_reliable=1
  [4] candidate_id='EXP-1888-01-09-a-i0035__s0__5-5' span_text=',' entity_type_id=4 ner_score=0.0000 label_reliable=0

=== Step 4: Decoded view -- every position INCLUDING padding, per candidate ===

--- [0] EXP-1888-01-09-a-i0035__s0__0-1 (span_text='NOUVELLES SUISSES') -- 29 real subwords + 5 padding ---
pos  token         dict_flag   target_flag     attn_mask
0    <s>           SPECIAL     SPECIAL         1
1    ▁NO           GOOD        INSIDE_TARGET   1  <-- INSIDE_TARGET
2    UV            GOOD        INSIDE_TARGET   1  <-- INSIDE_TARGET
3    ELLES         GOOD        INSIDE_TARGET   1  <-- INSIDE_TARGET
4    ▁SU           GOOD        INSIDE_TARGET   1  <-- INSIDE_TARGET
5    ISS           GOOD        INSIDE_TARGET   1  <-- INSIDE_TARGET
6    ES            GOOD        INSIDE_TARGET   1  <-- INSIDE_TARGET
7    ▁—            PUNCT       OUTSIDE         1
8    ▁En           GOOD        OUTSIDE         1
9    ▁18           GOOD        OUTSIDE         1
10   87            GOOD        OUTSIDE         1
11   ▁             PUNCT       OUTSIDE         1
12   ,             PUNCT       OUTSIDE         1
13   ▁la           GOOD        OUTSIDE         1
14   ▁Société      GOOD        OUTSIDE         1
15   ▁suisse       GOOD        OUTSIDE         1
16   ▁du           GOOD        OUTSIDE         1
17   ▁Gru          GOOD        OUTSIDE         1
18   t             GOOD        OUTSIDE         1
19   li            GOOD        OUTSIDE         1
20   ▁s            GOOD        OUTSIDE         1
21   ▁             PUNCT       OUTSIDE         1
22   '             PUNCT       OUTSIDE         1
23   ▁est          GOOD        OUTSIDE         1
24   ▁accrue       GOOD        OUTSIDE         1
25   ▁de           GOOD        OUTSIDE         1
26   ▁40           GOOD        OUTSIDE         1
27   ▁sections     GOOD        OUTSIDE         1
28   </s>          SPECIAL     SPECIAL         1
29   <pad>         PAD         PAD             0  <-- PAD
30   <pad>         PAD         PAD             0  <-- PAD
31   <pad>         PAD         PAD             0  <-- PAD
32   <pad>         PAD         PAD             0  <-- PAD
33   <pad>         PAD         PAD             0  <-- PAD

--- [1] EXP-1888-01-09-a-i0035__s0__2-2 (span_text='—') -- 30 real subwords + 4 padding ---
pos  token         dict_flag   target_flag     attn_mask
0    <s>           SPECIAL     SPECIAL         1
1    ▁NO           GOOD        OUTSIDE         1
2    UV            GOOD        OUTSIDE         1
3    ELLES         GOOD        OUTSIDE         1
4    ▁SU           GOOD        OUTSIDE         1
5    ISS           GOOD        OUTSIDE         1
6    ES            GOOD        OUTSIDE         1
7    ▁—            PUNCT       INSIDE_TARGET   1  <-- INSIDE_TARGET
8    ▁En           GOOD        OUTSIDE         1
9    ▁18           GOOD        OUTSIDE         1
10   87            GOOD        OUTSIDE         1
11   ▁             PUNCT       OUTSIDE         1
12   ,             PUNCT       OUTSIDE         1
13   ▁la           GOOD        OUTSIDE         1
14   ▁Société      GOOD        OUTSIDE         1
15   ▁suisse       GOOD        OUTSIDE         1
16   ▁du           GOOD        OUTSIDE         1
17   ▁Gru          GOOD        OUTSIDE         1
18   t             GOOD        OUTSIDE         1
19   li            GOOD        OUTSIDE         1
20   ▁s            GOOD        OUTSIDE         1
21   ▁             PUNCT       OUTSIDE         1
22   '             PUNCT       OUTSIDE         1
23   ▁est          GOOD        OUTSIDE         1
24   ▁accrue       GOOD        OUTSIDE         1
25   ▁de           GOOD        OUTSIDE         1
26   ▁40           GOOD        OUTSIDE         1
27   ▁sections     GOOD        OUTSIDE         1
28   ▁;            PUNCT       OUTSIDE         1
29   </s>          SPECIAL     SPECIAL         1
30   <pad>         PAD         PAD             0  <-- PAD
31   <pad>         PAD         PAD             0  <-- PAD
32   <pad>         PAD         PAD             0  <-- PAD
33   <pad>         PAD         PAD             0  <-- PAD

--- [2] EXP-1888-01-09-a-i0035__s0__3-3 (span_text='En') -- 31 real subwords + 3 padding ---
pos  token         dict_flag   target_flag     attn_mask
0    <s>           SPECIAL     SPECIAL         1
1    ▁NO           GOOD        OUTSIDE         1
2    UV            GOOD        OUTSIDE         1
3    ELLES         GOOD        OUTSIDE         1
4    ▁SU           GOOD        OUTSIDE         1
5    ISS           GOOD        OUTSIDE         1
6    ES            GOOD        OUTSIDE         1
7    ▁—            PUNCT       OUTSIDE         1
8    ▁En           GOOD        INSIDE_TARGET   1  <-- INSIDE_TARGET
9    ▁18           GOOD        OUTSIDE         1
10   87            GOOD        OUTSIDE         1
11   ▁             PUNCT       OUTSIDE         1
12   ,             PUNCT       OUTSIDE         1
13   ▁la           GOOD        OUTSIDE         1
14   ▁Société      GOOD        OUTSIDE         1
15   ▁suisse       GOOD        OUTSIDE         1
16   ▁du           GOOD        OUTSIDE         1
17   ▁Gru          GOOD        OUTSIDE         1
18   t             GOOD        OUTSIDE         1
19   li            GOOD        OUTSIDE         1
20   ▁s            GOOD        OUTSIDE         1
21   ▁             PUNCT       OUTSIDE         1
22   '             PUNCT       OUTSIDE         1
23   ▁est          GOOD        OUTSIDE         1
24   ▁accrue       GOOD        OUTSIDE         1
25   ▁de           GOOD        OUTSIDE         1
26   ▁40           GOOD        OUTSIDE         1
27   ▁sections     GOOD        OUTSIDE         1
28   ▁;            PUNCT       OUTSIDE         1
29   ▁l            GOOD        OUTSIDE         1
30   </s>          SPECIAL     SPECIAL         1
31   <pad>         PAD         PAD             0  <-- PAD
32   <pad>         PAD         PAD             0  <-- PAD
33   <pad>         PAD         PAD             0  <-- PAD

--- [3] EXP-1888-01-09-a-i0035__s0__4-4 (span_text='1887') -- 33 real subwords + 1 padding ---
pos  token         dict_flag   target_flag     attn_mask
0    <s>           SPECIAL     SPECIAL         1
1    ▁NO           GOOD        OUTSIDE         1
2    UV            GOOD        OUTSIDE         1
3    ELLES         GOOD        OUTSIDE         1
4    ▁SU           GOOD        OUTSIDE         1
5    ISS           GOOD        OUTSIDE         1
6    ES            GOOD        OUTSIDE         1
7    ▁—            PUNCT       OUTSIDE         1
8    ▁En           GOOD        OUTSIDE         1
9    ▁18           GOOD        INSIDE_TARGET   1  <-- INSIDE_TARGET
10   87            GOOD        INSIDE_TARGET   1  <-- INSIDE_TARGET
11   ▁             PUNCT       OUTSIDE         1
12   ,             PUNCT       OUTSIDE         1
13   ▁la           GOOD        OUTSIDE         1
14   ▁Société      GOOD        OUTSIDE         1
15   ▁suisse       GOOD        OUTSIDE         1
16   ▁du           GOOD        OUTSIDE         1
17   ▁Gru          GOOD        OUTSIDE         1
18   t             GOOD        OUTSIDE         1
19   li            GOOD        OUTSIDE         1
20   ▁s            GOOD        OUTSIDE         1
21   ▁             PUNCT       OUTSIDE         1
22   '             PUNCT       OUTSIDE         1
23   ▁est          GOOD        OUTSIDE         1
24   ▁accrue       GOOD        OUTSIDE         1
25   ▁de           GOOD        OUTSIDE         1
26   ▁40           GOOD        OUTSIDE         1
27   ▁sections     GOOD        OUTSIDE         1
28   ▁;            PUNCT       OUTSIDE         1
29   ▁l            GOOD        OUTSIDE         1
30   ▁             PUNCT       OUTSIDE         1
31   '             PUNCT       OUTSIDE         1
32   </s>          SPECIAL     SPECIAL         1
33   <pad>         PAD         PAD             0  <-- PAD

--- [4] EXP-1888-01-09-a-i0035__s0__5-5 (span_text=',') -- 34 real subwords + 0 padding ---
pos  token         dict_flag   target_flag     attn_mask
0    <s>           SPECIAL     SPECIAL         1
1    ▁NO           GOOD        OUTSIDE         1
2    UV            GOOD        OUTSIDE         1
3    ELLES         GOOD        OUTSIDE         1
4    ▁SU           GOOD        OUTSIDE         1
5    ISS           GOOD        OUTSIDE         1
6    ES            GOOD        OUTSIDE         1
7    ▁—            PUNCT       OUTSIDE         1
8    ▁En           GOOD        OUTSIDE         1
9    ▁18           GOOD        OUTSIDE         1
10   87            GOOD        OUTSIDE         1
11   ▁             PUNCT       INSIDE_TARGET   1  <-- INSIDE_TARGET
12   ,             PUNCT       INSIDE_TARGET   1  <-- INSIDE_TARGET
13   ▁la           GOOD        OUTSIDE         1
14   ▁Société      GOOD        OUTSIDE         1
15   ▁suisse       GOOD        OUTSIDE         1
16   ▁du           GOOD        OUTSIDE         1
17   ▁Gru          GOOD        OUTSIDE         1
18   t             GOOD        OUTSIDE         1
19   li            GOOD        OUTSIDE         1
20   ▁s            GOOD        OUTSIDE         1
21   ▁             PUNCT       OUTSIDE         1
22   '             PUNCT       OUTSIDE         1
23   ▁est          GOOD        OUTSIDE         1
24   ▁accrue       GOOD        OUTSIDE         1
25   ▁de           GOOD        OUTSIDE         1
26   ▁40           GOOD        OUTSIDE         1
27   ▁sections     GOOD        OUTSIDE         1
28   ▁;            PUNCT       OUTSIDE         1
29   ▁l            GOOD        OUTSIDE         1
30   ▁             PUNCT       OUTSIDE         1
31   '             PUNCT       OUTSIDE         1
32   ▁association  GOOD        OUTSIDE         1
33   </s>          SPECIAL     SPECIAL         1

=== Done ===
=== Step 1: Load tokenizer and dataset ===
Loading camembert-base
20580 candidates available (split='test'); using the first 3
=== Step 2: Build a batch from the first 3 candidates ===
=== Step 3: This is exactly what gets passed into Phase2Model.forward() ===
(model(batch["input_ids"], batch["dict_flag_ids"], batch["target_flag_ids"], batch["attention_mask"], batch["entity_type_id"], batch["ner_score"]))

input_ids        dtype=torch.int64    shape=(3, 34)
dict_flag_ids    dtype=torch.int64    shape=(3, 34)
target_flag_ids  dtype=torch.int64    shape=(3, 34)
attention_mask   dtype=torch.int64    shape=(3, 34)
entity_type_id   dtype=torch.int64    shape=(3,)
ner_score        dtype=torch.float32  shape=(3,)
label_reliable   dtype=torch.float32  shape=(3,)

--- input_ids ---
tensor([[    5,   275, 24710, 20380,   188,    21,     9,    69,   383,    14,   188,  7322, 16281,   201,    67,   893,    68,    64, 12978,   216, 11116,   764,  1734,   278,  3103,  6831,  4895,
            94,   211,    23,     6,     1,     1,     1],
        [    5,   275, 24710, 20380,   188,    21,     9,    69,   383,    14,   188,  7322, 16281,   201,    67,   893,    68,    64, 12978,   216, 11116,   764,  1734,   278,  3103,  6831,  4895,
            94,   211,    23,   493,   459,     6,     1],
        [    5,   275, 24710, 20380,   188,    21,     9,    69,   383,    14,   188,  7322, 16281,   201,    67,   893,    68,    64, 12978,   216, 11116,   764,  1734,   278,  3103,  6831,  4895,
            94,   211,    23,   493,   459, 10918,     6]])

--- dict_flag_ids ---
tensor([[1, 2, 2, 2, 2, 4, 4, 2, 2, 2, 2, 2, 2, 2, 4, 2, 2, 4, 3, 3, 3, 3, 3, 2, 2, 2, 2, 4, 2, 2, 1, 0, 0, 0],
        [1, 2, 2, 2, 2, 4, 4, 2, 2, 2, 2, 2, 2, 2, 4, 2, 2, 4, 3, 3, 3, 3, 3, 2, 2, 2, 2, 4, 2, 2, 2, 2, 1, 0],
        [1, 2, 2, 2, 2, 4, 4, 2, 2, 2, 2, 2, 2, 2, 4, 2, 2, 4, 3, 3, 3, 3, 3, 2, 2, 2, 2, 4, 2, 2, 2, 2, 2, 1]])

--- target_flag_ids ---
tensor([[1, 3, 3, 3, 2, 2, 2, 2, 2, 2, 2, 2, 2, 2, 2, 2, 2, 2, 2, 2, 2, 2, 2, 2, 2, 2, 2, 2, 2, 2, 1, 0, 0, 0],
        [1, 2, 2, 2, 3, 3, 3, 2, 2, 2, 2, 2, 2, 2, 2, 2, 2, 2, 2, 2, 2, 2, 2, 2, 2, 2, 2, 2, 2, 2, 2, 2, 1, 0],
        [1, 2, 2, 2, 2, 2, 2, 3, 3, 2, 2, 2, 2, 2, 2, 2, 2, 2, 2, 2, 2, 2, 2, 2, 2, 2, 2, 2, 2, 2, 2, 2, 2, 1]])

--- attention_mask ---
tensor([[1, 1, 1, 1, 1, 1, 1, 1, 1, 1, 1, 1, 1, 1, 1, 1, 1, 1, 1, 1, 1, 1, 1, 1, 1, 1, 1, 1, 1, 1, 1, 0, 0, 0],
        [1, 1, 1, 1, 1, 1, 1, 1, 1, 1, 1, 1, 1, 1, 1, 1, 1, 1, 1, 1, 1, 1, 1, 1, 1, 1, 1, 1, 1, 1, 1, 1, 1, 0],
        [1, 1, 1, 1, 1, 1, 1, 1, 1, 1, 1, 1, 1, 1, 1, 1, 1, 1, 1, 1, 1, 1, 1, 1, 1, 1, 1, 1, 1, 1, 1, 1, 1, 1]])

--- entity_type_id, ner_score, label_reliable (per-candidate metadata) ---
  [0] candidate_id='EXP-1908-01-21-a-i0053__s0__0-0' span_text='POLITIQUE' entity_type_id=4 ner_score=0.0094 label_reliable=0
  [1] candidate_id='EXP-1908-01-21-a-i0053__s0__1-2' span_text='M.' entity_type_id=0 ner_score=0.1234 label_reliable=1
  [2] candidate_id='EXP-1908-01-21-a-i0053__s0__3-3' span_text='Ilg' entity_type_id=0 ner_score=0.8969 label_reliable=1

=== Step 4: Decoded view -- every position INCLUDING padding, per candidate ===

--- [0] EXP-1908-01-21-a-i0053__s0__0-0 (span_text='POLITIQUE') -- 31 real subwords + 3 padding ---
pos  token         dict_flag   target_flag     attn_mask
0    <s>           SPECIAL     SPECIAL         1
1    ▁P            GOOD        INSIDE_TARGET   1  <-- INSIDE_TARGET
2    OLI           GOOD        INSIDE_TARGET   1  <-- INSIDE_TARGET
3    TIQUE         GOOD        INSIDE_TARGET   1  <-- INSIDE_TARGET
4    ▁M            GOOD        OUTSIDE         1
5    ▁             PUNCT       OUTSIDE         1
6    .             PUNCT       OUTSIDE         1
7    ▁Il           GOOD        OUTSIDE         1
8    g             GOOD        OUTSIDE         1
9    ▁et           GOOD        OUTSIDE         1
10   ▁M            GOOD        OUTSIDE         1
11   éné           GOOD        OUTSIDE         1
12   lik           GOOD        OUTSIDE         1
13   ▁On           GOOD        OUTSIDE         1
14   ▁-            PUNCT       OUTSIDE         1
15   ▁écrit        GOOD        OUTSIDE         1
16   ▁aux          GOOD        OUTSIDE         1
17   ▁«            PUNCT       OUTSIDE         1
18   ▁Neu          BAD         OUTSIDE         1
19   c             BAD         OUTSIDE         1
20   ▁Zi           BAD         OUTSIDE         1
21   ir            BAD         OUTSIDE         1
22   cher          BAD         OUTSIDE         1
23   ▁N            GOOD        OUTSIDE         1
24   ach           GOOD        OUTSIDE         1
25   rich          GOOD        OUTSIDE         1
26   ten           GOOD        OUTSIDE         1
27   ▁»            PUNCT       OUTSIDE         1
28   ▁Dans         GOOD        OUTSIDE         1
29   ▁un           GOOD        OUTSIDE         1
30   </s>          SPECIAL     SPECIAL         1
31   <pad>         PAD         PAD             0  <-- PAD
32   <pad>         PAD         PAD             0  <-- PAD
33   <pad>         PAD         PAD             0  <-- PAD

--- [1] EXP-1908-01-21-a-i0053__s0__1-2 (span_text='M.') -- 33 real subwords + 1 padding ---
pos  token         dict_flag   target_flag     attn_mask
0    <s>           SPECIAL     SPECIAL         1
1    ▁P            GOOD        OUTSIDE         1
2    OLI           GOOD        OUTSIDE         1
3    TIQUE         GOOD        OUTSIDE         1
4    ▁M            GOOD        INSIDE_TARGET   1  <-- INSIDE_TARGET
5    ▁             PUNCT       INSIDE_TARGET   1  <-- INSIDE_TARGET
6    .             PUNCT       INSIDE_TARGET   1  <-- INSIDE_TARGET
7    ▁Il           GOOD        OUTSIDE         1
8    g             GOOD        OUTSIDE         1
9    ▁et           GOOD        OUTSIDE         1
10   ▁M            GOOD        OUTSIDE         1
11   éné           GOOD        OUTSIDE         1
12   lik           GOOD        OUTSIDE         1
13   ▁On           GOOD        OUTSIDE         1
14   ▁-            PUNCT       OUTSIDE         1
15   ▁écrit        GOOD        OUTSIDE         1
16   ▁aux          GOOD        OUTSIDE         1
17   ▁«            PUNCT       OUTSIDE         1
18   ▁Neu          BAD         OUTSIDE         1
19   c             BAD         OUTSIDE         1
20   ▁Zi           BAD         OUTSIDE         1
21   ir            BAD         OUTSIDE         1
22   cher          BAD         OUTSIDE         1
23   ▁N            GOOD        OUTSIDE         1
24   ach           GOOD        OUTSIDE         1
25   rich          GOOD        OUTSIDE         1
26   ten           GOOD        OUTSIDE         1
27   ▁»            PUNCT       OUTSIDE         1
28   ▁Dans         GOOD        OUTSIDE         1
29   ▁un           GOOD        OUTSIDE         1
30   ▁long         GOOD        OUTSIDE         1
31   ▁rapport      GOOD        OUTSIDE         1
32   </s>          SPECIAL     SPECIAL         1
33   <pad>         PAD         PAD             0  <-- PAD

--- [2] EXP-1908-01-21-a-i0053__s0__3-3 (span_text='Ilg') -- 34 real subwords + 0 padding ---
pos  token         dict_flag   target_flag     attn_mask
0    <s>           SPECIAL     SPECIAL         1
1    ▁P            GOOD        OUTSIDE         1
2    OLI           GOOD        OUTSIDE         1
3    TIQUE         GOOD        OUTSIDE         1
4    ▁M            GOOD        OUTSIDE         1
5    ▁             PUNCT       OUTSIDE         1
6    .             PUNCT       OUTSIDE         1
7    ▁Il           GOOD        INSIDE_TARGET   1  <-- INSIDE_TARGET
8    g             GOOD        INSIDE_TARGET   1  <-- INSIDE_TARGET
9    ▁et           GOOD        OUTSIDE         1
10   ▁M            GOOD        OUTSIDE         1
11   éné           GOOD        OUTSIDE         1
12   lik           GOOD        OUTSIDE         1
13   ▁On           GOOD        OUTSIDE         1
14   ▁-            PUNCT       OUTSIDE         1
15   ▁écrit        GOOD        OUTSIDE         1
16   ▁aux          GOOD        OUTSIDE         1
17   ▁«            PUNCT       OUTSIDE         1
18   ▁Neu          BAD         OUTSIDE         1
19   c             BAD         OUTSIDE         1
20   ▁Zi           BAD         OUTSIDE         1
21   ir            BAD         OUTSIDE         1
22   cher          BAD         OUTSIDE         1
23   ▁N            GOOD        OUTSIDE         1
24   ach           GOOD        OUTSIDE         1
25   rich          GOOD        OUTSIDE         1
26   ten           GOOD        OUTSIDE         1
27   ▁»            PUNCT       OUTSIDE         1
28   ▁Dans         GOOD        OUTSIDE         1
29   ▁un           GOOD        OUTSIDE         1
30   ▁long         GOOD        OUTSIDE         1
31   ▁rapport      GOOD        OUTSIDE         1
32   ▁adressé      GOOD        OUTSIDE         1
33   </s>          SPECIAL     SPECIAL         1

=== Done ===
