Working directory: /Utilisateurs/pchau/workspace/confidence-aware
Env 'cafe' already exists, skipping creation
Looking in indexes: https://download.pytorch.org/whl/cu124
Requirement already satisfied: torch in /Utilisateurs/pchau/.conda/envs/cafe/lib/python3.11/site-packages (2.6.0+cu124)
Requirement already satisfied: filelock in /Utilisateurs/pchau/.conda/envs/cafe/lib/python3.11/site-packages (from torch) (3.29.0)
Requirement already satisfied: typing-extensions>=4.10.0 in /Utilisateurs/pchau/.conda/envs/cafe/lib/python3.11/site-packages (from torch) (4.15.0)
Requirement already satisfied: networkx in /Utilisateurs/pchau/.conda/envs/cafe/lib/python3.11/site-packages (from torch) (3.6.1)
Requirement already satisfied: jinja2 in /Utilisateurs/pchau/.conda/envs/cafe/lib/python3.11/site-packages (from torch) (3.1.6)
Requirement already satisfied: fsspec in /Utilisateurs/pchau/.conda/envs/cafe/lib/python3.11/site-packages (from torch) (2026.4.0)
Requirement already satisfied: nvidia-cuda-nvrtc-cu12==12.4.127 in /Utilisateurs/pchau/.conda/envs/cafe/lib/python3.11/site-packages (from torch) (12.4.127)
Requirement already satisfied: nvidia-cuda-runtime-cu12==12.4.127 in /Utilisateurs/pchau/.conda/envs/cafe/lib/python3.11/site-packages (from torch) (12.4.127)
Requirement already satisfied: nvidia-cuda-cupti-cu12==12.4.127 in /Utilisateurs/pchau/.conda/envs/cafe/lib/python3.11/site-packages (from torch) (12.4.127)
Requirement already satisfied: nvidia-cudnn-cu12==9.1.0.70 in /Utilisateurs/pchau/.conda/envs/cafe/lib/python3.11/site-packages (from torch) (9.1.0.70)
Requirement already satisfied: nvidia-cublas-cu12==12.4.5.8 in /Utilisateurs/pchau/.conda/envs/cafe/lib/python3.11/site-packages (from torch) (12.4.5.8)
Requirement already satisfied: nvidia-cufft-cu12==11.2.1.3 in /Utilisateurs/pchau/.conda/envs/cafe/lib/python3.11/site-packages (from torch) (11.2.1.3)
Requirement already satisfied: nvidia-curand-cu12==10.3.5.147 in /Utilisateurs/pchau/.conda/envs/cafe/lib/python3.11/site-packages (from torch) (10.3.5.147)
Requirement already satisfied: nvidia-cusolver-cu12==11.6.1.9 in /Utilisateurs/pchau/.conda/envs/cafe/lib/python3.11/site-packages (from torch) (11.6.1.9)
Requirement already satisfied: nvidia-cusparse-cu12==12.3.1.170 in /Utilisateurs/pchau/.conda/envs/cafe/lib/python3.11/site-packages (from torch) (12.3.1.170)
Requirement already satisfied: nvidia-cusparselt-cu12==0.6.2 in /Utilisateurs/pchau/.conda/envs/cafe/lib/python3.11/site-packages (from torch) (0.6.2)
Requirement already satisfied: nvidia-nccl-cu12==2.21.5 in /Utilisateurs/pchau/.conda/envs/cafe/lib/python3.11/site-packages (from torch) (2.21.5)
Requirement already satisfied: nvidia-nvtx-cu12==12.4.127 in /Utilisateurs/pchau/.conda/envs/cafe/lib/python3.11/site-packages (from torch) (12.4.127)
Requirement already satisfied: nvidia-nvjitlink-cu12==12.4.127 in /Utilisateurs/pchau/.conda/envs/cafe/lib/python3.11/site-packages (from torch) (12.4.127)
Requirement already satisfied: triton==3.2.0 in /Utilisateurs/pchau/.conda/envs/cafe/lib/python3.11/site-packages (from torch) (3.2.0)
Requirement already satisfied: sympy==1.13.1 in /Utilisateurs/pchau/.conda/envs/cafe/lib/python3.11/site-packages (from torch) (1.13.1)
Requirement already satisfied: mpmath<1.4,>=1.1.0 in /Utilisateurs/pchau/.conda/envs/cafe/lib/python3.11/site-packages (from sympy==1.13.1->torch) (1.3.0)
Requirement already satisfied: MarkupSafe>=2.0 in /Utilisateurs/pchau/.conda/envs/cafe/lib/python3.11/site-packages (from jinja2->torch) (3.0.3)
Requirement already satisfied: gliner2>=1.3.2 in /Utilisateurs/pchau/.conda/envs/cafe/lib/python3.11/site-packages (from gliner2[local]>=1.3.2->-r src/requirements.txt (line 1)) (1.3.2)
Requirement already satisfied: pandas>=3.0.3 in /Utilisateurs/pchau/.conda/envs/cafe/lib/python3.11/site-packages (from -r src/requirements.txt (line 2)) (3.0.3)
Requirement already satisfied: requests>=2.34.2 in /Utilisateurs/pchau/.conda/envs/cafe/lib/python3.11/site-packages (from -r src/requirements.txt (line 3)) (2.34.2)
Requirement already satisfied: tqdm>=4.66 in /Utilisateurs/pchau/.conda/envs/cafe/lib/python3.11/site-packages (from -r src/requirements.txt (line 4)) (4.68.4)
Requirement already satisfied: cython in /Utilisateurs/pchau/.conda/envs/cafe/lib/python3.11/site-packages (from -r src/requirements.txt (line 5)) (3.2.8)
Requirement already satisfied: pybloomfiltermmap3 in /Utilisateurs/pchau/.conda/envs/cafe/lib/python3.11/site-packages (from -r src/requirements.txt (line 6)) (0.6.3)
Requirement already satisfied: huggingface_hub in /Utilisateurs/pchau/.conda/envs/cafe/lib/python3.11/site-packages (from -r src/requirements.txt (line 7)) (1.22.0)
Requirement already satisfied: captum in /Utilisateurs/pchau/.conda/envs/cafe/lib/python3.11/site-packages (from -r src/requirements.txt (line 8)) (0.9.0)
Requirement already satisfied: scikit-learn in /Utilisateurs/pchau/.conda/envs/cafe/lib/python3.11/site-packages (from -r src/requirements.txt (line 9)) (1.9.0)
Requirement already satisfied: sentencepiece in /Utilisateurs/pchau/.conda/envs/cafe/lib/python3.11/site-packages (from -r src/requirements.txt (line 10)) (0.2.2)
Requirement already satisfied: protobuf in /Utilisateurs/pchau/.conda/envs/cafe/lib/python3.11/site-packages (from -r src/requirements.txt (line 11)) (7.35.1)
Requirement already satisfied: peft in /Utilisateurs/pchau/.conda/envs/cafe/lib/python3.11/site-packages (from gliner2>=1.3.2->gliner2[local]>=1.3.2->-r src/requirements.txt (line 1)) (0.19.1)
Requirement already satisfied: pydantic>=2.0.0 in /Utilisateurs/pchau/.conda/envs/cafe/lib/python3.11/site-packages (from gliner2>=1.3.2->gliner2[local]>=1.3.2->-r src/requirements.txt (line 1)) (2.13.4)
Requirement already satisfied: urllib3>=1.26 in /Utilisateurs/pchau/.conda/envs/cafe/lib/python3.11/site-packages (from gliner2>=1.3.2->gliner2[local]>=1.3.2->-r src/requirements.txt (line 1)) (2.7.0)
Requirement already satisfied: numpy>=1.26.0 in /Utilisateurs/pchau/.conda/envs/cafe/lib/python3.11/site-packages (from pandas>=3.0.3->-r src/requirements.txt (line 2)) (2.4.6)
Requirement already satisfied: python-dateutil>=2.8.2 in /Utilisateurs/pchau/.conda/envs/cafe/lib/python3.11/site-packages (from pandas>=3.0.3->-r src/requirements.txt (line 2)) (2.9.0.post0)
Requirement already satisfied: charset_normalizer<4,>=2 in /Utilisateurs/pchau/.conda/envs/cafe/lib/python3.11/site-packages (from requests>=2.34.2->-r src/requirements.txt (line 3)) (3.4.9)
Requirement already satisfied: idna<4,>=2.5 in /Utilisateurs/pchau/.conda/envs/cafe/lib/python3.11/site-packages (from requests>=2.34.2->-r src/requirements.txt (line 3)) (3.18)
Requirement already satisfied: certifi>=2023.5.7 in /Utilisateurs/pchau/.conda/envs/cafe/lib/python3.11/site-packages (from requests>=2.34.2->-r src/requirements.txt (line 3)) (2026.6.17)
Requirement already satisfied: click<9.0.0,>=8.4.2 in /Utilisateurs/pchau/.conda/envs/cafe/lib/python3.11/site-packages (from huggingface_hub->-r src/requirements.txt (line 7)) (8.4.2)
Requirement already satisfied: filelock>=3.10.0 in /Utilisateurs/pchau/.conda/envs/cafe/lib/python3.11/site-packages (from huggingface_hub->-r src/requirements.txt (line 7)) (3.29.0)
Requirement already satisfied: fsspec>=2023.5.0 in /Utilisateurs/pchau/.conda/envs/cafe/lib/python3.11/site-packages (from huggingface_hub->-r src/requirements.txt (line 7)) (2026.4.0)
Requirement already satisfied: hf-xet<2.0.0,>=1.5.1 in /Utilisateurs/pchau/.conda/envs/cafe/lib/python3.11/site-packages (from huggingface_hub->-r src/requirements.txt (line 7)) (1.5.1)
Requirement already satisfied: httpx<1,>=0.23.0 in /Utilisateurs/pchau/.conda/envs/cafe/lib/python3.11/site-packages (from huggingface_hub->-r src/requirements.txt (line 7)) (0.28.1)
Requirement already satisfied: packaging>=20.9 in /Utilisateurs/pchau/.conda/envs/cafe/lib/python3.11/site-packages (from huggingface_hub->-r src/requirements.txt (line 7)) (26.0)
Requirement already satisfied: pyyaml>=5.1 in /Utilisateurs/pchau/.conda/envs/cafe/lib/python3.11/site-packages (from huggingface_hub->-r src/requirements.txt (line 7)) (6.0.3)
Requirement already satisfied: typing-extensions>=4.1.0 in /Utilisateurs/pchau/.conda/envs/cafe/lib/python3.11/site-packages (from huggingface_hub->-r src/requirements.txt (line 7)) (4.15.0)
Requirement already satisfied: anyio in /Utilisateurs/pchau/.conda/envs/cafe/lib/python3.11/site-packages (from httpx<1,>=0.23.0->huggingface_hub->-r src/requirements.txt (line 7)) (4.14.1)
Requirement already satisfied: httpcore==1.* in /Utilisateurs/pchau/.conda/envs/cafe/lib/python3.11/site-packages (from httpx<1,>=0.23.0->huggingface_hub->-r src/requirements.txt (line 7)) (1.0.9)
Requirement already satisfied: h11>=0.16 in /Utilisateurs/pchau/.conda/envs/cafe/lib/python3.11/site-packages (from httpcore==1.*->httpx<1,>=0.23.0->huggingface_hub->-r src/requirements.txt (line 7)) (0.16.0)
Requirement already satisfied: matplotlib in /Utilisateurs/pchau/.conda/envs/cafe/lib/python3.11/site-packages (from captum->-r src/requirements.txt (line 8)) (3.11.0)
Requirement already satisfied: torch>=2.3 in /Utilisateurs/pchau/.conda/envs/cafe/lib/python3.11/site-packages (from captum->-r src/requirements.txt (line 8)) (2.6.0+cu124)
Requirement already satisfied: scipy>=1.10.0 in /Utilisateurs/pchau/.conda/envs/cafe/lib/python3.11/site-packages (from scikit-learn->-r src/requirements.txt (line 9)) (1.17.1)
Requirement already satisfied: joblib>=1.4.0 in /Utilisateurs/pchau/.conda/envs/cafe/lib/python3.11/site-packages (from scikit-learn->-r src/requirements.txt (line 9)) (1.5.3)
Requirement already satisfied: narwhals>=2.0.1 in /Utilisateurs/pchau/.conda/envs/cafe/lib/python3.11/site-packages (from scikit-learn->-r src/requirements.txt (line 9)) (2.23.0)
Requirement already satisfied: threadpoolctl>=3.5.0 in /Utilisateurs/pchau/.conda/envs/cafe/lib/python3.11/site-packages (from scikit-learn->-r src/requirements.txt (line 9)) (3.6.0)
Requirement already satisfied: transformers in /Utilisateurs/pchau/.conda/envs/cafe/lib/python3.11/site-packages (from gliner2[local]>=1.3.2->-r src/requirements.txt (line 1)) (5.13.0)
Requirement already satisfied: annotated-types>=0.6.0 in /Utilisateurs/pchau/.conda/envs/cafe/lib/python3.11/site-packages (from pydantic>=2.0.0->gliner2>=1.3.2->gliner2[local]>=1.3.2->-r src/requirements.txt (line 1)) (0.7.0)
Requirement already satisfied: pydantic-core==2.46.4 in /Utilisateurs/pchau/.conda/envs/cafe/lib/python3.11/site-packages (from pydantic>=2.0.0->gliner2>=1.3.2->gliner2[local]>=1.3.2->-r src/requirements.txt (line 1)) (2.46.4)
Requirement already satisfied: typing-inspection>=0.4.2 in /Utilisateurs/pchau/.conda/envs/cafe/lib/python3.11/site-packages (from pydantic>=2.0.0->gliner2>=1.3.2->gliner2[local]>=1.3.2->-r src/requirements.txt (line 1)) (0.4.2)
Requirement already satisfied: six>=1.5 in /Utilisateurs/pchau/.conda/envs/cafe/lib/python3.11/site-packages (from python-dateutil>=2.8.2->pandas>=3.0.3->-r src/requirements.txt (line 2)) (1.17.0)
Requirement already satisfied: networkx in /Utilisateurs/pchau/.conda/envs/cafe/lib/python3.11/site-packages (from torch>=2.3->captum->-r src/requirements.txt (line 8)) (3.6.1)
Requirement already satisfied: jinja2 in /Utilisateurs/pchau/.conda/envs/cafe/lib/python3.11/site-packages (from torch>=2.3->captum->-r src/requirements.txt (line 8)) (3.1.6)
Requirement already satisfied: nvidia-cuda-nvrtc-cu12==12.4.127 in /Utilisateurs/pchau/.conda/envs/cafe/lib/python3.11/site-packages (from torch>=2.3->captum->-r src/requirements.txt (line 8)) (12.4.127)
Requirement already satisfied: nvidia-cuda-runtime-cu12==12.4.127 in /Utilisateurs/pchau/.conda/envs/cafe/lib/python3.11/site-packages (from torch>=2.3->captum->-r src/requirements.txt (line 8)) (12.4.127)
Requirement already satisfied: nvidia-cuda-cupti-cu12==12.4.127 in /Utilisateurs/pchau/.conda/envs/cafe/lib/python3.11/site-packages (from torch>=2.3->captum->-r src/requirements.txt (line 8)) (12.4.127)
Requirement already satisfied: nvidia-cudnn-cu12==9.1.0.70 in /Utilisateurs/pchau/.conda/envs/cafe/lib/python3.11/site-packages (from torch>=2.3->captum->-r src/requirements.txt (line 8)) (9.1.0.70)
Requirement already satisfied: nvidia-cublas-cu12==12.4.5.8 in /Utilisateurs/pchau/.conda/envs/cafe/lib/python3.11/site-packages (from torch>=2.3->captum->-r src/requirements.txt (line 8)) (12.4.5.8)
Requirement already satisfied: nvidia-cufft-cu12==11.2.1.3 in /Utilisateurs/pchau/.conda/envs/cafe/lib/python3.11/site-packages (from torch>=2.3->captum->-r src/requirements.txt (line 8)) (11.2.1.3)
Requirement already satisfied: nvidia-curand-cu12==10.3.5.147 in /Utilisateurs/pchau/.conda/envs/cafe/lib/python3.11/site-packages (from torch>=2.3->captum->-r src/requirements.txt (line 8)) (10.3.5.147)
Requirement already satisfied: nvidia-cusolver-cu12==11.6.1.9 in /Utilisateurs/pchau/.conda/envs/cafe/lib/python3.11/site-packages (from torch>=2.3->captum->-r src/requirements.txt (line 8)) (11.6.1.9)
Requirement already satisfied: nvidia-cusparse-cu12==12.3.1.170 in /Utilisateurs/pchau/.conda/envs/cafe/lib/python3.11/site-packages (from torch>=2.3->captum->-r src/requirements.txt (line 8)) (12.3.1.170)
Requirement already satisfied: nvidia-cusparselt-cu12==0.6.2 in /Utilisateurs/pchau/.conda/envs/cafe/lib/python3.11/site-packages (from torch>=2.3->captum->-r src/requirements.txt (line 8)) (0.6.2)
Requirement already satisfied: nvidia-nccl-cu12==2.21.5 in /Utilisateurs/pchau/.conda/envs/cafe/lib/python3.11/site-packages (from torch>=2.3->captum->-r src/requirements.txt (line 8)) (2.21.5)
Requirement already satisfied: nvidia-nvtx-cu12==12.4.127 in /Utilisateurs/pchau/.conda/envs/cafe/lib/python3.11/site-packages (from torch>=2.3->captum->-r src/requirements.txt (line 8)) (12.4.127)
Requirement already satisfied: nvidia-nvjitlink-cu12==12.4.127 in /Utilisateurs/pchau/.conda/envs/cafe/lib/python3.11/site-packages (from torch>=2.3->captum->-r src/requirements.txt (line 8)) (12.4.127)
Requirement already satisfied: triton==3.2.0 in /Utilisateurs/pchau/.conda/envs/cafe/lib/python3.11/site-packages (from torch>=2.3->captum->-r src/requirements.txt (line 8)) (3.2.0)
Requirement already satisfied: sympy==1.13.1 in /Utilisateurs/pchau/.conda/envs/cafe/lib/python3.11/site-packages (from torch>=2.3->captum->-r src/requirements.txt (line 8)) (1.13.1)
Requirement already satisfied: mpmath<1.4,>=1.1.0 in /Utilisateurs/pchau/.conda/envs/cafe/lib/python3.11/site-packages (from sympy==1.13.1->torch>=2.3->captum->-r src/requirements.txt (line 8)) (1.3.0)
Requirement already satisfied: MarkupSafe>=2.0 in /Utilisateurs/pchau/.conda/envs/cafe/lib/python3.11/site-packages (from jinja2->torch>=2.3->captum->-r src/requirements.txt (line 8)) (3.0.3)
Requirement already satisfied: contourpy>=1.0.1 in /Utilisateurs/pchau/.conda/envs/cafe/lib/python3.11/site-packages (from matplotlib->captum->-r src/requirements.txt (line 8)) (1.3.3)
Requirement already satisfied: cycler>=0.10 in /Utilisateurs/pchau/.conda/envs/cafe/lib/python3.11/site-packages (from matplotlib->captum->-r src/requirements.txt (line 8)) (0.12.1)
Requirement already satisfied: fonttools>=4.22.0 in /Utilisateurs/pchau/.conda/envs/cafe/lib/python3.11/site-packages (from matplotlib->captum->-r src/requirements.txt (line 8)) (4.63.0)
Requirement already satisfied: kiwisolver>=1.3.1 in /Utilisateurs/pchau/.conda/envs/cafe/lib/python3.11/site-packages (from matplotlib->captum->-r src/requirements.txt (line 8)) (1.5.0)
Requirement already satisfied: pillow>=9 in /Utilisateurs/pchau/.conda/envs/cafe/lib/python3.11/site-packages (from matplotlib->captum->-r src/requirements.txt (line 8)) (12.3.0)
Requirement already satisfied: pyparsing>=3 in /Utilisateurs/pchau/.conda/envs/cafe/lib/python3.11/site-packages (from matplotlib->captum->-r src/requirements.txt (line 8)) (3.3.2)
Requirement already satisfied: psutil in /Utilisateurs/pchau/.conda/envs/cafe/lib/python3.11/site-packages (from peft->gliner2>=1.3.2->gliner2[local]>=1.3.2->-r src/requirements.txt (line 1)) (7.2.2)
Requirement already satisfied: accelerate>=0.21.0 in /Utilisateurs/pchau/.conda/envs/cafe/lib/python3.11/site-packages (from peft->gliner2>=1.3.2->gliner2[local]>=1.3.2->-r src/requirements.txt (line 1)) (1.14.0)
Requirement already satisfied: safetensors in /Utilisateurs/pchau/.conda/envs/cafe/lib/python3.11/site-packages (from peft->gliner2>=1.3.2->gliner2[local]>=1.3.2->-r src/requirements.txt (line 1)) (0.8.0)
Requirement already satisfied: regex>=2025.10.22 in /Utilisateurs/pchau/.conda/envs/cafe/lib/python3.11/site-packages (from transformers->gliner2[local]>=1.3.2->-r src/requirements.txt (line 1)) (2026.6.28)
Requirement already satisfied: tokenizers<=0.23.0,>=0.22.0 in /Utilisateurs/pchau/.conda/envs/cafe/lib/python3.11/site-packages (from transformers->gliner2[local]>=1.3.2->-r src/requirements.txt (line 1)) (0.22.2)
Requirement already satisfied: typer in /Utilisateurs/pchau/.conda/envs/cafe/lib/python3.11/site-packages (from transformers->gliner2[local]>=1.3.2->-r src/requirements.txt (line 1)) (0.26.8)
Requirement already satisfied: shellingham>=1.3.0 in /Utilisateurs/pchau/.conda/envs/cafe/lib/python3.11/site-packages (from typer->transformers->gliner2[local]>=1.3.2->-r src/requirements.txt (line 1)) (1.5.4)
Requirement already satisfied: rich>=13.8.0 in /Utilisateurs/pchau/.conda/envs/cafe/lib/python3.11/site-packages (from typer->transformers->gliner2[local]>=1.3.2->-r src/requirements.txt (line 1)) (15.0.0)
Requirement already satisfied: annotated-doc>=0.0.2 in /Utilisateurs/pchau/.conda/envs/cafe/lib/python3.11/site-packages (from typer->transformers->gliner2[local]>=1.3.2->-r src/requirements.txt (line 1)) (0.0.4)
Requirement already satisfied: markdown-it-py>=2.2.0 in /Utilisateurs/pchau/.conda/envs/cafe/lib/python3.11/site-packages (from rich>=13.8.0->typer->transformers->gliner2[local]>=1.3.2->-r src/requirements.txt (line 1)) (4.2.0)
Requirement already satisfied: pygments<3.0.0,>=2.13.0 in /Utilisateurs/pchau/.conda/envs/cafe/lib/python3.11/site-packages (from rich>=13.8.0->typer->transformers->gliner2[local]>=1.3.2->-r src/requirements.txt (line 1)) (2.20.0)
Requirement already satisfied: mdurl~=0.1 in /Utilisateurs/pchau/.conda/envs/cafe/lib/python3.11/site-packages (from markdown-it-py>=2.2.0->rich>=13.8.0->typer->transformers->gliner2[local]>=1.3.2->-r src/requirements.txt (line 1)) (0.1.2)
Wed Jul 15 18:21:53 2026       
+-----------------------------------------------------------------------------------------+
| NVIDIA-SMI 550.54.14              Driver Version: 550.54.14      CUDA Version: 12.4     |
|-----------------------------------------+------------------------+----------------------+
| GPU  Name                 Persistence-M | Bus-Id          Disp.A | Volatile Uncorr. ECC |
| Fan  Temp   Perf          Pwr:Usage/Cap |           Memory-Usage | GPU-Util  Compute M. |
|                                         |                        |               MIG M. |
|=========================================+========================+======================|
|   0  NVIDIA A40                     On  |   00000000:48:00.0 Off |                    0 |
|  0%   21C    P8             24W /  300W |       0MiB /  46068MiB |      0%      Default |
|                                         |                        |                  N/A |
+-----------------------------------------+------------------------+----------------------+
                                                                                         
+-----------------------------------------------------------------------------------------+
| Processes:                                                                              |
|  GPU   GI   CI        PID   Type   Process name                              GPU Memory |
|        ID   ID                                                               Usage      |
|=========================================================================================|
|  No running processes found                                                             |
+-----------------------------------------------------------------------------------------+
torch 2.6.0+cu124 | cuda available: True
Variant: camembert_experts
Using device: cuda
=== Step 1: Load tokenizer and build train/val datasets (reused from phase2) ===
Loading camembert-base
81278 train candidates, 10107 val candidates
=== Step 2: Build model ===
Trainable parameters:
  dict_flag_embedding (DictFlagEmb)                       Embedding(5, 768)                                    3,840
  lambda_dict                                             scalar                                                   1
  target_flag_embedding (TargetFlagEmb)                   Embedding(4, 768)                                    3,072
  lambda_target                                           scalar                                                   1
  type_embedding (TypeEmb)                                Embedding(5, 32)                                       160
  score_mlp (ScoreMLP, full)                              Linear(3,32)->ReLU->Linear(32,32)                    1,184
  experts[0] (latent Expert_0)                            Linear(3136,256)->ReLU->Dropout->Linear(256,1)      803,329
  experts[1] (latent Expert_1)                            Linear(3136,256)->ReLU->Dropout->Linear(256,1)      803,329
  experts[2] (latent Expert_2)                            Linear(3136,256)->ReLU->Dropout->Linear(256,1)      803,329
  experts[3] (latent Expert_3)                            Linear(3136,256)->ReLU->Dropout->Linear(256,1)      803,329
  gate (softmax over K experts)                           Linear(3136,128)->ReLU->Linear(128,4)              402,052
  TOTAL TRAINABLE                                                                                          3,623,626
Frozen:
  encoder (frozen camembert-base: token/position/token-type text embeddings + transformer layers) hidden_size=768                                110,621,952
  TOTAL FROZEN                                                                                           110,621,952
=== Step 3: Train (train), early-stop on val (lambda_balance=0.01) ===
Epoch 1: train_loss=0.0710 (balance=0.0350) val_loss=0.0706 (balance=0.1116)
Epoch 2: train_loss=0.0438 (balance=0.0311) val_loss=0.0559 (balance=0.0923)
Epoch 3: train_loss=0.0348 (balance=0.0350) val_loss=0.0532 (balance=0.1150)
Epoch 4: train_loss=0.0291 (balance=0.0352) val_loss=0.0554 (balance=0.1327)
Epoch 5: train_loss=0.0247 (balance=0.0361) val_loss=0.0561 (balance=0.1167)
Epoch 6: train_loss=0.0207 (balance=0.0352) val_loss=0.0585 (balance=0.1343)
Early stopping at epoch 6: no val-loss improvement for 3 epochs
Best epoch: 3 (train_loss=0.0348, val_loss=0.0532)
=== Step 4: Save checkpoint ===
Saved /Utilisateurs/pchau/workspace/confidence-aware/checkpoints/phase2_expert/camembert_experts.pt
=== Step 5: Plot train/val training curve ===
Saved /Utilisateurs/pchau/workspace/confidence-aware/figures/phase2_expert/camembert_experts_track_training.png
=== Done ===
Using device: cuda
=== Step 1: Load checkpoint ===
Loading checkpoints/phase2_expert/camembert_experts.pt
encoder_name=camembert-base variant=camembert_experts
=== Step 2: Load tokenizer and dataset (reused from phase2) ===
20580 candidates (split='test')
=== Step 3: Score every candidate (also recording the gate's per-expert alpha weights) ===
=== Step 4: Save scores CSV ===
Saved /Utilisateurs/pchau/workspace/confidence-aware/data/data_phase2_expert/camembert_experts_scores.csv
=== Step 5: Compute metrics ===
20580 candidates -- Brier=0.0119 ECE=0.0067 MCE=0.3264 AUROC=0.9956 E-AURC=0.0042
=== Done ===

To compare against phase2's full camembert_mlp model, run:
  python src/phase2_expert/compare.py --experts-score /Utilisateurs/pchau/workspace/confidence-aware/data/data_phase2_expert/camembert_experts_scores.csv

To see which expert(s) actually drove these scores (usage distribution + pairwise similarity), run:
  python src/phase2_expert/analyze_experts.py --scores /Utilisateurs/pchau/workspace/confidence-aware/data/data_phase2_expert/camembert_experts_scores.csv
=== Step 1: Load /Utilisateurs/pchau/workspace/confidence-aware/data/data_baseline/label_reliability_type_only.csv and merge in ['camembert_mlp', 'camembert_experts'] ===
111965 candidates joined; scores present: ['camembert_mlp', 'camembert_experts']
=== Step 2: Filter to split='test' ===
Loading /Utilisateurs/pchau/workspace/confidence-aware/data/data_baseline/hipe2020_train_fr_train_data.csv
20580 candidates remain
=== Step 3: Compute ECE bins and Brier score / ECE / MCE per score ===
camembert_mlp (camembert_mlp_calibrated_score): 20580 candidates across 10 bins -- Brier=0.0111 ECE=0.0037 MCE=0.1055 AUROC=0.9955 E-AURC=0.0044
camembert_experts (camembert_experts_calibrated_score): 20580 candidates across 10 bins -- Brier=0.0119 ECE=0.0067 MCE=0.3264 AUROC=0.9956 E-AURC=0.0042
=== Step 4: Plot reliability diagram ===
Saved /Utilisateurs/pchau/workspace/confidence-aware/figures/phase2_expert/reliability_diagram_camembert_mlp_camembert_experts.png
=== Step 5: Plot metrics bar chart (Brier score, ECE, MCE, AUROC, E-AURC) ===
Saved /Utilisateurs/pchau/workspace/confidence-aware/figures/phase2_expert/metrics_bar_camembert_mlp_camembert_experts.png
=== Step 6: Plot ROC curve ===
Saved /Utilisateurs/pchau/workspace/confidence-aware/figures/phase2_expert/roc_curve_camembert_mlp_camembert_experts.png
=== Step 7: Plot risk-coverage curve ===
Saved /Utilisateurs/pchau/workspace/confidence-aware/figures/phase2_expert/risk_coverage_camembert_mlp_camembert_experts.png
=== Step 8: Save bins table (bin, true, camembert_mlp, camembert_experts) ===
    bin  count     true      raw  delta_raw  camembert_mlp  delta_camembert_mlp  camembert_experts  delta_camembert_experts
0.0-0.1  17309 0.007684 0.002919  -0.004765       0.008745             0.001061           0.008976                 0.001292
0.1-0.2    362 0.030387 0.143766   0.113379       0.033805             0.003418           0.044877                 0.014490
0.2-0.3    244 0.020492 0.245537   0.225045       0.040391             0.019899           0.046704                 0.026213
0.3-0.4    198 0.050505 0.351889   0.301383       0.038828            -0.011677           0.060130                 0.009625
0.4-0.5    198 0.080808 0.450768   0.369960       0.086188             0.005380           0.105126                 0.024318
0.5-0.6    211 0.109005 0.548638   0.439633       0.103541            -0.005464           0.126841                 0.017836
0.6-0.7    220 0.218182 0.651264   0.433082       0.202619            -0.015563           0.244516                 0.026334
0.7-0.8    249 0.269076 0.752730   0.483654       0.267967            -0.001109           0.320278                 0.051202
0.8-0.9    340 0.288235 0.851688   0.563453       0.312670             0.024434           0.368612                 0.080377
0.9-1.0   1249 0.622898 0.971566   0.348668       0.628413             0.005515           0.661212                 0.038313
Saved /Utilisateurs/pchau/workspace/confidence-aware/figures/phase2_expert/bins_camembert_mlp_camembert_experts.csv
=== Done ===
=== Running: /Utilisateurs/pchau/.conda/envs/cafe/bin/python /Utilisateurs/pchau/workspace/confidence-aware/src/modeling/plot_reliability_diagram.py --camembert-mlp-score /Utilisateurs/pchau/workspace/confidence-aware/data/data_phase2/camembert_mlp_scores.csv --extra-score camembert_experts=/Utilisateurs/pchau/workspace/confidence-aware/data/data_phase2_expert/camembert_experts_scores.csv --split test --figures-dir /Utilisateurs/pchau/workspace/confidence-aware/figures/phase2_expert ===
=== Step 1: Load /Utilisateurs/pchau/workspace/confidence-aware/data/data_phase2_expert/camembert_experts_scores.csv ===
20580 candidates
=== Step 2: Filter to split='test' -- 20580 candidates remain ===
Found 4 experts: ['alpha_0', 'alpha_1', 'alpha_2', 'alpha_3']
=== Step 3: Per-expert gate-usage summary ===
          mean    std    min    max
expert                             
alpha_0 0.2426 0.1182 0.0001 0.7891
alpha_1 0.2860 0.2307 0.0007 0.9951
alpha_2 0.2245 0.1418 0.0002 0.9486
alpha_3 0.2469 0.0956 0.0046 0.6757
  alpha_0: top expert on 21.2% of candidates
  alpha_1: top expert on 33.5% of candidates
  alpha_2: top expert on 22.3% of candidates
  alpha_3: top expert on 22.9% of candidates
=== Step 4: Plot per-expert alpha distribution ===
Saved /Utilisateurs/pchau/workspace/confidence-aware/figures/phase2_expert/expert_alpha_distribution.png
=== Step 5: Gate-usage correlation between experts (alpha_k columns, Pearson) ===
       E0     E1     E2     E3
E0  1.000 -0.634  0.358 -0.238
E1 -0.634  1.000 -0.850 -0.369
E2  0.358 -0.850  1.000  0.125
E3 -0.238 -0.369  0.125  1.000
Saved /Utilisateurs/pchau/workspace/confidence-aware/figures/phase2_expert/expert_alpha_correlation.csv
Saved /Utilisateurs/pchau/workspace/confidence-aware/figures/phase2_expert/expert_alpha_correlation.png
Note: the K alpha values sum to 1 per candidate (softmax), which mechanically induces some negative correlation even among genuinely independent experts.
=== Step 6: Load /Utilisateurs/pchau/workspace/confidence-aware/checkpoints/phase2_expert/camembert_experts.pt for parameter-level similarity ===
variant=camembert_experts num_experts=4
=== Step 7: Pairwise similarity between experts' LEARNED PARAMETERS (cosine) ===
      E0    E1    E2    E3
E0 1.000 0.068 0.128 0.098
E1 0.068 1.000 0.055 0.046
E2 0.128 0.055 1.000 0.120
E3 0.098 0.046 0.120 1.000
Saved /Utilisateurs/pchau/workspace/confidence-aware/figures/phase2_expert/expert_parameter_similarity.csv
Saved /Utilisateurs/pchau/workspace/confidence-aware/figures/phase2_expert/expert_parameter_similarity.png
Note: ~0 is the random-init baseline (independent high-dim random vectors are already near-orthogonal) -- values pulled toward 1.0 after training mean two experts converged to near-identical functions (wasted capacity), not that they specialize on the same candidates (that's what Step 5's alpha correlation measures).
=== Done ===
